2020-03-06T09:53:39.120+0700 INFO Starting CustomErrorControllerTest on OMS-PC-232 with PID 53492 (started by User in C:\Users\User\Documents\spring-boot-workspace\book-shop)
2020-03-06T09:53:39.123+0700 DEBUG Running with Spring Boot v2.2.4.RELEASE, Spring v5.2.3.RELEASE
2020-03-06T09:53:39.123+0700 INFO No active profile set, falling back to default profiles: default
2020-03-06T09:53:49.723+0700 INFO Started CustomErrorControllerTest in 10.922 seconds (JVM running for 13.4)
2020-03-06T09:56:24.581+0700 INFO Starting CustomErrorControllerTest on OMS-PC-232 with PID 31852 (started by User in C:\Users\User\Documents\spring-boot-workspace\book-shop)
2020-03-06T09:56:24.584+0700 DEBUG Running with Spring Boot v2.2.4.RELEASE, Spring v5.2.3.RELEASE
2020-03-06T09:56:24.585+0700 INFO No active profile set, falling back to default profiles: default
2020-03-06T09:56:34.462+0700 INFO Started CustomErrorControllerTest in 10.172 seconds (JVM running for 11.913)
2020-03-06T09:58:04.161+0700 INFO Starting StartBookApplication on OMS-PC-232 with PID 45756 (C:\Users\User\Documents\spring-boot-workspace\book-shop\target\classes started by User in C:\Users\User\Documents\spring-boot-workspace\book-shop)
2020-03-06T09:58:04.161+0700 DEBUG Running with Spring Boot v2.2.4.RELEASE, Spring v5.2.3.RELEASE
2020-03-06T09:58:04.162+0700 INFO No active profile set, falling back to default profiles: default
2020-03-06T09:58:05.411+0700 DEBUG Filter 'logAndSuppressRequestRejectedExceptionFilter' configured for use
2020-03-06T09:58:05.411+0700 DEBUG Filter 'jwtRequestFilter' configured for use
2020-03-06T09:58:05.921+0700 INFO Started StartBookApplication in 1.81 seconds (JVM running for 67369.653)
2020-03-06T09:58:13.673+0700 INFO Starting CustomErrorControllerTest on OMS-PC-232 with PID 71332 (started by User in C:\Users\User\Documents\spring-boot-workspace\book-shop)
2020-03-06T09:58:13.676+0700 DEBUG Running with Spring Boot v2.2.4.RELEASE, Spring v5.2.3.RELEASE
2020-03-06T09:58:13.676+0700 INFO No active profile set, falling back to default profiles: default
2020-03-06T09:58:23.051+0700 INFO Started CustomErrorControllerTest in 9.661 seconds (JVM running for 11.645)
2020-03-06T09:58:48.144+0700 INFO Starting CustomErrorControllerTest on OMS-PC-232 with PID 72412 (started by User in C:\Users\User\Documents\spring-boot-workspace\book-shop)
2020-03-06T09:58:48.159+0700 DEBUG Running with Spring Boot v2.2.4.RELEASE, Spring v5.2.3.RELEASE
2020-03-06T09:58:48.160+0700 INFO No active profile set, falling back to default profiles: default
2020-03-06T09:58:57.904+0700 INFO Started CustomErrorControllerTest in 10.062 seconds (JVM running for 11.86)
2020-03-06T10:14:31.360+0700 INFO Starting CustomErrorControllerTest on OMS-PC-232 with PID 71844 (started by User in C:\Users\User\Documents\spring-boot-workspace\book-shop)
2020-03-06T10:14:31.363+0700 DEBUG Running with Spring Boot v2.2.4.RELEASE, Spring v5.2.3.RELEASE
2020-03-06T10:14:31.364+0700 INFO No active profile set, falling back to default profiles: default
2020-03-06T10:14:42.364+0700 INFO Started CustomErrorControllerTest in 11.317 seconds (JVM running for 13.672)
2020-03-06T10:15:12.962+0700 INFO Starting CustomErrorControllerTest on OMS-PC-232 with PID 43860 (started by User in C:\Users\User\Documents\spring-boot-workspace\book-shop)
2020-03-06T10:15:12.965+0700 DEBUG Running with Spring Boot v2.2.4.RELEASE, Spring v5.2.3.RELEASE
2020-03-06T10:15:12.965+0700 INFO No active profile set, falling back to default profiles: default
2020-03-06T10:15:24.160+0700 INFO Started CustomErrorControllerTest in 11.53 seconds (JVM running for 13.579)
2020-03-06T10:32:37.113+0700 INFO Starting UserControllerTest on OMS-PC-232 with PID 22544 (started by User in C:\Users\User\Documents\spring-boot-workspace\book-shop)
2020-03-06T10:32:37.116+0700 DEBUG Running with Spring Boot v2.2.4.RELEASE, Spring v5.2.3.RELEASE
2020-03-06T10:32:37.117+0700 INFO No active profile set, falling back to default profiles: default
2020-03-06T10:32:58.203+0700 INFO Started UserControllerTest in 21.442 seconds (JVM running for 24.763)
2020-03-06T10:34:15.838+0700 INFO Starting UserControllerTest on OMS-PC-232 with PID 47504 (started by User in C:\Users\User\Documents\spring-boot-workspace\book-shop)
2020-03-06T10:34:15.844+0700 DEBUG Running with Spring Boot v2.2.4.RELEASE, Spring v5.2.3.RELEASE
2020-03-06T10:34:15.845+0700 INFO No active profile set, falling back to default profiles: default
2020-03-06T10:34:34.992+0700 INFO Started UserControllerTest in 19.644 seconds (JVM running for 22.464)
2020-03-06T10:36:23.914+0700 INFO Starting UserControllerTest on OMS-PC-232 with PID 30580 (started by User in C:\Users\User\Documents\spring-boot-workspace\book-shop)
2020-03-06T10:36:23.918+0700 DEBUG Running with Spring Boot v2.2.4.RELEASE, Spring v5.2.3.RELEASE
2020-03-06T10:36:23.918+0700 INFO No active profile set, falling back to default profiles: default
2020-03-06T10:36:42.491+0700 INFO Started UserControllerTest in 19.046 seconds (JVM running for 21.913)
2020-03-06T10:39:23.590+0700 INFO Starting StartBookApplication on OMS-PC-232 with PID 45756 (C:\Users\User\Documents\spring-boot-workspace\book-shop\target\classes started by User in C:\Users\User\Documents\spring-boot-workspace\book-shop)
2020-03-06T10:39:23.591+0700 DEBUG Running with Spring Boot v2.2.4.RELEASE, Spring v5.2.3.RELEASE
2020-03-06T10:39:23.591+0700 INFO No active profile set, falling back to default profiles: default
2020-03-06T10:39:25.345+0700 DEBUG Filter 'logAndSuppressRequestRejectedExceptionFilter' configured for use
2020-03-06T10:39:25.345+0700 DEBUG Filter 'jwtRequestFilter' configured for use
2020-03-06T10:39:25.897+0700 INFO Started StartBookApplication in 2.359 seconds (JVM running for 69849.628)
2020-03-06T10:39:53.035+0700 INFO Starting StartBookApplication on OMS-PC-232 with PID 45756 (C:\Users\User\Documents\spring-boot-workspace\book-shop\target\classes started by User in C:\Users\User\Documents\spring-boot-workspace\book-shop)
2020-03-06T10:39:53.036+0700 DEBUG Running with Spring Boot v2.2.4.RELEASE, Spring v5.2.3.RELEASE
2020-03-06T10:39:53.036+0700 INFO No active profile set, falling back to default profiles: default
2020-03-06T10:39:54.461+0700 DEBUG Filter 'logAndSuppressRequestRejectedExceptionFilter' configured for use
2020-03-06T10:39:54.461+0700 DEBUG Filter 'jwtRequestFilter' configured for use
2020-03-06T10:39:54.956+0700 INFO Started StartBookApplication in 1.958 seconds (JVM running for 69878.688)
2020-03-06T10:40:44.452+0700 INFO Starting StartBookApplication on OMS-PC-232 with PID 45756 (C:\Users\User\Documents\spring-boot-workspace\book-shop\target\classes started by User in C:\Users\User\Documents\spring-boot-workspace\book-shop)
2020-03-06T10:40:44.453+0700 DEBUG Running with Spring Boot v2.2.4.RELEASE, Spring v5.2.3.RELEASE
2020-03-06T10:40:44.453+0700 INFO No active profile set, falling back to default profiles: default
2020-03-06T10:40:45.621+0700 DEBUG Filter 'logAndSuppressRequestRejectedExceptionFilter' configured for use
2020-03-06T10:40:45.621+0700 DEBUG Filter 'jwtRequestFilter' configured for use
2020-03-06T10:40:46.213+0700 INFO Started StartBookApplication in 1.801 seconds (JVM running for 69929.945)
2020-03-06T10:41:23.123+0700 INFO Starting StartBookApplication on OMS-PC-232 with PID 45756 (C:\Users\User\Documents\spring-boot-workspace\book-shop\target\classes started by User in C:\Users\User\Documents\spring-boot-workspace\book-shop)
2020-03-06T10:41:23.124+0700 DEBUG Running with Spring Boot v2.2.4.RELEASE, Spring v5.2.3.RELEASE
2020-03-06T10:41:23.124+0700 INFO No active profile set, falling back to default profiles: default
2020-03-06T10:41:24.362+0700 DEBUG Filter 'logAndSuppressRequestRejectedExceptionFilter' configured for use
2020-03-06T10:41:24.362+0700 DEBUG Filter 'jwtRequestFilter' configured for use
2020-03-06T10:41:25.262+0700 INFO Started StartBookApplication in 2.173 seconds (JVM running for 69968.994)
2020-03-06T10:41:37.542+0700 INFO Starting StartBookApplication on OMS-PC-232 with PID 45756 (C:\Users\User\Documents\spring-boot-workspace\book-shop\target\classes started by User in C:\Users\User\Documents\spring-boot-workspace\book-shop)
2020-03-06T10:41:37.543+0700 DEBUG Running with Spring Boot v2.2.4.RELEASE, Spring v5.2.3.RELEASE
2020-03-06T10:41:37.543+0700 INFO No active profile set, falling back to default profiles: default
2020-03-06T10:41:39.361+0700 DEBUG Filter 'logAndSuppressRequestRejectedExceptionFilter' configured for use
2020-03-06T10:41:39.361+0700 DEBUG Filter 'jwtRequestFilter' configured for use
2020-03-06T10:41:39.914+0700 INFO Started StartBookApplication in 2.411 seconds (JVM running for 69983.646)
2020-03-06T10:50:47.360+0700 INFO Starting StartBookApplication on OMS-PC-232 with PID 45756 (C:\Users\User\Documents\spring-boot-workspace\book-shop\target\classes started by User in C:\Users\User\Documents\spring-boot-workspace\book-shop)
2020-03-06T10:50:47.361+0700 DEBUG Running with Spring Boot v2.2.4.RELEASE, Spring v5.2.3.RELEASE
2020-03-06T10:50:47.361+0700 INFO No active profile set, falling back to default profiles: default
2020-03-06T10:50:49.524+0700 DEBUG Filter 'logAndSuppressRequestRejectedExceptionFilter' configured for use
2020-03-06T10:50:49.524+0700 DEBUG Filter 'jwtRequestFilter' configured for use
2020-03-06T10:50:50.825+0700 INFO Started StartBookApplication in 3.533 seconds (JVM running for 70534.557)
2020-03-06T11:17:09.530+0700 INFO Starting UserControllerTest on OMS-PC-232 with PID 58416 (started by User in C:\Users\User\Documents\spring-boot-workspace\book-shop)
2020-03-06T11:17:09.534+0700 DEBUG Running with Spring Boot v2.2.4.RELEASE, Spring v5.2.3.RELEASE
2020-03-06T11:17:09.534+0700 INFO No active profile set, falling back to default profiles: default
2020-03-06T11:17:18.684+0700 INFO Started UserControllerTest in 9.5 seconds (JVM running for 12.044)
2020-03-06T11:19:20.702+0700 INFO Starting UserControllerTest on OMS-PC-232 with PID 45100 (started by User in C:\Users\User\Documents\spring-boot-workspace\book-shop)
2020-03-06T11:19:20.706+0700 DEBUG Running with Spring Boot v2.2.4.RELEASE, Spring v5.2.3.RELEASE
2020-03-06T11:19:20.706+0700 INFO No active profile set, falling back to default profiles: default
2020-03-06T11:19:31.280+0700 INFO Started UserControllerTest in 10.934 seconds (JVM running for 13.352)
2020-03-06T11:22:09.273+0700 INFO Starting UserControllerTest on OMS-PC-232 with PID 65752 (started by User in C:\Users\User\Documents\spring-boot-workspace\book-shop)
2020-03-06T11:22:09.276+0700 DEBUG Running with Spring Boot v2.2.4.RELEASE, Spring v5.2.3.RELEASE
2020-03-06T11:22:09.277+0700 INFO No active profile set, falling back to default profiles: default
2020-03-06T11:22:18.729+0700 INFO Started UserControllerTest in 9.844 seconds (JVM running for 11.731)
2020-03-06T11:23:28.107+0700 INFO Starting UserControllerTest on OMS-PC-232 with PID 1484 (started by User in C:\Users\User\Documents\spring-boot-workspace\book-shop)
2020-03-06T11:23:28.112+0700 DEBUG Running with Spring Boot v2.2.4.RELEASE, Spring v5.2.3.RELEASE
2020-03-06T11:23:28.112+0700 INFO No active profile set, falling back to default profiles: default
2020-03-06T11:23:38.019+0700 INFO Started UserControllerTest in 10.265 seconds (JVM running for 12.171)
2020-03-06T11:28:49.052+0700 INFO Starting StartBookApplication on OMS-PC-232 with PID 45756 (C:\Users\User\Documents\spring-boot-workspace\book-shop\target\classes started by User in C:\Users\User\Documents\spring-boot-workspace\book-shop)
2020-03-06T11:28:49.052+0700 DEBUG Running with Spring Boot v2.2.4.RELEASE, Spring v5.2.3.RELEASE
2020-03-06T11:28:49.053+0700 INFO No active profile set, falling back to default profiles: default
2020-03-06T11:28:50.323+0700 DEBUG Filter 'logAndSuppressRequestRejectedExceptionFilter' configured for use
2020-03-06T11:28:50.323+0700 DEBUG Filter 'jwtRequestFilter' configured for use
2020-03-06T11:28:50.794+0700 INFO Started StartBookApplication in 1.788 seconds (JVM running for 72814.526)
2020-03-06T11:29:04.074+0700 INFO Starting StartBookApplication on OMS-PC-232 with PID 45756 (C:\Users\User\Documents\spring-boot-workspace\book-shop\target\classes started by User in C:\Users\User\Documents\spring-boot-workspace\book-shop)
2020-03-06T11:29:04.075+0700 DEBUG Running with Spring Boot v2.2.4.RELEASE, Spring v5.2.3.RELEASE
2020-03-06T11:29:04.075+0700 INFO No active profile set, falling back to default profiles: default
2020-03-06T11:29:05.079+0700 DEBUG Filter 'logAndSuppressRequestRejectedExceptionFilter' configured for use
2020-03-06T11:29:05.079+0700 DEBUG Filter 'jwtRequestFilter' configured for use
2020-03-06T11:29:05.502+0700 INFO Started StartBookApplication in 1.47 seconds (JVM running for 72829.234)
2020-03-06T11:29:10.398+0700 INFO Starting StartBookApplication on OMS-PC-232 with PID 45756 (C:\Users\User\Documents\spring-boot-workspace\book-shop\target\classes started by User in C:\Users\User\Documents\spring-boot-workspace\book-shop)
2020-03-06T11:29:10.398+0700 DEBUG Running with Spring Boot v2.2.4.RELEASE, Spring v5.2.3.RELEASE
2020-03-06T11:29:10.398+0700 INFO No active profile set, falling back to default profiles: default
2020-03-06T11:29:11.384+0700 DEBUG Filter 'logAndSuppressRequestRejectedExceptionFilter' configured for use
2020-03-06T11:29:11.384+0700 DEBUG Filter 'jwtRequestFilter' configured for use
2020-03-06T11:29:11.827+0700 INFO Started StartBookApplication in 1.462 seconds (JVM running for 72835.559)
2020-03-06T11:29:16.722+0700 INFO Starting StartBookApplication on OMS-PC-232 with PID 45756 (C:\Users\User\Documents\spring-boot-workspace\book-shop\target\classes started by User in C:\Users\User\Documents\spring-boot-workspace\book-shop)
2020-03-06T11:29:16.722+0700 DEBUG Running with Spring Boot v2.2.4.RELEASE, Spring v5.2.3.RELEASE
2020-03-06T11:29:16.723+0700 INFO No active profile set, falling back to default profiles: default
2020-03-06T11:29:17.644+0700 DEBUG Filter 'logAndSuppressRequestRejectedExceptionFilter' configured for use
2020-03-06T11:29:17.644+0700 DEBUG Filter 'jwtRequestFilter' configured for use
2020-03-06T11:29:18.099+0700 INFO Started StartBookApplication in 1.41 seconds (JVM running for 72841.831)
2020-03-06T11:29:47.942+0700 INFO Starting StartBookApplication on OMS-PC-232 with PID 45756 (C:\Users\User\Documents\spring-boot-workspace\book-shop\target\classes started by User in C:\Users\User\Documents\spring-boot-workspace\book-shop)
2020-03-06T11:29:47.942+0700 DEBUG Running with Spring Boot v2.2.4.RELEASE, Spring v5.2.3.RELEASE
2020-03-06T11:29:47.943+0700 INFO No active profile set, falling back to default profiles: default
2020-03-06T11:29:48.973+0700 DEBUG Filter 'logAndSuppressRequestRejectedExceptionFilter' configured for use
2020-03-06T11:29:48.973+0700 DEBUG Filter 'jwtRequestFilter' configured for use
2020-03-06T11:29:49.436+0700 INFO Started StartBookApplication in 1.53 seconds (JVM running for 72873.168)
2020-03-06T11:33:58.935+0700 INFO Starting StartBookApplication on OMS-PC-232 with PID 45756 (C:\Users\User\Documents\spring-boot-workspace\book-shop\target\classes started by User in C:\Users\User\Documents\spring-boot-workspace\book-shop)
2020-03-06T11:33:58.936+0700 DEBUG Running with Spring Boot v2.2.4.RELEASE, Spring v5.2.3.RELEASE
2020-03-06T11:33:58.936+0700 INFO No active profile set, falling back to default profiles: default
2020-03-06T11:34:00.054+0700 DEBUG Filter 'logAndSuppressRequestRejectedExceptionFilter' configured for use
2020-03-06T11:34:00.054+0700 DEBUG Filter 'jwtRequestFilter' configured for use
2020-03-06T11:34:00.721+0700 INFO Started StartBookApplication in 1.823 seconds (JVM running for 73124.453)
2020-03-06T11:34:05.600+0700 INFO Starting StartBookApplication on OMS-PC-232 with PID 45756 (C:\Users\User\Documents\spring-boot-workspace\book-shop\target\classes started by User in C:\Users\User\Documents\spring-boot-workspace\book-shop)
2020-03-06T11:34:05.601+0700 DEBUG Running with Spring Boot v2.2.4.RELEASE, Spring v5.2.3.RELEASE
2020-03-06T11:34:05.601+0700 INFO No active profile set, falling back to default profiles: default
2020-03-06T11:34:06.725+0700 DEBUG Filter 'logAndSuppressRequestRejectedExceptionFilter' configured for use
2020-03-06T11:34:06.725+0700 DEBUG Filter 'jwtRequestFilter' configured for use
2020-03-06T11:34:07.297+0700 INFO Started StartBookApplication in 1.729 seconds (JVM running for 73131.029)
2020-03-06T11:43:14.977+0700 INFO Starting StartBookApplication on OMS-PC-232 with PID 45756 (C:\Users\User\Documents\spring-boot-workspace\book-shop\target\classes started by User in C:\Users\User\Documents\spring-boot-workspace\book-shop)
2020-03-06T11:43:14.977+0700 DEBUG Running with Spring Boot v2.2.4.RELEASE, Spring v5.2.3.RELEASE
2020-03-06T11:43:14.978+0700 INFO No active profile set, falling back to default profiles: default
2020-03-06T11:43:16.020+0700 DEBUG Filter 'logAndSuppressRequestRejectedExceptionFilter' configured for use
2020-03-06T11:43:16.020+0700 DEBUG Filter 'jwtRequestFilter' configured for use
2020-03-06T11:43:16.558+0700 INFO Started StartBookApplication in 1.614 seconds (JVM running for 73680.289)
2020-03-06T11:43:30.787+0700 INFO Starting StartBookApplication on OMS-PC-232 with PID 45756 (C:\Users\User\Documents\spring-boot-workspace\book-shop\target\classes started by User in C:\Users\User\Documents\spring-boot-workspace\book-shop)
2020-03-06T11:43:30.788+0700 DEBUG Running with Spring Boot v2.2.4.RELEASE, Spring v5.2.3.RELEASE
2020-03-06T11:43:30.788+0700 INFO No active profile set, falling back to default profiles: default
2020-03-06T11:43:31.935+0700 DEBUG Filter 'logAndSuppressRequestRejectedExceptionFilter' configured for use
2020-03-06T11:43:31.935+0700 DEBUG Filter 'jwtRequestFilter' configured for use
2020-03-06T11:43:32.944+0700 INFO Started StartBookApplication in 2.198 seconds (JVM running for 73696.675)
2020-03-06T11:43:34.841+0700 INFO Starting StartBookApplication on OMS-PC-232 with PID 45756 (C:\Users\User\Documents\spring-boot-workspace\book-shop\target\classes started by User in C:\Users\User\Documents\spring-boot-workspace\book-shop)
2020-03-06T11:43:34.841+0700 DEBUG Running with Spring Boot v2.2.4.RELEASE, Spring v5.2.3.RELEASE
2020-03-06T11:43:34.841+0700 INFO No active profile set, falling back to default profiles: default
2020-03-06T11:43:35.997+0700 DEBUG Filter 'logAndSuppressRequestRejectedExceptionFilter' configured for use
2020-03-06T11:43:35.997+0700 DEBUG Filter 'jwtRequestFilter' configured for use
2020-03-06T11:43:36.519+0700 INFO Started StartBookApplication in 1.71 seconds (JVM running for 73700.251)
2020-03-06T11:43:58.750+0700 INFO Starting UserControllerTest on OMS-PC-232 with PID 66184 (started by User in C:\Users\User\Documents\spring-boot-workspace\book-shop)
2020-03-06T11:43:58.753+0700 DEBUG Running with Spring Boot v2.2.4.RELEASE, Spring v5.2.3.RELEASE
2020-03-06T11:43:58.753+0700 INFO No active profile set, falling back to default profiles: default
2020-03-06T11:44:10.577+0700 INFO Started UserControllerTest in 12.112 seconds (JVM running for 14.242)
2020-03-06T11:45:04.893+0700 WARN JWT Token has expired
2020-03-06T11:45:13.056+0700 WARN JWT Token has expired
2020-03-06T11:45:23.505+0700 WARN JWT Token has expired
2020-03-06T11:45:48.024+0700 WARN JWT Token does not begin with Bearer String
2020-03-06T13:12:59.218+0700 INFO Starting StartBookApplication on OMS-PC-232 with PID 45756 (C:\Users\User\Documents\spring-boot-workspace\book-shop\target\classes started by User in C:\Users\User\Documents\spring-boot-workspace\book-shop)
2020-03-06T13:12:59.219+0700 DEBUG Running with Spring Boot v2.2.4.RELEASE, Spring v5.2.3.RELEASE
2020-03-06T13:12:59.219+0700 INFO No active profile set, falling back to default profiles: default
2020-03-06T13:13:00.675+0700 DEBUG Filter 'logAndSuppressRequestRejectedExceptionFilter' configured for use
2020-03-06T13:13:00.675+0700 DEBUG Filter 'jwtRequestFilter' configured for use
2020-03-06T13:13:01.124+0700 INFO Started StartBookApplication in 1.954 seconds (JVM running for 79065.172)
2020-03-06T13:13:42.580+0700 INFO Starting StartBookApplication on OMS-PC-232 with PID 45756 (C:\Users\User\Documents\spring-boot-workspace\book-shop\target\classes started by User in C:\Users\User\Documents\spring-boot-workspace\book-shop)
2020-03-06T13:13:42.581+0700 DEBUG Running with Spring Boot v2.2.4.RELEASE, Spring v5.2.3.RELEASE
2020-03-06T13:13:42.581+0700 INFO No active profile set, falling back to default profiles: default
2020-03-06T13:13:43.613+0700 DEBUG Filter 'logAndSuppressRequestRejectedExceptionFilter' configured for use
2020-03-06T13:13:43.613+0700 DEBUG Filter 'jwtRequestFilter' configured for use
2020-03-06T13:13:44.024+0700 INFO Started StartBookApplication in 1.479 seconds (JVM running for 79108.072)
2020-03-06T13:13:47.921+0700 INFO Starting StartBookApplication on OMS-PC-232 with PID 45756 (C:\Users\User\Documents\spring-boot-workspace\book-shop\target\classes started by User in C:\Users\User\Documents\spring-boot-workspace\book-shop)
2020-03-06T13:13:47.922+0700 DEBUG Running with Spring Boot v2.2.4.RELEASE, Spring v5.2.3.RELEASE
2020-03-06T13:13:47.922+0700 INFO No active profile set, falling back to default profiles: default
2020-03-06T13:13:48.893+0700 DEBUG Filter 'logAndSuppressRequestRejectedExceptionFilter' configured for use
2020-03-06T13:13:48.893+0700 DEBUG Filter 'jwtRequestFilter' configured for use
2020-03-06T13:13:49.370+0700 INFO Started StartBookApplication in 1.482 seconds (JVM running for 79113.417)
2020-03-06T13:19:38.617+0700 INFO Starting StartBookApplication on OMS-PC-232 with PID 45756 (C:\Users\User\Documents\spring-boot-workspace\book-shop\target\classes started by User in C:\Users\User\Documents\spring-boot-workspace\book-shop)
2020-03-06T13:19:38.618+0700 DEBUG Running with Spring Boot v2.2.4.RELEASE, Spring v5.2.3.RELEASE
2020-03-06T13:19:38.618+0700 INFO No active profile set, falling back to default profiles: default
2020-03-06T13:19:39.759+0700 DEBUG Filter 'logAndSuppressRequestRejectedExceptionFilter' configured for use
2020-03-06T13:19:39.759+0700 DEBUG Filter 'jwtRequestFilter' configured for use
2020-03-06T13:19:40.194+0700 INFO Started StartBookApplication in 1.627 seconds (JVM running for 79464.242)
2020-03-06T13:19:43.134+0700 INFO Starting StartBookApplication on OMS-PC-232 with PID 45756 (C:\Users\User\Documents\spring-boot-workspace\book-shop\target\classes started by User in C:\Users\User\Documents\spring-boot-workspace\book-shop)
2020-03-06T13:19:43.135+0700 DEBUG Running with Spring Boot v2.2.4.RELEASE, Spring v5.2.3.RELEASE
2020-03-06T13:19:43.135+0700 INFO No active profile set, falling back to default profiles: default
2020-03-06T13:19:44.080+0700 DEBUG Filter 'logAndSuppressRequestRejectedExceptionFilter' configured for use
2020-03-06T13:19:44.080+0700 DEBUG Filter 'jwtRequestFilter' configured for use
2020-03-06T13:19:44.538+0700 INFO Started StartBookApplication in 1.437 seconds (JVM running for 79468.586)
2020-03-06T13:22:18.682+0700 INFO Starting StartBookApplication on OMS-PC-232 with PID 45756 (C:\Users\User\Documents\spring-boot-workspace\book-shop\target\classes started by User in C:\Users\User\Documents\spring-boot-workspace\book-shop)
2020-03-06T13:22:18.683+0700 DEBUG Running with Spring Boot v2.2.4.RELEASE, Spring v5.2.3.RELEASE
2020-03-06T13:22:18.683+0700 INFO No active profile set, falling back to default profiles: default
2020-03-06T13:22:19.767+0700 DEBUG Filter 'logAndSuppressRequestRejectedExceptionFilter' configured for use
2020-03-06T13:22:19.767+0700 DEBUG Filter 'jwtRequestFilter' configured for use
2020-03-06T13:22:20.256+0700 INFO Started StartBookApplication in 1.609 seconds (JVM running for 79624.304)
2020-03-06T13:26:30.711+0700 INFO Starting StartBookApplication on OMS-PC-232 with PID 45756 (C:\Users\User\Documents\spring-boot-workspace\book-shop\target\classes started by User in C:\Users\User\Documents\spring-boot-workspace\book-shop)
2020-03-06T13:26:30.712+0700 DEBUG Running with Spring Boot v2.2.4.RELEASE, Spring v5.2.3.RELEASE
2020-03-06T13:26:30.712+0700 INFO No active profile set, falling back to default profiles: default
2020-03-06T13:26:31.670+0700 DEBUG Filter 'logAndSuppressRequestRejectedExceptionFilter' configured for use
2020-03-06T13:26:31.670+0700 DEBUG Filter 'jwtRequestFilter' configured for use
2020-03-06T13:26:32.128+0700 INFO Started StartBookApplication in 1.452 seconds (JVM running for 79876.176)
2020-03-06T13:28:11.944+0700 INFO Starting StartBookApplication on OMS-PC-232 with PID 45756 (C:\Users\User\Documents\spring-boot-workspace\book-shop\target\classes started by User in C:\Users\User\Documents\spring-boot-workspace\book-shop)
2020-03-06T13:28:11.945+0700 DEBUG Running with Spring Boot v2.2.4.RELEASE, Spring v5.2.3.RELEASE
2020-03-06T13:28:11.945+0700 INFO No active profile set, falling back to default profiles: default
2020-03-06T13:28:13.039+0700 DEBUG Filter 'logAndSuppressRequestRejectedExceptionFilter' configured for use
2020-03-06T13:28:13.039+0700 DEBUG Filter 'jwtRequestFilter' configured for use
2020-03-06T13:28:13.514+0700 INFO Started StartBookApplication in 1.61 seconds (JVM running for 79977.562)
2020-03-06T13:28:50.902+0700 INFO Starting StartBookApplication on OMS-PC-232 with PID 45756 (C:\Users\User\Documents\spring-boot-workspace\book-shop\target\classes started by User in C:\Users\User\Documents\spring-boot-workspace\book-shop)
2020-03-06T13:28:50.903+0700 DEBUG Running with Spring Boot v2.2.4.RELEASE, Spring v5.2.3.RELEASE
2020-03-06T13:28:50.903+0700 INFO No active profile set, falling back to default profiles: default
2020-03-06T13:28:51.992+0700 DEBUG Filter 'logAndSuppressRequestRejectedExceptionFilter' configured for use
2020-03-06T13:28:51.993+0700 DEBUG Filter 'jwtRequestFilter' configured for use
2020-03-06T13:28:52.448+0700 INFO Started StartBookApplication in 1.58 seconds (JVM running for 80016.495)
2020-03-06T13:29:09.343+0700 INFO Starting StartBookApplication on OMS-PC-232 with PID 45756 (C:\Users\User\Documents\spring-boot-workspace\book-shop\target\classes started by User in C:\Users\User\Documents\spring-boot-workspace\book-shop)
2020-03-06T13:29:09.343+0700 DEBUG Running with Spring Boot v2.2.4.RELEASE, Spring v5.2.3.RELEASE
2020-03-06T13:29:09.344+0700 INFO No active profile set, falling back to default profiles: default
2020-03-06T13:29:10.655+0700 DEBUG Filter 'logAndSuppressRequestRejectedExceptionFilter' configured for use
2020-03-06T13:29:10.655+0700 DEBUG Filter 'jwtRequestFilter' configured for use
2020-03-06T13:29:11.140+0700 INFO Started StartBookApplication in 1.831 seconds (JVM running for 80035.188)
2020-03-06T13:30:15.372+0700 INFO Starting StartBookApplication on OMS-PC-232 with PID 45756 (C:\Users\User\Documents\spring-boot-workspace\book-shop\target\classes started by User in C:\Users\User\Documents\spring-boot-workspace\book-shop)
2020-03-06T13:30:15.373+0700 DEBUG Running with Spring Boot v2.2.4.RELEASE, Spring v5.2.3.RELEASE
2020-03-06T13:30:15.373+0700 INFO No active profile set, falling back to default profiles: default
2020-03-06T13:30:16.473+0700 DEBUG Filter 'logAndSuppressRequestRejectedExceptionFilter' configured for use
2020-03-06T13:30:16.473+0700 DEBUG Filter 'jwtRequestFilter' configured for use
2020-03-06T13:30:16.954+0700 INFO Started StartBookApplication in 1.616 seconds (JVM running for 80101.001)
2020-03-06T13:33:04.456+0700 INFO Starting StartBookApplication on OMS-PC-232 with PID 45756 (C:\Users\User\Documents\spring-boot-workspace\book-shop\target\classes started by User in C:\Users\User\Documents\spring-boot-workspace\book-shop)
2020-03-06T13:33:04.457+0700 DEBUG Running with Spring Boot v2.2.4.RELEASE, Spring v5.2.3.RELEASE
2020-03-06T13:33:04.457+0700 INFO No active profile set, falling back to default profiles: default
2020-03-06T13:33:05.638+0700 DEBUG Filter 'logAndSuppressRequestRejectedExceptionFilter' configured for use
2020-03-06T13:33:05.638+0700 DEBUG Filter 'jwtRequestFilter' configured for use
2020-03-06T13:33:06.097+0700 INFO Started StartBookApplication in 1.679 seconds (JVM running for 80270.145)
2020-03-06T13:33:58.846+0700 INFO Starting StartBookApplication on OMS-PC-232 with PID 45756 (C:\Users\User\Documents\spring-boot-workspace\book-shop\target\classes started by User in C:\Users\User\Documents\spring-boot-workspace\book-shop)
2020-03-06T13:33:58.847+0700 DEBUG Running with Spring Boot v2.2.4.RELEASE, Spring v5.2.3.RELEASE
2020-03-06T13:33:58.847+0700 INFO No active profile set, falling back to default profiles: default
2020-03-06T13:34:00.080+0700 DEBUG Filter 'logAndSuppressRequestRejectedExceptionFilter' configured for use
2020-03-06T13:34:00.080+0700 DEBUG Filter 'jwtRequestFilter' configured for use
2020-03-06T13:34:00.510+0700 INFO Started StartBookApplication in 1.697 seconds (JVM running for 80324.557)
2020-03-06T13:36:03.121+0700 INFO Starting StartBookApplication on OMS-PC-232 with PID 45756 (C:\Users\User\Documents\spring-boot-workspace\book-shop\target\classes started by User in C:\Users\User\Documents\spring-boot-workspace\book-shop)
2020-03-06T13:36:03.122+0700 DEBUG Running with Spring Boot v2.2.4.RELEASE, Spring v5.2.3.RELEASE
2020-03-06T13:36:03.122+0700 INFO No active profile set, falling back to default profiles: default
2020-03-06T13:36:04.274+0700 DEBUG Filter 'logAndSuppressRequestRejectedExceptionFilter' configured for use
2020-03-06T13:36:04.274+0700 DEBUG Filter 'jwtRequestFilter' configured for use
2020-03-06T13:36:04.729+0700 INFO Started StartBookApplication in 1.645 seconds (JVM running for 80448.777)
2020-03-06T13:37:43.226+0700 INFO Starting StartBookApplication on OMS-PC-232 with PID 45756 (C:\Users\User\Documents\spring-boot-workspace\book-shop\target\classes started by User in C:\Users\User\Documents\spring-boot-workspace\book-shop)
2020-03-06T13:37:43.227+0700 DEBUG Running with Spring Boot v2.2.4.RELEASE, Spring v5.2.3.RELEASE
2020-03-06T13:37:43.227+0700 INFO No active profile set, falling back to default profiles: default
2020-03-06T13:37:44.244+0700 DEBUG Filter 'logAndSuppressRequestRejectedExceptionFilter' configured for use
2020-03-06T13:37:44.244+0700 DEBUG Filter 'jwtRequestFilter' configured for use
2020-03-06T13:37:44.732+0700 INFO Started StartBookApplication in 1.537 seconds (JVM running for 80548.78)
2020-03-06T13:38:18.955+0700 WARN JWT Token does not begin with Bearer String
2020-03-06T13:38:18.988+0700 WARN JWT Token does not begin with Bearer String
2020-03-06T13:46:45.245+0700 INFO Starting StartBookApplication on OMS-PC-232 with PID 45756 (C:\Users\User\Documents\spring-boot-workspace\book-shop\target\classes started by User in C:\Users\User\Documents\spring-boot-workspace\book-shop)
2020-03-06T13:46:45.246+0700 DEBUG Running with Spring Boot v2.2.4.RELEASE, Spring v5.2.3.RELEASE
2020-03-06T13:46:45.246+0700 INFO No active profile set, falling back to default profiles: default
2020-03-06T13:46:46.470+0700 DEBUG Filter 'logAndSuppressRequestRejectedExceptionFilter' configured for use
2020-03-06T13:46:46.470+0700 DEBUG Filter 'jwtRequestFilter' configured for use
2020-03-06T13:46:47.074+0700 INFO Started StartBookApplication in 1.87 seconds (JVM running for 81091.122)
2020-03-06T13:48:03.422+0700 INFO Starting StartBookApplication on OMS-PC-232 with PID 45756 (C:\Users\User\Documents\spring-boot-workspace\book-shop\target\classes started by User in C:\Users\User\Documents\spring-boot-workspace\book-shop)
2020-03-06T13:48:03.423+0700 DEBUG Running with Spring Boot v2.2.4.RELEASE, Spring v5.2.3.RELEASE
2020-03-06T13:48:03.423+0700 INFO No active profile set, falling back to default profiles: default
2020-03-06T13:48:04.464+0700 DEBUG Filter 'logAndSuppressRequestRejectedExceptionFilter' configured for use
2020-03-06T13:48:04.464+0700 DEBUG Filter 'jwtRequestFilter' configured for use
2020-03-06T13:48:04.887+0700 INFO Started StartBookApplication in 1.502 seconds (JVM running for 81168.935)
2020-03-06T13:51:11.535+0700 INFO Starting StartBookApplication on OMS-PC-232 with PID 45756 (C:\Users\User\Documents\spring-boot-workspace\book-shop\target\classes started by User in C:\Users\User\Documents\spring-boot-workspace\book-shop)
2020-03-06T13:51:11.536+0700 DEBUG Running with Spring Boot v2.2.4.RELEASE, Spring v5.2.3.RELEASE
2020-03-06T13:51:11.536+0700 INFO No active profile set, falling back to default profiles: default
2020-03-06T13:51:12.534+0700 DEBUG Filter 'logAndSuppressRequestRejectedExceptionFilter' configured for use
2020-03-06T13:51:12.535+0700 DEBUG Filter 'jwtRequestFilter' configured for use
2020-03-06T13:51:13.130+0700 INFO Started StartBookApplication in 1.637 seconds (JVM running for 81357.178)
2020-03-06T13:51:44.023+0700 INFO Starting StartBookApplication on OMS-PC-232 with PID 45756 (C:\Users\User\Documents\spring-boot-workspace\book-shop\target\classes started by User in C:\Users\User\Documents\spring-boot-workspace\book-shop)
2020-03-06T13:51:44.024+0700 DEBUG Running with Spring Boot v2.2.4.RELEASE, Spring v5.2.3.RELEASE
2020-03-06T13:51:44.024+0700 INFO No active profile set, falling back to default profiles: default
2020-03-06T13:51:45.599+0700 DEBUG Filter 'logAndSuppressRequestRejectedExceptionFilter' configured for use
2020-03-06T13:51:45.599+0700 DEBUG Filter 'jwtRequestFilter' configured for use
2020-03-06T13:51:46.020+0700 INFO Started StartBookApplication in 2.032 seconds (JVM running for 81390.068)
2020-03-06T13:52:04.560+0700 INFO Starting StartBookApplication on OMS-PC-232 with PID 45756 (C:\Users\User\Documents\spring-boot-workspace\book-shop\target\classes started by User in C:\Users\User\Documents\spring-boot-workspace\book-shop)
2020-03-06T13:52:04.561+0700 DEBUG Running with Spring Boot v2.2.4.RELEASE, Spring v5.2.3.RELEASE
2020-03-06T13:52:04.561+0700 INFO No active profile set, falling back to default profiles: default
2020-03-06T13:52:05.617+0700 DEBUG Filter 'logAndSuppressRequestRejectedExceptionFilter' configured for use
2020-03-06T13:52:05.617+0700 DEBUG Filter 'jwtRequestFilter' configured for use
2020-03-06T13:52:06.089+0700 INFO Started StartBookApplication in 1.561 seconds (JVM running for 81410.137)
2020-03-06T13:52:18.310+0700 INFO Starting StartBookApplication on OMS-PC-232 with PID 45756 (C:\Users\User\Documents\spring-boot-workspace\book-shop\target\classes started by User in C:\Users\User\Documents\spring-boot-workspace\book-shop)
2020-03-06T13:52:18.311+0700 DEBUG Running with Spring Boot v2.2.4.RELEASE, Spring v5.2.3.RELEASE
2020-03-06T13:52:18.311+0700 INFO No active profile set, falling back to default profiles: default
2020-03-06T13:52:19.516+0700 DEBUG Filter 'logAndSuppressRequestRejectedExceptionFilter' configured for use
2020-03-06T13:52:19.517+0700 DEBUG Filter 'jwtRequestFilter' configured for use
2020-03-06T13:52:20.258+0700 INFO Started StartBookApplication in 1.98 seconds (JVM running for 81424.306)
2020-03-06T13:53:24.424+0700 INFO Starting StartBookApplication on OMS-PC-232 with PID 45756 (C:\Users\User\Documents\spring-boot-workspace\book-shop\target\classes started by User in C:\Users\User\Documents\spring-boot-workspace\book-shop)
2020-03-06T13:53:24.425+0700 DEBUG Running with Spring Boot v2.2.4.RELEASE, Spring v5.2.3.RELEASE
2020-03-06T13:53:24.425+0700 INFO No active profile set, falling back to default profiles: default
2020-03-06T13:53:25.366+0700 DEBUG Filter 'logAndSuppressRequestRejectedExceptionFilter' configured for use
2020-03-06T13:53:25.366+0700 DEBUG Filter 'jwtRequestFilter' configured for use
2020-03-06T13:53:25.826+0700 INFO Started StartBookApplication in 1.433 seconds (JVM running for 81489.874)
2020-03-06T13:53:41.227+0700 INFO Starting StartBookApplication on OMS-PC-232 with PID 45756 (C:\Users\User\Documents\spring-boot-workspace\book-shop\target\classes started by User in C:\Users\User\Documents\spring-boot-workspace\book-shop)
2020-03-06T13:53:41.228+0700 DEBUG Running with Spring Boot v2.2.4.RELEASE, Spring v5.2.3.RELEASE
2020-03-06T13:53:41.228+0700 INFO No active profile set, falling back to default profiles: default
2020-03-06T13:53:42.596+0700 DEBUG Filter 'logAndSuppressRequestRejectedExceptionFilter' configured for use
2020-03-06T13:53:42.597+0700 DEBUG Filter 'jwtRequestFilter' configured for use
2020-03-06T13:53:43.084+0700 INFO Started StartBookApplication in 1.891 seconds (JVM running for 81507.132)
2020-03-06T13:53:56.327+0700 INFO Starting StartBookApplication on OMS-PC-232 with PID 45756 (C:\Users\User\Documents\spring-boot-workspace\book-shop\target\classes started by User in C:\Users\User\Documents\spring-boot-workspace\book-shop)
2020-03-06T13:53:56.328+0700 DEBUG Running with Spring Boot v2.2.4.RELEASE, Spring v5.2.3.RELEASE
2020-03-06T13:53:56.328+0700 INFO No active profile set, falling back to default profiles: default
2020-03-06T13:53:57.583+0700 DEBUG Filter 'logAndSuppressRequestRejectedExceptionFilter' configured for use
2020-03-06T13:53:57.583+0700 DEBUG Filter 'jwtRequestFilter' configured for use
2020-03-06T13:53:58.138+0700 INFO Started StartBookApplication in 1.842 seconds (JVM running for 81522.185)
2020-03-06T13:54:19.620+0700 INFO Starting StartBookApplication on OMS-PC-232 with PID 45756 (C:\Users\User\Documents\spring-boot-workspace\book-shop\target\classes started by User in C:\Users\User\Documents\spring-boot-workspace\book-shop)
2020-03-06T13:54:19.621+0700 DEBUG Running with Spring Boot v2.2.4.RELEASE, Spring v5.2.3.RELEASE
2020-03-06T13:54:19.621+0700 INFO No active profile set, falling back to default profiles: default
2020-03-06T13:54:20.840+0700 DEBUG Filter 'logAndSuppressRequestRejectedExceptionFilter' configured for use
2020-03-06T13:54:20.840+0700 DEBUG Filter 'jwtRequestFilter' configured for use
2020-03-06T13:54:21.285+0700 INFO Started StartBookApplication in 1.702 seconds (JVM running for 81545.334)
2020-03-06T13:56:50.449+0700 INFO Starting StartBookApplication on OMS-PC-232 with PID 45756 (C:\Users\User\Documents\spring-boot-workspace\book-shop\target\classes started by User in C:\Users\User\Documents\spring-boot-workspace\book-shop)
2020-03-06T13:56:50.450+0700 DEBUG Running with Spring Boot v2.2.4.RELEASE, Spring v5.2.3.RELEASE
2020-03-06T13:56:50.450+0700 INFO No active profile set, falling back to default profiles: default
2020-03-06T13:56:51.501+0700 DEBUG Filter 'logAndSuppressRequestRejectedExceptionFilter' configured for use
2020-03-06T13:56:51.502+0700 DEBUG Filter 'jwtRequestFilter' configured for use
2020-03-06T13:56:52.037+0700 INFO Started StartBookApplication in 1.621 seconds (JVM running for 81696.085)
2020-03-06T13:57:16.534+0700 INFO Starting StartBookApplication on OMS-PC-232 with PID 45756 (C:\Users\User\Documents\spring-boot-workspace\book-shop\target\classes started by User in C:\Users\User\Documents\spring-boot-workspace\book-shop)
2020-03-06T13:57:16.535+0700 DEBUG Running with Spring Boot v2.2.4.RELEASE, Spring v5.2.3.RELEASE
2020-03-06T13:57:16.535+0700 INFO No active profile set, falling back to default profiles: default
2020-03-06T13:57:17.602+0700 DEBUG Filter 'logAndSuppressRequestRejectedExceptionFilter' configured for use
2020-03-06T13:57:17.602+0700 DEBUG Filter 'jwtRequestFilter' configured for use
2020-03-06T13:57:18.125+0700 INFO Started StartBookApplication in 1.626 seconds (JVM running for 81722.173)
2020-03-06T15:11:56.054+0700 INFO Starting StartBookApplication on OMS-PC-232 with PID 45756 (C:\Users\User\Documents\spring-boot-workspace\book-shop\target\classes started by User in C:\Users\User\Documents\spring-boot-workspace\book-shop)
2020-03-06T15:11:56.055+0700 DEBUG Running with Spring Boot v2.2.4.RELEASE, Spring v5.2.3.RELEASE
2020-03-06T15:11:56.055+0700 INFO No active profile set, falling back to default profiles: default
2020-03-06T15:11:57.123+0700 DEBUG Filter 'logAndSuppressRequestRejectedExceptionFilter' configured for use
2020-03-06T15:11:57.123+0700 DEBUG Filter 'jwtRequestFilter' configured for use
2020-03-06T15:11:57.580+0700 INFO Started StartBookApplication in 1.565 seconds (JVM running for 86201.732)
2020-03-06T15:12:17.031+0700 INFO Starting StartBookApplication on OMS-PC-232 with PID 45756 (C:\Users\User\Documents\spring-boot-workspace\book-shop\target\classes started by User in C:\Users\User\Documents\spring-boot-workspace\book-shop)
2020-03-06T15:12:17.032+0700 DEBUG Running with Spring Boot v2.2.4.RELEASE, Spring v5.2.3.RELEASE
2020-03-06T15:12:17.032+0700 INFO No active profile set, falling back to default profiles: default
2020-03-06T15:12:18.166+0700 DEBUG Filter 'logAndSuppressRequestRejectedExceptionFilter' configured for use
2020-03-06T15:12:18.166+0700 DEBUG Filter 'jwtRequestFilter' configured for use
2020-03-06T15:12:18.645+0700 INFO Started StartBookApplication in 1.647 seconds (JVM running for 86222.798)
2020-03-06T15:12:52.526+0700 INFO Starting StartBookApplication on OMS-PC-232 with PID 45756 (C:\Users\User\Documents\spring-boot-workspace\book-shop\target\classes started by User in C:\Users\User\Documents\spring-boot-workspace\book-shop)
2020-03-06T15:12:52.527+0700 DEBUG Running with Spring Boot v2.2.4.RELEASE, Spring v5.2.3.RELEASE
2020-03-06T15:12:52.527+0700 INFO No active profile set, falling back to default profiles: default
2020-03-06T15:12:53.520+0700 DEBUG Filter 'logAndSuppressRequestRejectedExceptionFilter' configured for use
2020-03-06T15:12:53.520+0700 DEBUG Filter 'jwtRequestFilter' configured for use
2020-03-06T15:12:54.017+0700 INFO Started StartBookApplication in 1.525 seconds (JVM running for 86258.17)
2020-03-06T15:12:55.970+0700 INFO Starting StartBookApplication on OMS-PC-232 with PID 45756 (C:\Users\User\Documents\spring-boot-workspace\book-shop\target\classes started by User in C:\Users\User\Documents\spring-boot-workspace\book-shop)
2020-03-06T15:12:55.971+0700 DEBUG Running with Spring Boot v2.2.4.RELEASE, Spring v5.2.3.RELEASE
2020-03-06T15:12:55.971+0700 INFO No active profile set, falling back to default profiles: default
2020-03-06T15:12:57.034+0700 DEBUG Filter 'logAndSuppressRequestRejectedExceptionFilter' configured for use
2020-03-06T15:12:57.034+0700 DEBUG Filter 'jwtRequestFilter' configured for use
2020-03-06T15:12:57.465+0700 INFO Started StartBookApplication in 1.528 seconds (JVM running for 86261.617)
2020-03-06T15:14:41.068+0700 INFO Starting StartBookApplication on OMS-PC-232 with PID 45756 (C:\Users\User\Documents\spring-boot-workspace\book-shop\target\classes started by User in C:\Users\User\Documents\spring-boot-workspace\book-shop)
2020-03-06T15:14:41.069+0700 DEBUG Running with Spring Boot v2.2.4.RELEASE, Spring v5.2.3.RELEASE
2020-03-06T15:14:41.069+0700 INFO No active profile set, falling back to default profiles: default
2020-03-06T15:14:42.474+0700 DEBUG Filter 'logAndSuppressRequestRejectedExceptionFilter' configured for use
2020-03-06T15:14:42.474+0700 DEBUG Filter 'jwtRequestFilter' configured for use
2020-03-06T15:14:42.996+0700 INFO Started StartBookApplication in 1.963 seconds (JVM running for 86367.148)
2020-03-06T15:15:14.170+0700 WARN JWT Token does not begin with Bearer String
2020-03-06T15:15:14.217+0700 WARN JWT Token does not begin with Bearer String
2020-03-06T15:18:18.187+0700 INFO Starting StartBookApplication on OMS-PC-232 with PID 45756 (C:\Users\User\Documents\spring-boot-workspace\book-shop\target\classes started by User in C:\Users\User\Documents\spring-boot-workspace\book-shop)
2020-03-06T15:18:18.187+0700 DEBUG Running with Spring Boot v2.2.4.RELEASE, Spring v5.2.3.RELEASE
2020-03-06T15:18:18.188+0700 INFO No active profile set, falling back to default profiles: default
2020-03-06T15:18:19.686+0700 DEBUG Filter 'logAndSuppressRequestRejectedExceptionFilter' configured for use
2020-03-06T15:18:19.686+0700 DEBUG Filter 'jwtRequestFilter' configured for use
2020-03-06T15:18:20.283+0700 INFO Started StartBookApplication in 2.153 seconds (JVM running for 86584.436)
2020-03-06T15:28:04.485+0700 INFO Starting StartBookApplication on OMS-PC-232 with PID 45756 (C:\Users\User\Documents\spring-boot-workspace\book-shop\target\classes started by User in C:\Users\User\Documents\spring-boot-workspace\book-shop)
2020-03-06T15:28:04.486+0700 DEBUG Running with Spring Boot v2.2.4.RELEASE, Spring v5.2.3.RELEASE
2020-03-06T15:28:04.486+0700 INFO No active profile set, falling back to default profiles: default
2020-03-06T15:28:05.576+0700 DEBUG Filter 'logAndSuppressRequestRejectedExceptionFilter' configured for use
2020-03-06T15:28:05.576+0700 DEBUG Filter 'jwtRequestFilter' configured for use
2020-03-06T15:28:06.019+0700 INFO Started StartBookApplication in 1.593 seconds (JVM running for 87170.172)
2020-03-06T15:28:17.851+0700 INFO Starting UserControllerTest on OMS-PC-232 with PID 9880 (started by User in C:\Users\User\Documents\spring-boot-workspace\book-shop)
2020-03-06T15:28:17.853+0700 DEBUG Running with Spring Boot v2.2.4.RELEASE, Spring v5.2.3.RELEASE
2020-03-06T15:28:17.854+0700 INFO No active profile set, falling back to default profiles: default
2020-03-06T15:28:27.997+0700 INFO Started UserControllerTest in 10.438 seconds (JVM running for 12.901)
2020-03-06T15:30:00.860+0700 INFO Starting StartBookApplication on OMS-PC-232 with PID 45756 (C:\Users\User\Documents\spring-boot-workspace\book-shop\target\classes started by User in C:\Users\User\Documents\spring-boot-workspace\book-shop)
2020-03-06T15:30:00.862+0700 DEBUG Running with Spring Boot v2.2.4.RELEASE, Spring v5.2.3.RELEASE
2020-03-06T15:30:00.862+0700 INFO No active profile set, falling back to default profiles: default
2020-03-06T15:30:01.911+0700 DEBUG Filter 'logAndSuppressRequestRejectedExceptionFilter' configured for use
2020-03-06T15:30:01.911+0700 DEBUG Filter 'jwtRequestFilter' configured for use
2020-03-06T15:30:02.422+0700 INFO Started StartBookApplication in 1.597 seconds (JVM running for 87286.575)
2020-03-06T15:32:44.588+0700 INFO Starting StartBookApplication on OMS-PC-232 with PID 45756 (C:\Users\User\Documents\spring-boot-workspace\book-shop\target\classes started by User in C:\Users\User\Documents\spring-boot-workspace\book-shop)
2020-03-06T15:32:44.588+0700 DEBUG Running with Spring Boot v2.2.4.RELEASE, Spring v5.2.3.RELEASE
2020-03-06T15:32:44.588+0700 INFO No active profile set, falling back to default profiles: default
2020-03-06T15:32:45.807+0700 DEBUG Filter 'logAndSuppressRequestRejectedExceptionFilter' configured for use
2020-03-06T15:32:45.808+0700 DEBUG Filter 'jwtRequestFilter' configured for use
2020-03-06T15:32:46.210+0700 INFO Started StartBookApplication in 1.688 seconds (JVM running for 87450.363)
2020-03-06T15:33:10.987+0700 INFO Starting StartBookApplication on OMS-PC-232 with PID 45756 (C:\Users\User\Documents\spring-boot-workspace\book-shop\target\classes started by User in C:\Users\User\Documents\spring-boot-workspace\book-shop)
2020-03-06T15:33:10.987+0700 DEBUG Running with Spring Boot v2.2.4.RELEASE, Spring v5.2.3.RELEASE
2020-03-06T15:33:10.987+0700 INFO No active profile set, falling back to default profiles: default
2020-03-06T15:33:11.998+0700 DEBUG Filter 'logAndSuppressRequestRejectedExceptionFilter' configured for use
2020-03-06T15:33:11.998+0700 DEBUG Filter 'jwtRequestFilter' configured for use
2020-03-06T15:33:12.434+0700 INFO Started StartBookApplication in 1.486 seconds (JVM running for 87476.587)
2020-03-06T15:33:28.882+0700 INFO Starting StartBookApplication on OMS-PC-232 with PID 45756 (C:\Users\User\Documents\spring-boot-workspace\book-shop\target\classes started by User in C:\Users\User\Documents\spring-boot-workspace\book-shop)
2020-03-06T15:33:28.883+0700 DEBUG Running with Spring Boot v2.2.4.RELEASE, Spring v5.2.3.RELEASE
2020-03-06T15:33:28.883+0700 INFO No active profile set, falling back to default profiles: default
2020-03-06T15:33:30.052+0700 DEBUG Filter 'logAndSuppressRequestRejectedExceptionFilter' configured for use
2020-03-06T15:33:30.052+0700 DEBUG Filter 'jwtRequestFilter' configured for use
2020-03-06T15:33:30.469+0700 INFO Started StartBookApplication in 1.622 seconds (JVM running for 87494.622)
2020-03-06T15:35:09.814+0700 INFO Starting StartBookApplication on OMS-PC-232 with PID 45756 (C:\Users\User\Documents\spring-boot-workspace\book-shop\target\classes started by User in C:\Users\User\Documents\spring-boot-workspace\book-shop)
2020-03-06T15:35:09.815+0700 DEBUG Running with Spring Boot v2.2.4.RELEASE, Spring v5.2.3.RELEASE
2020-03-06T15:35:09.815+0700 INFO No active profile set, falling back to default profiles: default
2020-03-06T15:35:10.931+0700 DEBUG Filter 'logAndSuppressRequestRejectedExceptionFilter' configured for use
2020-03-06T15:35:10.931+0700 DEBUG Filter 'jwtRequestFilter' configured for use
2020-03-06T15:35:11.330+0700 INFO Started StartBookApplication in 1.55 seconds (JVM running for 87595.483)
2020-03-06T15:39:07.792+0700 INFO Starting StartBookApplication on OMS-PC-232 with PID 45756 (C:\Users\User\Documents\spring-boot-workspace\book-shop\target\classes started by User in C:\Users\User\Documents\spring-boot-workspace\book-shop)
2020-03-06T15:39:07.793+0700 DEBUG Running with Spring Boot v2.2.4.RELEASE, Spring v5.2.3.RELEASE
2020-03-06T15:39:07.793+0700 INFO No active profile set, falling back to default profiles: default
2020-03-06T15:39:09.087+0700 DEBUG Filter 'logAndSuppressRequestRejectedExceptionFilter' configured for use
2020-03-06T15:39:09.087+0700 DEBUG Filter 'jwtRequestFilter' configured for use
2020-03-06T15:39:09.669+0700 INFO Started StartBookApplication in 1.917 seconds (JVM running for 87833.822)
2020-03-06T15:39:37.463+0700 INFO Starting StartBookApplication on OMS-PC-232 with PID 45756 (C:\Users\User\Documents\spring-boot-workspace\book-shop\target\classes started by User in C:\Users\User\Documents\spring-boot-workspace\book-shop)
2020-03-06T15:39:37.464+0700 DEBUG Running with Spring Boot v2.2.4.RELEASE, Spring v5.2.3.RELEASE
2020-03-06T15:39:37.464+0700 INFO No active profile set, falling back to default profiles: default
2020-03-06T15:39:38.526+0700 DEBUG Filter 'logAndSuppressRequestRejectedExceptionFilter' configured for use
2020-03-06T15:39:38.526+0700 DEBUG Filter 'jwtRequestFilter' configured for use
2020-03-06T15:39:38.985+0700 INFO Started StartBookApplication in 1.557 seconds (JVM running for 87863.137)
2020-03-06T15:39:44.135+0700 ERROR Invalid phone number
2020-03-06T15:41:24.585+0700 INFO Starting StartBookApplication on OMS-PC-232 with PID 45756 (C:\Users\User\Documents\spring-boot-workspace\book-shop\target\classes started by User in C:\Users\User\Documents\spring-boot-workspace\book-shop)
2020-03-06T15:41:24.586+0700 DEBUG Running with Spring Boot v2.2.4.RELEASE, Spring v5.2.3.RELEASE
2020-03-06T15:41:24.586+0700 INFO No active profile set, falling back to default profiles: default
2020-03-06T15:41:25.718+0700 DEBUG Filter 'logAndSuppressRequestRejectedExceptionFilter' configured for use
2020-03-06T15:41:25.718+0700 DEBUG Filter 'jwtRequestFilter' configured for use
2020-03-06T15:41:26.166+0700 INFO Started StartBookApplication in 1.622 seconds (JVM running for 87970.318)
2020-03-06T15:41:56.028+0700 INFO Starting StartBookApplication on OMS-PC-232 with PID 45756 (C:\Users\User\Documents\spring-boot-workspace\book-shop\target\classes started by User in C:\Users\User\Documents\spring-boot-workspace\book-shop)
2020-03-06T15:41:56.029+0700 DEBUG Running with Spring Boot v2.2.4.RELEASE, Spring v5.2.3.RELEASE
2020-03-06T15:41:56.029+0700 INFO No active profile set, falling back to default profiles: default
2020-03-06T15:41:57.283+0700 DEBUG Filter 'logAndSuppressRequestRejectedExceptionFilter' configured for use
2020-03-06T15:41:57.283+0700 DEBUG Filter 'jwtRequestFilter' configured for use
2020-03-06T15:41:57.792+0700 INFO Started StartBookApplication in 1.798 seconds (JVM running for 88001.944)
2020-03-06T15:43:00.014+0700 INFO Starting StartBookApplication on OMS-PC-232 with PID 45756 (C:\Users\User\Documents\spring-boot-workspace\book-shop\target\classes started by User in C:\Users\User\Documents\spring-boot-workspace\book-shop)
2020-03-06T15:43:00.015+0700 DEBUG Running with Spring Boot v2.2.4.RELEASE, Spring v5.2.3.RELEASE
2020-03-06T15:43:00.015+0700 INFO No active profile set, falling back to default profiles: default
2020-03-06T15:43:01.166+0700 DEBUG Filter 'logAndSuppressRequestRejectedExceptionFilter' configured for use
2020-03-06T15:43:01.166+0700 DEBUG Filter 'jwtRequestFilter' configured for use
2020-03-06T15:43:01.577+0700 INFO Started StartBookApplication in 1.614 seconds (JVM running for 88065.73)
2020-03-06T15:43:06.439+0700 ERROR Invalid phone number
2020-03-06T15:43:35.639+0700 INFO Starting StartBookApplication on OMS-PC-232 with PID 45756 (C:\Users\User\Documents\spring-boot-workspace\book-shop\target\classes started by User in C:\Users\User\Documents\spring-boot-workspace\book-shop)
2020-03-06T15:43:35.640+0700 DEBUG Running with Spring Boot v2.2.4.RELEASE, Spring v5.2.3.RELEASE
2020-03-06T15:43:35.640+0700 INFO No active profile set, falling back to default profiles: default
2020-03-06T15:43:36.837+0700 DEBUG Filter 'logAndSuppressRequestRejectedExceptionFilter' configured for use
2020-03-06T15:43:36.837+0700 DEBUG Filter 'jwtRequestFilter' configured for use
2020-03-06T15:43:37.665+0700 INFO Started StartBookApplication in 2.059 seconds (JVM running for 88101.818)
2020-03-06T15:43:41.702+0700 ERROR Invalid phone number
2020-03-06T15:44:00.482+0700 ERROR Invalid phone number
2020-03-06T15:44:04.165+0700 ERROR Invalid phone number
2020-03-06T15:44:46.015+0700 INFO Starting StartBookApplication on OMS-PC-232 with PID 45756 (C:\Users\User\Documents\spring-boot-workspace\book-shop\target\classes started by User in C:\Users\User\Documents\spring-boot-workspace\book-shop)
2020-03-06T15:44:46.015+0700 DEBUG Running with Spring Boot v2.2.4.RELEASE, Spring v5.2.3.RELEASE
2020-03-06T15:44:46.016+0700 INFO No active profile set, falling back to default profiles: default
2020-03-06T15:44:47.026+0700 DEBUG Filter 'logAndSuppressRequestRejectedExceptionFilter' configured for use
2020-03-06T15:44:47.026+0700 DEBUG Filter 'jwtRequestFilter' configured for use
2020-03-06T15:44:47.568+0700 INFO Started StartBookApplication in 1.587 seconds (JVM running for 88171.721)
2020-03-06T15:44:54.862+0700 ERROR Invalid phone number
2020-03-06T15:45:13.530+0700 INFO Starting StartBookApplication on OMS-PC-232 with PID 45756 (C:\Users\User\Documents\spring-boot-workspace\book-shop\target\classes started by User in C:\Users\User\Documents\spring-boot-workspace\book-shop)
2020-03-06T15:45:13.531+0700 DEBUG Running with Spring Boot v2.2.4.RELEASE, Spring v5.2.3.RELEASE
2020-03-06T15:45:13.531+0700 INFO No active profile set, falling back to default profiles: default
2020-03-06T15:45:14.710+0700 DEBUG Filter 'logAndSuppressRequestRejectedExceptionFilter' configured for use
2020-03-06T15:45:14.710+0700 DEBUG Filter 'jwtRequestFilter' configured for use
2020-03-06T15:45:15.153+0700 INFO Started StartBookApplication in 1.66 seconds (JVM running for 88199.306)
2020-03-06T15:45:20.057+0700 INFO Starting StartBookApplication on OMS-PC-232 with PID 45756 (C:\Users\User\Documents\spring-boot-workspace\book-shop\target\classes started by User in C:\Users\User\Documents\spring-boot-workspace\book-shop)
2020-03-06T15:45:20.058+0700 DEBUG Running with Spring Boot v2.2.4.RELEASE, Spring v5.2.3.RELEASE
2020-03-06T15:45:20.058+0700 INFO No active profile set, falling back to default profiles: default
2020-03-06T15:45:21.122+0700 DEBUG Filter 'logAndSuppressRequestRejectedExceptionFilter' configured for use
2020-03-06T15:45:21.122+0700 DEBUG Filter 'jwtRequestFilter' configured for use
2020-03-06T15:45:22.100+0700 INFO Started StartBookApplication in 2.074 seconds (JVM running for 88206.252)
2020-03-06T15:46:33.454+0700 ERROR Invalid phone number
2020-03-06T15:47:16.112+0700 ERROR Invalid phone number
2020-03-06T15:47:18.068+0700 ERROR Invalid phone number
2020-03-06T15:47:23.001+0700 ERROR Invalid phone number
2020-03-06T15:47:30.458+0700 ERROR Invalid phone number
2020-03-06T15:47:34.430+0700 ERROR Invalid phone number
2020-03-06T15:47:41.906+0700 ERROR Invalid phone number
2020-03-06T15:49:17.452+0700 INFO Starting StartBookApplication on OMS-PC-232 with PID 45756 (C:\Users\User\Documents\spring-boot-workspace\book-shop\target\classes started by User in C:\Users\User\Documents\spring-boot-workspace\book-shop)
2020-03-06T15:49:17.453+0700 DEBUG Running with Spring Boot v2.2.4.RELEASE, Spring v5.2.3.RELEASE
2020-03-06T15:49:17.453+0700 INFO No active profile set, falling back to default profiles: default
2020-03-06T15:49:18.498+0700 DEBUG Filter 'logAndSuppressRequestRejectedExceptionFilter' configured for use
2020-03-06T15:49:18.498+0700 DEBUG Filter 'jwtRequestFilter' configured for use
2020-03-06T15:49:18.930+0700 INFO Started StartBookApplication in 1.512 seconds (JVM running for 88443.082)
2020-03-06T15:49:42.544+0700 INFO Starting StartBookApplication on OMS-PC-232 with PID 45756 (C:\Users\User\Documents\spring-boot-workspace\book-shop\target\classes started by User in C:\Users\User\Documents\spring-boot-workspace\book-shop)
2020-03-06T15:49:42.545+0700 DEBUG Running with Spring Boot v2.2.4.RELEASE, Spring v5.2.3.RELEASE
2020-03-06T15:49:42.545+0700 INFO No active profile set, falling back to default profiles: default
2020-03-06T15:49:43.581+0700 DEBUG Filter 'logAndSuppressRequestRejectedExceptionFilter' configured for use
2020-03-06T15:49:43.581+0700 DEBUG Filter 'jwtRequestFilter' configured for use
2020-03-06T15:49:44.021+0700 INFO Started StartBookApplication in 1.51 seconds (JVM running for 88468.173)
2020-03-06T15:49:45.872+0700 INFO Starting StartBookApplication on OMS-PC-232 with PID 45756 (C:\Users\User\Documents\spring-boot-workspace\book-shop\target\classes started by User in C:\Users\User\Documents\spring-boot-workspace\book-shop)
2020-03-06T15:49:45.873+0700 DEBUG Running with Spring Boot v2.2.4.RELEASE, Spring v5.2.3.RELEASE
2020-03-06T15:49:45.873+0700 INFO No active profile set, falling back to default profiles: default
2020-03-06T15:49:46.951+0700 DEBUG Filter 'logAndSuppressRequestRejectedExceptionFilter' configured for use
2020-03-06T15:49:46.951+0700 DEBUG Filter 'jwtRequestFilter' configured for use
2020-03-06T15:49:47.377+0700 INFO Started StartBookApplication in 1.536 seconds (JVM running for 88471.529)
2020-03-06T15:50:31.891+0700 INFO Starting StartBookApplication on OMS-PC-232 with PID 45756 (C:\Users\User\Documents\spring-boot-workspace\book-shop\target\classes started by User in C:\Users\User\Documents\spring-boot-workspace\book-shop)
2020-03-06T15:50:31.893+0700 DEBUG Running with Spring Boot v2.2.4.RELEASE, Spring v5.2.3.RELEASE
2020-03-06T15:50:31.893+0700 INFO No active profile set, falling back to default profiles: default
2020-03-06T15:50:33.265+0700 DEBUG Filter 'logAndSuppressRequestRejectedExceptionFilter' configured for use
2020-03-06T15:50:33.265+0700 DEBUG Filter 'jwtRequestFilter' configured for use
2020-03-06T15:50:33.715+0700 INFO Started StartBookApplication in 1.882 seconds (JVM running for 88517.867)
2020-03-06T15:50:45.954+0700 INFO Starting StartBookApplication on OMS-PC-232 with PID 45756 (C:\Users\User\Documents\spring-boot-workspace\book-shop\target\classes started by User in C:\Users\User\Documents\spring-boot-workspace\book-shop)
2020-03-06T15:50:45.955+0700 DEBUG Running with Spring Boot v2.2.4.RELEASE, Spring v5.2.3.RELEASE
2020-03-06T15:50:45.955+0700 INFO No active profile set, falling back to default profiles: default
2020-03-06T15:50:47.040+0700 DEBUG Filter 'logAndSuppressRequestRejectedExceptionFilter' configured for use
2020-03-06T15:50:47.040+0700 DEBUG Filter 'jwtRequestFilter' configured for use
2020-03-06T15:50:47.461+0700 INFO Started StartBookApplication in 1.548 seconds (JVM running for 88531.614)
2020-03-06T15:51:36.936+0700 INFO Starting StartBookApplication on OMS-PC-232 with PID 45756 (C:\Users\User\Documents\spring-boot-workspace\book-shop\target\classes started by User in C:\Users\User\Documents\spring-boot-workspace\book-shop)
2020-03-06T15:51:36.937+0700 DEBUG Running with Spring Boot v2.2.4.RELEASE, Spring v5.2.3.RELEASE
2020-03-06T15:51:36.937+0700 INFO No active profile set, falling back to default profiles: default
2020-03-06T15:51:37.973+0700 DEBUG Filter 'logAndSuppressRequestRejectedExceptionFilter' configured for use
2020-03-06T15:51:37.973+0700 DEBUG Filter 'jwtRequestFilter' configured for use
2020-03-06T15:51:38.431+0700 INFO Started StartBookApplication in 1.532 seconds (JVM running for 88582.584)
2020-03-06T15:53:41.585+0700 INFO Starting StartBookApplication on OMS-PC-232 with PID 45756 (C:\Users\User\Documents\spring-boot-workspace\book-shop\target\classes started by User in C:\Users\User\Documents\spring-boot-workspace\book-shop)
2020-03-06T15:53:41.586+0700 DEBUG Running with Spring Boot v2.2.4.RELEASE, Spring v5.2.3.RELEASE
2020-03-06T15:53:41.586+0700 INFO No active profile set, falling back to default profiles: default
2020-03-06T15:53:42.877+0700 DEBUG Filter 'logAndSuppressRequestRejectedExceptionFilter' configured for use
2020-03-06T15:53:42.877+0700 DEBUG Filter 'jwtRequestFilter' configured for use
2020-03-06T15:53:43.305+0700 INFO Started StartBookApplication in 1.761 seconds (JVM running for 88707.457)
2020-03-06T15:55:06.347+0700 INFO Starting StartBookApplication on OMS-PC-232 with PID 45756 (C:\Users\User\Documents\spring-boot-workspace\book-shop\target\classes started by User in C:\Users\User\Documents\spring-boot-workspace\book-shop)
2020-03-06T15:55:06.348+0700 DEBUG Running with Spring Boot v2.2.4.RELEASE, Spring v5.2.3.RELEASE
2020-03-06T15:55:06.348+0700 INFO No active profile set, falling back to default profiles: default
2020-03-06T15:55:07.493+0700 DEBUG Filter 'logAndSuppressRequestRejectedExceptionFilter' configured for use
2020-03-06T15:55:07.493+0700 DEBUG Filter 'jwtRequestFilter' configured for use
2020-03-06T15:55:07.983+0700 INFO Started StartBookApplication in 1.672 seconds (JVM running for 88792.135)
2020-03-06T15:55:28.740+0700 INFO Starting StartBookApplication on OMS-PC-232 with PID 45756 (C:\Users\User\Documents\spring-boot-workspace\book-shop\target\classes started by User in C:\Users\User\Documents\spring-boot-workspace\book-shop)
2020-03-06T15:55:28.740+0700 DEBUG Running with Spring Boot v2.2.4.RELEASE, Spring v5.2.3.RELEASE
2020-03-06T15:55:28.741+0700 INFO No active profile set, falling back to default profiles: default
2020-03-06T15:55:30.075+0700 DEBUG Filter 'logAndSuppressRequestRejectedExceptionFilter' configured for use
2020-03-06T15:55:30.075+0700 DEBUG Filter 'jwtRequestFilter' configured for use
2020-03-06T15:55:30.528+0700 INFO Started StartBookApplication in 1.821 seconds (JVM running for 88814.681)
2020-03-06T15:55:38.637+0700 INFO Starting StartBookApplication on OMS-PC-232 with PID 45756 (C:\Users\User\Documents\spring-boot-workspace\book-shop\target\classes started by User in C:\Users\User\Documents\spring-boot-workspace\book-shop)
2020-03-06T15:55:38.638+0700 DEBUG Running with Spring Boot v2.2.4.RELEASE, Spring v5.2.3.RELEASE
2020-03-06T15:55:38.638+0700 INFO No active profile set, falling back to default profiles: default
2020-03-06T15:55:39.841+0700 DEBUG Filter 'logAndSuppressRequestRejectedExceptionFilter' configured for use
2020-03-06T15:55:39.841+0700 DEBUG Filter 'jwtRequestFilter' configured for use
2020-03-06T15:55:40.393+0700 INFO Started StartBookApplication in 1.792 seconds (JVM running for 88824.545)
2020-03-06T15:56:39.432+0700 INFO Starting StartBookApplication on OMS-PC-232 with PID 45756 (C:\Users\User\Documents\spring-boot-workspace\book-shop\target\classes started by User in C:\Users\User\Documents\spring-boot-workspace\book-shop)
2020-03-06T15:56:39.432+0700 DEBUG Running with Spring Boot v2.2.4.RELEASE, Spring v5.2.3.RELEASE
2020-03-06T15:56:39.433+0700 INFO No active profile set, falling back to default profiles: default
2020-03-06T15:56:40.566+0700 DEBUG Filter 'logAndSuppressRequestRejectedExceptionFilter' configured for use
2020-03-06T15:56:40.566+0700 DEBUG Filter 'jwtRequestFilter' configured for use
2020-03-06T15:56:41.081+0700 INFO Started StartBookApplication in 1.685 seconds (JVM running for 88885.234)
2020-03-06T15:58:55.416+0700 INFO Starting StartBookApplication on OMS-PC-232 with PID 45756 (C:\Users\User\Documents\spring-boot-workspace\book-shop\target\classes started by User in C:\Users\User\Documents\spring-boot-workspace\book-shop)
2020-03-06T15:58:55.417+0700 DEBUG Running with Spring Boot v2.2.4.RELEASE, Spring v5.2.3.RELEASE
2020-03-06T15:58:55.417+0700 INFO No active profile set, falling back to default profiles: default
2020-03-06T15:58:56.486+0700 DEBUG Filter 'logAndSuppressRequestRejectedExceptionFilter' configured for use
2020-03-06T15:58:56.486+0700 DEBUG Filter 'jwtRequestFilter' configured for use
2020-03-06T15:58:56.941+0700 INFO Started StartBookApplication in 1.559 seconds (JVM running for 89021.093)
2020-03-06T16:01:31.350+0700 INFO Starting StartBookApplication on OMS-PC-232 with PID 45756 (C:\Users\User\Documents\spring-boot-workspace\book-shop\target\classes started by User in C:\Users\User\Documents\spring-boot-workspace\book-shop)
2020-03-06T16:01:31.351+0700 DEBUG Running with Spring Boot v2.2.4.RELEASE, Spring v5.2.3.RELEASE
2020-03-06T16:01:31.351+0700 INFO No active profile set, falling back to default profiles: default
2020-03-06T16:01:32.804+0700 DEBUG Filter 'logAndSuppressRequestRejectedExceptionFilter' configured for use
2020-03-06T16:01:32.804+0700 DEBUG Filter 'jwtRequestFilter' configured for use
2020-03-06T16:01:33.297+0700 INFO Started StartBookApplication in 1.983 seconds (JVM running for 89177.449)
2020-03-06T16:01:45.740+0700 INFO Starting StartBookApplication on OMS-PC-232 with PID 45756 (C:\Users\User\Documents\spring-boot-workspace\book-shop\target\classes started by User in C:\Users\User\Documents\spring-boot-workspace\book-shop)
2020-03-06T16:01:45.741+0700 DEBUG Running with Spring Boot v2.2.4.RELEASE, Spring v5.2.3.RELEASE
2020-03-06T16:01:45.741+0700 INFO No active profile set, falling back to default profiles: default
2020-03-06T16:01:46.926+0700 DEBUG Filter 'logAndSuppressRequestRejectedExceptionFilter' configured for use
2020-03-06T16:01:46.926+0700 DEBUG Filter 'jwtRequestFilter' configured for use
2020-03-06T16:01:47.356+0700 INFO Started StartBookApplication in 1.649 seconds (JVM running for 89191.509)
2020-03-06T16:02:02.694+0700 INFO Starting StartBookApplication on OMS-PC-232 with PID 45756 (C:\Users\User\Documents\spring-boot-workspace\book-shop\target\classes started by User in C:\Users\User\Documents\spring-boot-workspace\book-shop)
2020-03-06T16:02:02.695+0700 DEBUG Running with Spring Boot v2.2.4.RELEASE, Spring v5.2.3.RELEASE
2020-03-06T16:02:02.695+0700 INFO No active profile set, falling back to default profiles: default
2020-03-06T16:02:03.734+0700 DEBUG Filter 'logAndSuppressRequestRejectedExceptionFilter' configured for use
2020-03-06T16:02:03.734+0700 DEBUG Filter 'jwtRequestFilter' configured for use
2020-03-06T16:02:04.241+0700 INFO Started StartBookApplication in 1.579 seconds (JVM running for 89208.394)
2020-03-06T16:02:15.428+0700 INFO Starting StartBookApplication on OMS-PC-232 with PID 45756 (C:\Users\User\Documents\spring-boot-workspace\book-shop\target\classes started by User in C:\Users\User\Documents\spring-boot-workspace\book-shop)
2020-03-06T16:02:15.428+0700 DEBUG Running with Spring Boot v2.2.4.RELEASE, Spring v5.2.3.RELEASE
2020-03-06T16:02:15.429+0700 INFO No active profile set, falling back to default profiles: default
2020-03-06T16:02:16.392+0700 DEBUG Filter 'logAndSuppressRequestRejectedExceptionFilter' configured for use
2020-03-06T16:02:16.392+0700 DEBUG Filter 'jwtRequestFilter' configured for use
2020-03-06T16:02:17.011+0700 INFO Started StartBookApplication in 1.615 seconds (JVM running for 89221.164)
2020-03-06T16:02:25.129+0700 INFO Starting StartBookApplication on OMS-PC-232 with PID 45756 (C:\Users\User\Documents\spring-boot-workspace\book-shop\target\classes started by User in C:\Users\User\Documents\spring-boot-workspace\book-shop)
2020-03-06T16:02:25.129+0700 DEBUG Running with Spring Boot v2.2.4.RELEASE, Spring v5.2.3.RELEASE
2020-03-06T16:02:25.129+0700 INFO No active profile set, falling back to default profiles: default
2020-03-06T16:02:26.413+0700 DEBUG Filter 'logAndSuppressRequestRejectedExceptionFilter' configured for use
2020-03-06T16:02:26.414+0700 DEBUG Filter 'jwtRequestFilter' configured for use
2020-03-06T16:02:26.948+0700 INFO Started StartBookApplication in 1.853 seconds (JVM running for 89231.1)
2020-03-06T16:03:01.095+0700 INFO Starting StartBookApplication on OMS-PC-232 with PID 45756 (C:\Users\User\Documents\spring-boot-workspace\book-shop\target\classes started by User in C:\Users\User\Documents\spring-boot-workspace\book-shop)
2020-03-06T16:03:01.095+0700 DEBUG Running with Spring Boot v2.2.4.RELEASE, Spring v5.2.3.RELEASE
2020-03-06T16:03:01.096+0700 INFO No active profile set, falling back to default profiles: default
2020-03-06T16:03:02.168+0700 DEBUG Filter 'logAndSuppressRequestRejectedExceptionFilter' configured for use
2020-03-06T16:03:02.168+0700 DEBUG Filter 'jwtRequestFilter' configured for use
2020-03-06T16:03:02.661+0700 INFO Started StartBookApplication in 1.602 seconds (JVM running for 89266.814)
2020-03-06T16:04:54.447+0700 INFO Starting StartBookApplication on OMS-PC-232 with PID 45756 (C:\Users\User\Documents\spring-boot-workspace\book-shop\target\classes started by User in C:\Users\User\Documents\spring-boot-workspace\book-shop)
2020-03-06T16:04:54.447+0700 DEBUG Running with Spring Boot v2.2.4.RELEASE, Spring v5.2.3.RELEASE
2020-03-06T16:04:54.447+0700 INFO No active profile set, falling back to default profiles: default
2020-03-06T16:04:55.501+0700 DEBUG Filter 'logAndSuppressRequestRejectedExceptionFilter' configured for use
2020-03-06T16:04:55.501+0700 DEBUG Filter 'jwtRequestFilter' configured for use
2020-03-06T16:04:55.917+0700 INFO Started StartBookApplication in 1.503 seconds (JVM running for 89380.07)
2020-03-06T16:05:17.602+0700 INFO Starting StartBookApplication on OMS-PC-232 with PID 45756 (C:\Users\User\Documents\spring-boot-workspace\book-shop\target\classes started by User in C:\Users\User\Documents\spring-boot-workspace\book-shop)
2020-03-06T16:05:17.602+0700 DEBUG Running with Spring Boot v2.2.4.RELEASE, Spring v5.2.3.RELEASE
2020-03-06T16:05:17.602+0700 INFO No active profile set, falling back to default profiles: default
2020-03-06T16:05:18.642+0700 DEBUG Filter 'logAndSuppressRequestRejectedExceptionFilter' configured for use
2020-03-06T16:05:18.642+0700 DEBUG Filter 'jwtRequestFilter' configured for use
2020-03-06T16:05:19.177+0700 INFO Started StartBookApplication in 1.606 seconds (JVM running for 89403.329)
2020-03-06T16:05:35.160+0700 INFO Starting StartBookApplication on OMS-PC-232 with PID 45756 (C:\Users\User\Documents\spring-boot-workspace\book-shop\target\classes started by User in C:\Users\User\Documents\spring-boot-workspace\book-shop)
2020-03-06T16:05:35.161+0700 DEBUG Running with Spring Boot v2.2.4.RELEASE, Spring v5.2.3.RELEASE
2020-03-06T16:05:35.161+0700 INFO No active profile set, falling back to default profiles: default
2020-03-06T16:05:36.209+0700 DEBUG Filter 'logAndSuppressRequestRejectedExceptionFilter' configured for use
2020-03-06T16:05:36.209+0700 DEBUG Filter 'jwtRequestFilter' configured for use
2020-03-06T16:05:36.692+0700 INFO Started StartBookApplication in 1.564 seconds (JVM running for 89420.844)
2020-03-06T16:05:53.254+0700 INFO Starting StartBookApplication on OMS-PC-232 with PID 45756 (C:\Users\User\Documents\spring-boot-workspace\book-shop\target\classes started by User in C:\Users\User\Documents\spring-boot-workspace\book-shop)
2020-03-06T16:05:53.255+0700 DEBUG Running with Spring Boot v2.2.4.RELEASE, Spring v5.2.3.RELEASE
2020-03-06T16:05:53.255+0700 INFO No active profile set, falling back to default profiles: default
2020-03-06T16:05:54.673+0700 DEBUG Filter 'logAndSuppressRequestRejectedExceptionFilter' configured for use
2020-03-06T16:05:54.673+0700 DEBUG Filter 'jwtRequestFilter' configured for use
2020-03-06T16:05:55.175+0700 INFO Started StartBookApplication in 1.96 seconds (JVM running for 89439.328)
2020-03-06T16:06:57.414+0700 INFO Starting StartBookApplication on OMS-PC-232 with PID 45756 (C:\Users\User\Documents\spring-boot-workspace\book-shop\target\classes started by User in C:\Users\User\Documents\spring-boot-workspace\book-shop)
2020-03-06T16:06:57.415+0700 DEBUG Running with Spring Boot v2.2.4.RELEASE, Spring v5.2.3.RELEASE
2020-03-06T16:06:57.415+0700 INFO No active profile set, falling back to default profiles: default
2020-03-06T16:06:58.438+0700 DEBUG Filter 'logAndSuppressRequestRejectedExceptionFilter' configured for use
2020-03-06T16:06:58.438+0700 DEBUG Filter 'jwtRequestFilter' configured for use
2020-03-06T16:06:58.861+0700 INFO Started StartBookApplication in 1.479 seconds (JVM running for 89503.014)
2020-03-06T16:07:57.944+0700 INFO Starting StartBookApplication on OMS-PC-232 with PID 45756 (C:\Users\User\Documents\spring-boot-workspace\book-shop\target\classes started by User in C:\Users\User\Documents\spring-boot-workspace\book-shop)
2020-03-06T16:07:57.945+0700 DEBUG Running with Spring Boot v2.2.4.RELEASE, Spring v5.2.3.RELEASE
2020-03-06T16:07:57.945+0700 INFO No active profile set, falling back to default profiles: default
2020-03-06T16:07:59.026+0700 DEBUG Filter 'logAndSuppressRequestRejectedExceptionFilter' configured for use
2020-03-06T16:07:59.027+0700 DEBUG Filter 'jwtRequestFilter' configured for use
2020-03-06T16:07:59.499+0700 INFO Started StartBookApplication in 1.589 seconds (JVM running for 89563.651)
2020-03-06T16:08:28.417+0700 INFO Starting StartBookApplication on OMS-PC-232 with PID 45756 (C:\Users\User\Documents\spring-boot-workspace\book-shop\target\classes started by User in C:\Users\User\Documents\spring-boot-workspace\book-shop)
2020-03-06T16:08:28.418+0700 DEBUG Running with Spring Boot v2.2.4.RELEASE, Spring v5.2.3.RELEASE
2020-03-06T16:08:28.418+0700 INFO No active profile set, falling back to default profiles: default
2020-03-06T16:08:29.643+0700 DEBUG Filter 'logAndSuppressRequestRejectedExceptionFilter' configured for use
2020-03-06T16:08:29.643+0700 DEBUG Filter 'jwtRequestFilter' configured for use
2020-03-06T16:08:30.159+0700 INFO Started StartBookApplication in 1.773 seconds (JVM running for 89594.311)
2020-03-06T16:08:54.005+0700 INFO Starting StartBookApplication on OMS-PC-232 with PID 45756 (C:\Users\User\Documents\spring-boot-workspace\book-shop\target\classes started by User in C:\Users\User\Documents\spring-boot-workspace\book-shop)
2020-03-06T16:08:54.006+0700 DEBUG Running with Spring Boot v2.2.4.RELEASE, Spring v5.2.3.RELEASE
2020-03-06T16:08:54.006+0700 INFO No active profile set, falling back to default profiles: default
2020-03-06T16:08:55.105+0700 DEBUG Filter 'logAndSuppressRequestRejectedExceptionFilter' configured for use
2020-03-06T16:08:55.105+0700 DEBUG Filter 'jwtRequestFilter' configured for use
2020-03-06T16:08:55.545+0700 INFO Started StartBookApplication in 1.574 seconds (JVM running for 89619.697)
2020-03-06T16:15:45.766+0700 INFO Starting StartBookApplication on OMS-PC-232 with PID 45756 (C:\Users\User\Documents\spring-boot-workspace\book-shop\target\classes started by User in C:\Users\User\Documents\spring-boot-workspace\book-shop)
2020-03-06T16:15:45.766+0700 DEBUG Running with Spring Boot v2.2.4.RELEASE, Spring v5.2.3.RELEASE
2020-03-06T16:15:45.767+0700 INFO No active profile set, falling back to default profiles: default
2020-03-06T16:15:46.793+0700 DEBUG Filter 'logAndSuppressRequestRejectedExceptionFilter' configured for use
2020-03-06T16:15:46.794+0700 DEBUG Filter 'jwtRequestFilter' configured for use
2020-03-06T16:15:47.213+0700 INFO Started StartBookApplication in 1.479 seconds (JVM running for 90031.365)
2020-03-06T16:16:00.316+0700 ERROR Invalid phone number
2020-03-06T16:16:21.879+0700 INFO Starting UserControllerTest on OMS-PC-232 with PID 44120 (started by User in C:\Users\User\Documents\spring-boot-workspace\book-shop)
2020-03-06T16:16:21.882+0700 DEBUG Running with Spring Boot v2.2.4.RELEASE, Spring v5.2.3.RELEASE
2020-03-06T16:16:21.883+0700 INFO No active profile set, falling back to default profiles: default
2020-03-06T16:16:31.419+0700 INFO Started UserControllerTest in 9.84 seconds (JVM running for 11.939)
2020-03-06T16:23:51.770+0700 INFO Starting StartBookApplication on OMS-PC-232 with PID 45756 (C:\Users\User\Documents\spring-boot-workspace\book-shop\target\classes started by User in C:\Users\User\Documents\spring-boot-workspace\book-shop)
2020-03-06T16:23:51.771+0700 DEBUG Running with Spring Boot v2.2.4.RELEASE, Spring v5.2.3.RELEASE
2020-03-06T16:23:51.771+0700 INFO No active profile set, falling back to default profiles: default
2020-03-06T16:23:52.893+0700 DEBUG Filter 'logAndSuppressRequestRejectedExceptionFilter' configured for use
2020-03-06T16:23:52.893+0700 DEBUG Filter 'jwtRequestFilter' configured for use
2020-03-06T16:23:53.402+0700 INFO Started StartBookApplication in 1.678 seconds (JVM running for 90517.555)
2020-03-06T16:25:27.907+0700 INFO Starting UserControllerTest on OMS-PC-232 with PID 26104 (started by User in C:\Users\User\Documents\spring-boot-workspace\book-shop)
2020-03-06T16:25:27.928+0700 DEBUG Running with Spring Boot v2.2.4.RELEASE, Spring v5.2.3.RELEASE
2020-03-06T16:25:27.929+0700 INFO No active profile set, falling back to default profiles: default
2020-03-06T16:25:38.500+0700 INFO Started UserControllerTest in 10.915 seconds (JVM running for 12.841)
2020-03-06T16:27:51.429+0700 INFO Starting UserControllerTest on OMS-PC-232 with PID 45040 (started by User in C:\Users\User\Documents\spring-boot-workspace\book-shop)
2020-03-06T16:27:51.431+0700 DEBUG Running with Spring Boot v2.2.4.RELEASE, Spring v5.2.3.RELEASE
2020-03-06T16:27:51.432+0700 INFO No active profile set, falling back to default profiles: default
2020-03-06T16:28:01.427+0700 INFO Started UserControllerTest in 10.465 seconds (JVM running for 12.447)
2020-03-06T16:43:15.382+0700 INFO Starting StartBookApplication on OMS-PC-232 with PID 45756 (C:\Users\User\Documents\spring-boot-workspace\book-shop\target\classes started by User in C:\Users\User\Documents\spring-boot-workspace\book-shop)
2020-03-06T16:43:15.383+0700 DEBUG Running with Spring Boot v2.2.4.RELEASE, Spring v5.2.3.RELEASE
2020-03-06T16:43:15.383+0700 INFO No active profile set, falling back to default profiles: default
2020-03-06T16:43:16.829+0700 DEBUG Filter 'logAndSuppressRequestRejectedExceptionFilter' configured for use
2020-03-06T16:43:16.829+0700 DEBUG Filter 'jwtRequestFilter' configured for use
2020-03-06T16:43:17.318+0700 INFO Started StartBookApplication in 1.977 seconds (JVM running for 91681.471)
2020-03-06T16:43:25.449+0700 INFO Starting StartBookApplication on OMS-PC-232 with PID 45756 (C:\Users\User\Documents\spring-boot-workspace\book-shop\target\classes started by User in C:\Users\User\Documents\spring-boot-workspace\book-shop)
2020-03-06T16:43:25.450+0700 DEBUG Running with Spring Boot v2.2.4.RELEASE, Spring v5.2.3.RELEASE
2020-03-06T16:43:25.450+0700 INFO No active profile set, falling back to default profiles: default
2020-03-06T16:43:26.601+0700 DEBUG Filter 'logAndSuppressRequestRejectedExceptionFilter' configured for use
2020-03-06T16:43:26.601+0700 DEBUG Filter 'jwtRequestFilter' configured for use
2020-03-06T16:43:27.155+0700 INFO Started StartBookApplication in 1.743 seconds (JVM running for 91691.308)
2020-03-06T16:44:50.135+0700 INFO Starting StartBookApplication on OMS-PC-232 with PID 45756 (C:\Users\User\Documents\spring-boot-workspace\book-shop\target\classes started by User in C:\Users\User\Documents\spring-boot-workspace\book-shop)
2020-03-06T16:44:50.136+0700 DEBUG Running with Spring Boot v2.2.4.RELEASE, Spring v5.2.3.RELEASE
2020-03-06T16:44:50.136+0700 INFO No active profile set, falling back to default profiles: default
2020-03-06T16:44:51.356+0700 DEBUG Filter 'logAndSuppressRequestRejectedExceptionFilter' configured for use
2020-03-06T16:44:51.357+0700 DEBUG Filter 'jwtRequestFilter' configured for use
2020-03-06T16:44:51.859+0700 INFO Started StartBookApplication in 1.76 seconds (JVM running for 91776.012)
2020-03-06T16:45:25.922+0700 INFO Starting StartBookApplication on OMS-PC-232 with PID 45756 (C:\Users\User\Documents\spring-boot-workspace\book-shop\target\classes started by User in C:\Users\User\Documents\spring-boot-workspace\book-shop)
2020-03-06T16:45:25.923+0700 DEBUG Running with Spring Boot v2.2.4.RELEASE, Spring v5.2.3.RELEASE
2020-03-06T16:45:25.923+0700 INFO No active profile set, falling back to default profiles: default
2020-03-06T16:45:27.174+0700 DEBUG Filter 'logAndSuppressRequestRejectedExceptionFilter' configured for use
2020-03-06T16:45:27.174+0700 DEBUG Filter 'jwtRequestFilter' configured for use
2020-03-06T16:45:27.634+0700 INFO Started StartBookApplication in 1.753 seconds (JVM running for 91811.787)
2020-03-06T16:45:30.537+0700 INFO Starting StartBookApplication on OMS-PC-232 with PID 45756 (C:\Users\User\Documents\spring-boot-workspace\book-shop\target\classes started by User in C:\Users\User\Documents\spring-boot-workspace\book-shop)
2020-03-06T16:45:30.538+0700 DEBUG Running with Spring Boot v2.2.4.RELEASE, Spring v5.2.3.RELEASE
2020-03-06T16:45:30.538+0700 INFO No active profile set, falling back to default profiles: default
2020-03-06T16:45:31.566+0700 DEBUG Filter 'logAndSuppressRequestRejectedExceptionFilter' configured for use
2020-03-06T16:45:31.566+0700 DEBUG Filter 'jwtRequestFilter' configured for use
2020-03-06T16:45:32.042+0700 INFO Started StartBookApplication in 1.538 seconds (JVM running for 91816.194)
2020-03-06T16:45:47.309+0700 INFO Starting StartBookApplication on OMS-PC-232 with PID 45756 (C:\Users\User\Documents\spring-boot-workspace\book-shop\target\classes started by User in C:\Users\User\Documents\spring-boot-workspace\book-shop)
2020-03-06T16:45:47.310+0700 DEBUG Running with Spring Boot v2.2.4.RELEASE, Spring v5.2.3.RELEASE
2020-03-06T16:45:47.310+0700 INFO No active profile set, falling back to default profiles: default
2020-03-06T16:45:48.651+0700 DEBUG Filter 'logAndSuppressRequestRejectedExceptionFilter' configured for use
2020-03-06T16:45:48.651+0700 DEBUG Filter 'jwtRequestFilter' configured for use
2020-03-06T16:45:49.081+0700 INFO Started StartBookApplication in 1.803 seconds (JVM running for 91833.233)
2020-03-06T16:46:17.848+0700 INFO Starting StartBookApplication on OMS-PC-232 with PID 45756 (C:\Users\User\Documents\spring-boot-workspace\book-shop\target\classes started by User in C:\Users\User\Documents\spring-boot-workspace\book-shop)
2020-03-06T16:46:17.849+0700 DEBUG Running with Spring Boot v2.2.4.RELEASE, Spring v5.2.3.RELEASE
2020-03-06T16:46:17.849+0700 INFO No active profile set, falling back to default profiles: default
2020-03-06T16:46:18.831+0700 DEBUG Filter 'logAndSuppressRequestRejectedExceptionFilter' configured for use
2020-03-06T16:46:18.831+0700 DEBUG Filter 'jwtRequestFilter' configured for use
2020-03-06T16:46:19.256+0700 INFO Started StartBookApplication in 1.441 seconds (JVM running for 91863.408)
2020-03-06T16:47:04.906+0700 INFO Starting StartBookApplication on OMS-PC-232 with PID 45756 (C:\Users\User\Documents\spring-boot-workspace\book-shop\target\classes started by User in C:\Users\User\Documents\spring-boot-workspace\book-shop)
2020-03-06T16:47:04.907+0700 DEBUG Running with Spring Boot v2.2.4.RELEASE, Spring v5.2.3.RELEASE
2020-03-06T16:47:04.907+0700 INFO No active profile set, falling back to default profiles: default
2020-03-06T16:47:05.937+0700 DEBUG Filter 'logAndSuppressRequestRejectedExceptionFilter' configured for use
2020-03-06T16:47:05.937+0700 DEBUG Filter 'jwtRequestFilter' configured for use
2020-03-06T16:47:06.374+0700 INFO Started StartBookApplication in 1.505 seconds (JVM running for 91910.527)
2020-03-06T16:47:26.861+0700 INFO Starting StartBookApplication on OMS-PC-232 with PID 45756 (C:\Users\User\Documents\spring-boot-workspace\book-shop\target\classes started by User in C:\Users\User\Documents\spring-boot-workspace\book-shop)
2020-03-06T16:47:26.861+0700 DEBUG Running with Spring Boot v2.2.4.RELEASE, Spring v5.2.3.RELEASE
2020-03-06T16:47:26.862+0700 INFO No active profile set, falling back to default profiles: default
2020-03-06T16:47:27.899+0700 DEBUG Filter 'logAndSuppressRequestRejectedExceptionFilter' configured for use
2020-03-06T16:47:27.899+0700 DEBUG Filter 'jwtRequestFilter' configured for use
2020-03-06T16:47:28.350+0700 INFO Started StartBookApplication in 1.524 seconds (JVM running for 91932.502)
2020-03-06T16:47:51.063+0700 INFO Starting StartBookApplication on OMS-PC-232 with PID 45756 (C:\Users\User\Documents\spring-boot-workspace\book-shop\target\classes started by User in C:\Users\User\Documents\spring-boot-workspace\book-shop)
2020-03-06T16:47:51.064+0700 DEBUG Running with Spring Boot v2.2.4.RELEASE, Spring v5.2.3.RELEASE
2020-03-06T16:47:51.064+0700 INFO No active profile set, falling back to default profiles: default
2020-03-06T16:47:52.355+0700 DEBUG Filter 'logAndSuppressRequestRejectedExceptionFilter' configured for use
2020-03-06T16:47:52.355+0700 DEBUG Filter 'jwtRequestFilter' configured for use
2020-03-06T16:47:52.842+0700 INFO Started StartBookApplication in 1.819 seconds (JVM running for 91956.995)
2020-03-06T16:49:26.235+0700 INFO Starting StartBookApplication on OMS-PC-232 with PID 45756 (C:\Users\User\Documents\spring-boot-workspace\book-shop\target\classes started by User in C:\Users\User\Documents\spring-boot-workspace\book-shop)
2020-03-06T16:49:26.236+0700 DEBUG Running with Spring Boot v2.2.4.RELEASE, Spring v5.2.3.RELEASE
2020-03-06T16:49:26.236+0700 INFO No active profile set, falling back to default profiles: default
2020-03-06T16:49:27.282+0700 DEBUG Filter 'logAndSuppressRequestRejectedExceptionFilter' configured for use
2020-03-06T16:49:27.282+0700 DEBUG Filter 'jwtRequestFilter' configured for use
2020-03-06T16:49:27.769+0700 INFO Started StartBookApplication in 1.57 seconds (JVM running for 92051.921)
2020-03-06T16:49:37.981+0700 INFO Starting StartBookApplication on OMS-PC-232 with PID 45756 (C:\Users\User\Documents\spring-boot-workspace\book-shop\target\classes started by User in C:\Users\User\Documents\spring-boot-workspace\book-shop)
2020-03-06T16:49:37.982+0700 DEBUG Running with Spring Boot v2.2.4.RELEASE, Spring v5.2.3.RELEASE
2020-03-06T16:49:37.982+0700 INFO No active profile set, falling back to default profiles: default
2020-03-06T16:49:39.039+0700 DEBUG Filter 'logAndSuppressRequestRejectedExceptionFilter' configured for use
2020-03-06T16:49:39.039+0700 DEBUG Filter 'jwtRequestFilter' configured for use
2020-03-06T16:49:41.804+0700 INFO Starting StartBookApplication on OMS-PC-232 with PID 45756 (C:\Users\User\Documents\spring-boot-workspace\book-shop\target\classes started by User in C:\Users\User\Documents\spring-boot-workspace\book-shop)
2020-03-06T16:49:41.805+0700 DEBUG Running with Spring Boot v2.2.4.RELEASE, Spring v5.2.3.RELEASE
2020-03-06T16:49:41.805+0700 INFO No active profile set, falling back to default profiles: default
2020-03-06T16:49:42.933+0700 DEBUG Filter 'logAndSuppressRequestRejectedExceptionFilter' configured for use
2020-03-06T16:49:42.933+0700 DEBUG Filter 'jwtRequestFilter' configured for use
2020-03-06T16:49:43.364+0700 INFO Started StartBookApplication in 1.614 seconds (JVM running for 92067.516)
2020-03-06T16:49:51.577+0700 INFO Starting StartBookApplication on OMS-PC-232 with PID 45756 (C:\Users\User\Documents\spring-boot-workspace\book-shop\target\classes started by User in C:\Users\User\Documents\spring-boot-workspace\book-shop)
2020-03-06T16:49:51.578+0700 DEBUG Running with Spring Boot v2.2.4.RELEASE, Spring v5.2.3.RELEASE
2020-03-06T16:49:51.578+0700 INFO No active profile set, falling back to default profiles: default
2020-03-06T16:49:52.542+0700 DEBUG Filter 'logAndSuppressRequestRejectedExceptionFilter' configured for use
2020-03-06T16:49:52.542+0700 DEBUG Filter 'jwtRequestFilter' configured for use
2020-03-06T16:49:53.013+0700 INFO Started StartBookApplication in 1.471 seconds (JVM running for 92077.165)
2020-03-06T16:50:09.111+0700 WARN JWT Token does not begin with Bearer String
2020-03-06T16:50:57.109+0700 WARN JWT Token does not begin with Bearer String
2020-03-06T16:51:00.952+0700 WARN JWT Token does not begin with Bearer String
2020-03-06T16:51:57.465+0700 INFO Starting StartBookApplication on OMS-PC-232 with PID 45756 (C:\Users\User\Documents\spring-boot-workspace\book-shop\target\classes started by User in C:\Users\User\Documents\spring-boot-workspace\book-shop)
2020-03-06T16:51:57.466+0700 DEBUG Running with Spring Boot v2.2.4.RELEASE, Spring v5.2.3.RELEASE
2020-03-06T16:51:57.466+0700 INFO No active profile set, falling back to default profiles: default
2020-03-06T16:51:58.587+0700 DEBUG Filter 'logAndSuppressRequestRejectedExceptionFilter' configured for use
2020-03-06T16:51:58.587+0700 DEBUG Filter 'jwtRequestFilter' configured for use
2020-03-06T16:51:59.064+0700 INFO Started StartBookApplication in 1.638 seconds (JVM running for 92203.216)
2020-03-06T16:51:59.483+0700 WARN JWT Token does not begin with Bearer String
2020-03-06T16:52:02.197+0700 WARN JWT Token does not begin with Bearer String
2020-03-06T16:52:09.953+0700 WARN JWT Token does not begin with Bearer String
2020-03-06T16:52:26.139+0700 WARN JWT Token does not begin with Bearer String
2020-03-06T16:53:57.821+0700 WARN JWT Token does not begin with Bearer String
2020-03-06T16:53:57.853+0700 ERROR must not be empty
2020-03-06T16:54:14.414+0700 WARN JWT Token does not begin with Bearer String
2020-03-06T16:54:26.692+0700 WARN JWT Token does not begin with Bearer String
2020-03-06T16:54:26.703+0700 ERROR Invalid email, must not be empty
2020-03-06T16:55:05.471+0700 INFO Starting StartBookApplication on OMS-PC-232 with PID 45756 (C:\Users\User\Documents\spring-boot-workspace\book-shop\target\classes started by User in C:\Users\User\Documents\spring-boot-workspace\book-shop)
2020-03-06T16:55:05.472+0700 DEBUG Running with Spring Boot v2.2.4.RELEASE, Spring v5.2.3.RELEASE
2020-03-06T16:55:05.472+0700 INFO No active profile set, falling back to default profiles: default
2020-03-06T16:55:06.480+0700 DEBUG Filter 'logAndSuppressRequestRejectedExceptionFilter' configured for use
2020-03-06T16:55:06.480+0700 DEBUG Filter 'jwtRequestFilter' configured for use
2020-03-06T16:55:06.929+0700 INFO Started StartBookApplication in 1.505 seconds (JVM running for 92391.082)
2020-03-06T16:55:16.047+0700 INFO Starting StartBookApplication on OMS-PC-232 with PID 45756 (C:\Users\User\Documents\spring-boot-workspace\book-shop\target\classes started by User in C:\Users\User\Documents\spring-boot-workspace\book-shop)
2020-03-06T16:55:16.048+0700 DEBUG Running with Spring Boot v2.2.4.RELEASE, Spring v5.2.3.RELEASE
2020-03-06T16:55:16.048+0700 INFO No active profile set, falling back to default profiles: default
2020-03-06T16:55:17.020+0700 DEBUG Filter 'logAndSuppressRequestRejectedExceptionFilter' configured for use
2020-03-06T16:55:17.020+0700 DEBUG Filter 'jwtRequestFilter' configured for use
2020-03-06T16:55:17.575+0700 INFO Started StartBookApplication in 1.557 seconds (JVM running for 92401.727)
2020-03-06T16:55:21.969+0700 WARN JWT Token does not begin with Bearer String
2020-03-06T16:55:22.007+0700 ERROR Invalid email, Password is required
2020-03-06T16:56:55.423+0700 INFO Starting UserControllerTest on OMS-PC-232 with PID 57084 (started by User in C:\Users\User\Documents\spring-boot-workspace\book-shop)
2020-03-06T16:56:55.426+0700 DEBUG Running with Spring Boot v2.2.4.RELEASE, Spring v5.2.3.RELEASE
2020-03-06T16:56:55.427+0700 INFO No active profile set, falling back to default profiles: default
2020-03-06T16:57:05.493+0700 INFO Started UserControllerTest in 10.471 seconds (JVM running for 12.454)
2020-03-06T16:57:06.580+0700 ERROR Invalid email
2020-03-06T16:57:51.710+0700 INFO Starting UserControllerTest on OMS-PC-232 with PID 59908 (started by User in C:\Users\User\Documents\spring-boot-workspace\book-shop)
2020-03-06T16:57:51.714+0700 DEBUG Running with Spring Boot v2.2.4.RELEASE, Spring v5.2.3.RELEASE
2020-03-06T16:57:51.714+0700 INFO No active profile set, falling back to default profiles: default
2020-03-06T16:58:02.117+0700 INFO Started UserControllerTest in 10.697 seconds (JVM running for 12.723)
2020-03-06T16:59:15.971+0700 INFO Starting UserControllerTest on OMS-PC-232 with PID 63016 (started by User in C:\Users\User\Documents\spring-boot-workspace\book-shop)
2020-03-06T16:59:15.974+0700 DEBUG Running with Spring Boot v2.2.4.RELEASE, Spring v5.2.3.RELEASE
2020-03-06T16:59:15.975+0700 INFO No active profile set, falling back to default profiles: default
2020-03-06T16:59:26.206+0700 INFO Started UserControllerTest in 10.601 seconds (JVM running for 12.641)
2020-03-06T17:00:08.625+0700 INFO Starting BookControllerTest on OMS-PC-232 with PID 61956 (started by User in C:\Users\User\Documents\spring-boot-workspace\book-shop)
2020-03-06T17:00:08.629+0700 DEBUG Running with Spring Boot v2.2.4.RELEASE, Spring v5.2.3.RELEASE
2020-03-06T17:00:08.630+0700 INFO No active profile set, falling back to default profiles: default
2020-03-06T17:00:20.528+0700 INFO Started BookControllerTest in 12.366 seconds (JVM running for 16.258)
2020-03-06T17:00:26.752+0700 INFO Starting DTOConverterTest on OMS-PC-232 with PID 61956 (started by User in C:\Users\User\Documents\spring-boot-workspace\book-shop)
2020-03-06T17:00:26.753+0700 DEBUG Running with Spring Boot v2.2.4.RELEASE, Spring v5.2.3.RELEASE
2020-03-06T17:00:26.753+0700 INFO No active profile set, falling back to default profiles: default
2020-03-06T17:00:31.677+0700 INFO Started DTOConverterTest in 4.967 seconds (JVM running for 27.408)
2020-03-06T17:02:03.125+0700 INFO Starting UserControllerTest on OMS-PC-232 with PID 66928 (started by User in C:\Users\User\Documents\spring-boot-workspace\book-shop)
2020-03-06T17:02:03.128+0700 DEBUG Running with Spring Boot v2.2.4.RELEASE, Spring v5.2.3.RELEASE
2020-03-06T17:02:03.129+0700 INFO No active profile set, falling back to default profiles: default
2020-03-06T17:02:12.210+0700 INFO Started UserControllerTest in 9.555 seconds (JVM running for 11.482)
