2020-03-05T08:10:46.069+0700 INFO Starting BookControllerTest on OMS-PC-232 with PID 35008 (started by User in C:\Users\User\Documents\spring-boot-workspace\book-shop)
2020-03-05T08:10:46.072+0700 DEBUG Running with Spring Boot v2.2.4.RELEASE, Spring v5.2.3.RELEASE
2020-03-05T08:10:46.073+0700 INFO No active profile set, falling back to default profiles: default
2020-03-05T08:11:00.716+0700 INFO Started BookControllerTest in 15.225 seconds (JVM running for 17.867)
2020-03-05T08:11:37.766+0700 INFO Starting BookControllerTest on OMS-PC-232 with PID 26304 (started by User in C:\Users\User\Documents\spring-boot-workspace\book-shop)
2020-03-05T08:11:37.771+0700 DEBUG Running with Spring Boot v2.2.4.RELEASE, Spring v5.2.3.RELEASE
2020-03-05T08:11:37.772+0700 INFO No active profile set, falling back to default profiles: default
2020-03-05T08:11:50.865+0700 INFO Started BookControllerTest in 13.389 seconds (JVM running for 15.643)
2020-03-05T08:14:34.478+0700 INFO Starting BookControllerTest on OMS-PC-232 with PID 33140 (started by User in C:\Users\User\Documents\spring-boot-workspace\book-shop)
2020-03-05T08:14:34.481+0700 DEBUG Running with Spring Boot v2.2.4.RELEASE, Spring v5.2.3.RELEASE
2020-03-05T08:14:34.481+0700 INFO No active profile set, falling back to default profiles: default
2020-03-05T08:14:48.375+0700 INFO Started BookControllerTest in 14.235 seconds (JVM running for 16.185)
2020-03-05T08:18:10.726+0700 INFO Starting BookControllerTest on OMS-PC-232 with PID 37344 (started by User in C:\Users\User\Documents\spring-boot-workspace\book-shop)
2020-03-05T08:18:10.730+0700 DEBUG Running with Spring Boot v2.2.4.RELEASE, Spring v5.2.3.RELEASE
2020-03-05T08:18:10.731+0700 INFO No active profile set, falling back to default profiles: default
2020-03-05T08:18:26.587+0700 INFO Started BookControllerTest in 16.479 seconds (JVM running for 20.524)
2020-03-05T08:18:29.989+0700 INFO Starting DTOConverterTest on OMS-PC-232 with PID 37344 (started by User in C:\Users\User\Documents\spring-boot-workspace\book-shop)
2020-03-05T08:18:29.990+0700 DEBUG Running with Spring Boot v2.2.4.RELEASE, Spring v5.2.3.RELEASE
2020-03-05T08:18:29.991+0700 INFO No active profile set, falling back to default profiles: default
2020-03-05T08:18:37.385+0700 INFO Started DTOConverterTest in 7.44 seconds (JVM running for 31.323)
2020-03-05T08:24:46.818+0700 INFO Starting StartBookApplication on OMS-PC-232 with PID 24020 (C:\Users\User\Documents\spring-boot-workspace\book-shop\target\classes started by User in C:\Users\User\Documents\spring-boot-workspace\book-shop)
2020-03-05T08:24:46.819+0700 DEBUG Running with Spring Boot v2.2.4.RELEASE, Spring v5.2.3.RELEASE
2020-03-05T08:24:46.819+0700 INFO No active profile set, falling back to default profiles: default
2020-03-05T08:24:50.329+0700 DEBUG Filter 'logAndSuppressRequestRejectedExceptionFilter' configured for use
2020-03-05T08:24:50.329+0700 DEBUG Filter 'jwtRequestFilter' configured for use
2020-03-05T08:24:51.054+0700 INFO Started StartBookApplication in 4.291 seconds (JVM running for 232240.739)
2020-03-05T08:25:18.387+0700 INFO Starting BookControllerTest on OMS-PC-232 with PID 38804 (started by User in C:\Users\User\Documents\spring-boot-workspace\book-shop)
2020-03-05T08:25:18.391+0700 DEBUG Running with Spring Boot v2.2.4.RELEASE, Spring v5.2.3.RELEASE
2020-03-05T08:25:18.392+0700 INFO No active profile set, falling back to default profiles: default
2020-03-05T08:25:34.069+0700 INFO Started BookControllerTest in 16.218 seconds (JVM running for 20.41)
2020-03-05T08:25:37.089+0700 INFO Starting DTOConverterTest on OMS-PC-232 with PID 38804 (started by User in C:\Users\User\Documents\spring-boot-workspace\book-shop)
2020-03-05T08:25:37.090+0700 DEBUG Running with Spring Boot v2.2.4.RELEASE, Spring v5.2.3.RELEASE
2020-03-05T08:25:37.090+0700 INFO No active profile set, falling back to default profiles: default
2020-03-05T08:25:43.507+0700 INFO Started DTOConverterTest in 6.528 seconds (JVM running for 29.848)
2020-03-05T08:27:33.317+0700 INFO Starting BookControllerTest on OMS-PC-232 with PID 2008 (started by User in C:\Users\User\Documents\spring-boot-workspace\book-shop)
2020-03-05T08:27:33.324+0700 DEBUG Running with Spring Boot v2.2.4.RELEASE, Spring v5.2.3.RELEASE
2020-03-05T08:27:33.325+0700 INFO No active profile set, falling back to default profiles: default
2020-03-05T08:27:47.633+0700 INFO Started BookControllerTest in 15.116 seconds (JVM running for 18.907)
2020-03-05T08:27:51.583+0700 INFO Starting DTOConverterTest on OMS-PC-232 with PID 2008 (started by User in C:\Users\User\Documents\spring-boot-workspace\book-shop)
2020-03-05T08:27:51.585+0700 DEBUG Running with Spring Boot v2.2.4.RELEASE, Spring v5.2.3.RELEASE
2020-03-05T08:27:51.585+0700 INFO No active profile set, falling back to default profiles: default
2020-03-05T08:27:58.661+0700 INFO Started DTOConverterTest in 7.122 seconds (JVM running for 29.936)
2020-03-05T08:30:41.254+0700 INFO Starting BookControllerTest on OMS-PC-232 with PID 44384 (started by User in C:\Users\User\Documents\spring-boot-workspace\book-shop)
2020-03-05T08:30:41.258+0700 DEBUG Running with Spring Boot v2.2.4.RELEASE, Spring v5.2.3.RELEASE
2020-03-05T08:30:41.258+0700 INFO No active profile set, falling back to default profiles: default
2020-03-05T08:30:55.696+0700 INFO Started BookControllerTest in 14.875 seconds (JVM running for 18.97)
2020-03-05T08:30:58.813+0700 INFO Starting DTOConverterTest on OMS-PC-232 with PID 44384 (started by User in C:\Users\User\Documents\spring-boot-workspace\book-shop)
2020-03-05T08:30:58.814+0700 DEBUG Running with Spring Boot v2.2.4.RELEASE, Spring v5.2.3.RELEASE
2020-03-05T08:30:58.815+0700 INFO No active profile set, falling back to default profiles: default
2020-03-05T08:31:04.798+0700 INFO Started DTOConverterTest in 6.039 seconds (JVM running for 28.072)
2020-03-05T08:31:50.136+0700 INFO Starting BookControllerTest on OMS-PC-232 with PID 32532 (started by User in C:\Users\User\Documents\spring-boot-workspace\book-shop)
2020-03-05T08:31:50.140+0700 DEBUG Running with Spring Boot v2.2.4.RELEASE, Spring v5.2.3.RELEASE
2020-03-05T08:31:50.141+0700 INFO No active profile set, falling back to default profiles: default
2020-03-05T08:32:06.231+0700 INFO Started BookControllerTest in 16.798 seconds (JVM running for 21.758)
2020-03-05T08:32:09.740+0700 INFO Starting DTOConverterTest on OMS-PC-232 with PID 32532 (started by User in C:\Users\User\Documents\spring-boot-workspace\book-shop)
2020-03-05T08:32:09.741+0700 DEBUG Running with Spring Boot v2.2.4.RELEASE, Spring v5.2.3.RELEASE
2020-03-05T08:32:09.742+0700 INFO No active profile set, falling back to default profiles: default
2020-03-05T08:32:19.483+0700 INFO Started DTOConverterTest in 9.831 seconds (JVM running for 35.01)
2020-03-05T08:50:23.400+0700 INFO Starting StartBookApplication on OMS-PC-232 with PID 24020 (C:\Users\User\Documents\spring-boot-workspace\book-shop\target\classes started by User in C:\Users\User\Documents\spring-boot-workspace\book-shop)
2020-03-05T08:50:23.401+0700 DEBUG Running with Spring Boot v2.2.4.RELEASE, Spring v5.2.3.RELEASE
2020-03-05T08:50:23.402+0700 INFO No active profile set, falling back to default profiles: default
2020-03-05T08:50:26.458+0700 DEBUG Filter 'logAndSuppressRequestRejectedExceptionFilter' configured for use
2020-03-05T08:50:26.459+0700 DEBUG Filter 'jwtRequestFilter' configured for use
2020-03-05T08:50:26.909+0700 INFO Started StartBookApplication in 3.543 seconds (JVM running for 233776.593)
2020-03-05T08:53:26.233+0700 INFO Starting StartBookApplication on OMS-PC-232 with PID 24020 (C:\Users\User\Documents\spring-boot-workspace\book-shop\target\classes started by User in C:\Users\User\Documents\spring-boot-workspace\book-shop)
2020-03-05T08:53:26.234+0700 DEBUG Running with Spring Boot v2.2.4.RELEASE, Spring v5.2.3.RELEASE
2020-03-05T08:53:26.234+0700 INFO No active profile set, falling back to default profiles: default
2020-03-05T08:53:29.454+0700 DEBUG Filter 'logAndSuppressRequestRejectedExceptionFilter' configured for use
2020-03-05T08:53:29.454+0700 DEBUG Filter 'jwtRequestFilter' configured for use
2020-03-05T08:53:29.919+0700 INFO Started StartBookApplication in 3.722 seconds (JVM running for 233959.604)
2020-03-05T15:14:14.260+0700 INFO Starting AuthorControllerTest on OMS-PC-232 with PID 46520 (started by User in C:\Users\User\Documents\spring-boot-workspace\book-shop)
2020-03-05T15:14:14.264+0700 DEBUG Running with Spring Boot v2.2.4.RELEASE, Spring v5.2.3.RELEASE
2020-03-05T15:14:14.264+0700 INFO No active profile set, falling back to default profiles: default
2020-03-05T15:14:26.644+0700 INFO Started AuthorControllerTest in 12.873 seconds (JVM running for 15.19)
2020-03-05T15:15:21.617+0700 INFO Starting StartBookApplication on OMS-PC-232 with PID 45756 (C:\Users\User\Documents\spring-boot-workspace\book-shop\target\classes started by User in C:\Users\User\Documents\spring-boot-workspace\book-shop)
2020-03-05T15:15:21.619+0700 DEBUG Running with Spring Boot v2.2.4.RELEASE, Spring v5.2.3.RELEASE
2020-03-05T15:15:21.620+0700 INFO No active profile set, falling back to default profiles: default
2020-03-05T15:15:27.587+0700 DEBUG Filter 'logAndSuppressRequestRejectedExceptionFilter' configured for use
2020-03-05T15:15:27.588+0700 DEBUG Filter 'jwtRequestFilter' configured for use
2020-03-05T15:15:29.503+0700 INFO Started StartBookApplication in 8.117 seconds (JVM running for 9.27)
2020-03-05T15:15:37.086+0700 INFO Starting AuthorControllerTest on OMS-PC-232 with PID 42724 (started by User in C:\Users\User\Documents\spring-boot-workspace\book-shop)
2020-03-05T15:15:37.088+0700 DEBUG Running with Spring Boot v2.2.4.RELEASE, Spring v5.2.3.RELEASE
2020-03-05T15:15:37.089+0700 INFO No active profile set, falling back to default profiles: default
2020-03-05T15:15:50.491+0700 INFO Started AuthorControllerTest in 13.737 seconds (JVM running for 15.573)
2020-03-05T15:16:10.250+0700 WARN JWT Token has expired
2020-03-05T15:16:15.439+0700 WARN JWT Token does not begin with Bearer String
2020-03-05T15:16:36.027+0700 INFO Starting AuthorControllerTest on OMS-PC-232 with PID 46892 (started by User in C:\Users\User\Documents\spring-boot-workspace\book-shop)
2020-03-05T15:16:36.030+0700 DEBUG Running with Spring Boot v2.2.4.RELEASE, Spring v5.2.3.RELEASE
2020-03-05T15:16:36.030+0700 INFO No active profile set, falling back to default profiles: default
2020-03-05T15:16:47.791+0700 INFO Started AuthorControllerTest in 12.081 seconds (JVM running for 14.025)
2020-03-05T15:18:10.162+0700 INFO Starting AuthorControllerTest on OMS-PC-232 with PID 47252 (started by User in C:\Users\User\Documents\spring-boot-workspace\book-shop)
2020-03-05T15:18:10.169+0700 DEBUG Running with Spring Boot v2.2.4.RELEASE, Spring v5.2.3.RELEASE
2020-03-05T15:18:10.170+0700 INFO No active profile set, falling back to default profiles: default
2020-03-05T15:18:22.016+0700 INFO Started AuthorControllerTest in 12.135 seconds (JVM running for 14.001)
2020-03-05T15:19:05.884+0700 INFO Starting StartBookApplication on OMS-PC-232 with PID 45756 (C:\Users\User\Documents\spring-boot-workspace\book-shop\target\classes started by User in C:\Users\User\Documents\spring-boot-workspace\book-shop)
2020-03-05T15:19:05.885+0700 DEBUG Running with Spring Boot v2.2.4.RELEASE, Spring v5.2.3.RELEASE
2020-03-05T15:19:05.885+0700 INFO No active profile set, falling back to default profiles: default
2020-03-05T15:19:08.985+0700 DEBUG Filter 'logAndSuppressRequestRejectedExceptionFilter' configured for use
2020-03-05T15:19:08.986+0700 DEBUG Filter 'jwtRequestFilter' configured for use
2020-03-05T15:19:09.681+0700 INFO Started StartBookApplication in 3.838 seconds (JVM running for 229.448)
2020-03-05T15:19:44.521+0700 INFO Starting AuthorControllerTest on OMS-PC-232 with PID 46992 (started by User in C:\Users\User\Documents\spring-boot-workspace\book-shop)
2020-03-05T15:19:44.524+0700 DEBUG Running with Spring Boot v2.2.4.RELEASE, Spring v5.2.3.RELEASE
2020-03-05T15:19:44.524+0700 INFO No active profile set, falling back to default profiles: default
2020-03-05T15:19:55.403+0700 INFO Started AuthorControllerTest in 11.171 seconds (JVM running for 13.172)
2020-03-05T15:21:52.157+0700 INFO Starting AuthorControllerTest on OMS-PC-232 with PID 3136 (started by User in C:\Users\User\Documents\spring-boot-workspace\book-shop)
2020-03-05T15:21:52.160+0700 DEBUG Running with Spring Boot v2.2.4.RELEASE, Spring v5.2.3.RELEASE
2020-03-05T15:21:52.161+0700 INFO No active profile set, falling back to default profiles: default
2020-03-05T15:22:03.221+0700 INFO Started AuthorControllerTest in 11.37 seconds (JVM running for 13.166)
2020-03-05T15:24:05.661+0700 INFO Starting AuthorControllerTest on OMS-PC-232 with PID 23536 (started by User in C:\Users\User\Documents\spring-boot-workspace\book-shop)
2020-03-05T15:24:05.664+0700 DEBUG Running with Spring Boot v2.2.4.RELEASE, Spring v5.2.3.RELEASE
2020-03-05T15:24:05.665+0700 INFO No active profile set, falling back to default profiles: default
2020-03-05T15:24:16.634+0700 INFO Started AuthorControllerTest in 11.276 seconds (JVM running for 13.406)
2020-03-05T15:25:28.365+0700 INFO Starting AuthorControllerTest on OMS-PC-232 with PID 42608 (started by User in C:\Users\User\Documents\spring-boot-workspace\book-shop)
2020-03-05T15:25:28.369+0700 DEBUG Running with Spring Boot v2.2.4.RELEASE, Spring v5.2.3.RELEASE
2020-03-05T15:25:28.370+0700 INFO No active profile set, falling back to default profiles: default
2020-03-05T15:25:39.692+0700 INFO Started AuthorControllerTest in 11.715 seconds (JVM running for 13.557)
2020-03-05T15:25:58.954+0700 WARN JWT Token has expired
2020-03-05T15:26:10.177+0700 WARN JWT Token has expired
2020-03-05T15:26:19.327+0700 WARN JWT Token does not begin with Bearer String
2020-03-05T15:28:58.311+0700 INFO Starting StartBookApplication on OMS-PC-232 with PID 45756 (C:\Users\User\Documents\spring-boot-workspace\book-shop\target\classes started by User in C:\Users\User\Documents\spring-boot-workspace\book-shop)
2020-03-05T15:28:58.312+0700 DEBUG Running with Spring Boot v2.2.4.RELEASE, Spring v5.2.3.RELEASE
2020-03-05T15:28:58.312+0700 INFO No active profile set, falling back to default profiles: default
2020-03-05T15:29:01.080+0700 DEBUG Filter 'logAndSuppressRequestRejectedExceptionFilter' configured for use
2020-03-05T15:29:01.080+0700 DEBUG Filter 'jwtRequestFilter' configured for use
2020-03-05T15:29:29.943+0700 INFO Starting StartBookApplication on OMS-PC-232 with PID 45756 (C:\Users\User\Documents\spring-boot-workspace\book-shop\target\classes started by User in C:\Users\User\Documents\spring-boot-workspace\book-shop)
2020-03-05T15:29:29.944+0700 DEBUG Running with Spring Boot v2.2.4.RELEASE, Spring v5.2.3.RELEASE
2020-03-05T15:29:29.944+0700 INFO No active profile set, falling back to default profiles: default
2020-03-05T15:29:32.936+0700 DEBUG Filter 'logAndSuppressRequestRejectedExceptionFilter' configured for use
2020-03-05T15:29:32.936+0700 DEBUG Filter 'jwtRequestFilter' configured for use
2020-03-05T15:29:43.836+0700 INFO Starting AuthorControllerTest on OMS-PC-232 with PID 3296 (started by User in C:\Users\User\Documents\spring-boot-workspace\book-shop)
2020-03-05T15:29:43.839+0700 DEBUG Running with Spring Boot v2.2.4.RELEASE, Spring v5.2.3.RELEASE
2020-03-05T15:29:43.839+0700 INFO No active profile set, falling back to default profiles: default
2020-03-05T15:31:13.628+0700 INFO Starting StartBookApplication on OMS-PC-232 with PID 45756 (C:\Users\User\Documents\spring-boot-workspace\book-shop\target\classes started by User in C:\Users\User\Documents\spring-boot-workspace\book-shop)
2020-03-05T15:31:13.629+0700 DEBUG Running with Spring Boot v2.2.4.RELEASE, Spring v5.2.3.RELEASE
2020-03-05T15:31:13.629+0700 INFO No active profile set, falling back to default profiles: default
2020-03-05T15:31:16.720+0700 DEBUG Filter 'logAndSuppressRequestRejectedExceptionFilter' configured for use
2020-03-05T15:31:16.721+0700 DEBUG Filter 'jwtRequestFilter' configured for use
2020-03-05T15:38:07.237+0700 INFO Starting StartBookApplication on OMS-PC-232 with PID 45756 (C:\Users\User\Documents\spring-boot-workspace\book-shop\target\classes started by User in C:\Users\User\Documents\spring-boot-workspace\book-shop)
2020-03-05T15:38:07.238+0700 DEBUG Running with Spring Boot v2.2.4.RELEASE, Spring v5.2.3.RELEASE
2020-03-05T15:38:07.238+0700 INFO No active profile set, falling back to default profiles: default
2020-03-05T15:38:09.969+0700 DEBUG Filter 'logAndSuppressRequestRejectedExceptionFilter' configured for use
2020-03-05T15:38:09.969+0700 DEBUG Filter 'jwtRequestFilter' configured for use
2020-03-05T15:38:10.399+0700 INFO Started StartBookApplication in 3.201 seconds (JVM running for 1370.166)
2020-03-05T15:39:39.996+0700 INFO Starting AuthorControllerTest on OMS-PC-232 with PID 21764 (started by User in C:\Users\User\Documents\spring-boot-workspace\book-shop)
2020-03-05T15:39:39.999+0700 DEBUG Running with Spring Boot v2.2.4.RELEASE, Spring v5.2.3.RELEASE
2020-03-05T15:39:39.999+0700 INFO No active profile set, falling back to default profiles: default
2020-03-05T15:39:51.314+0700 INFO Started AuthorControllerTest in 11.742 seconds (JVM running for 13.627)
2020-03-05T15:40:37.128+0700 INFO Starting AuthorControllerTest on OMS-PC-232 with PID 25144 (started by User in C:\Users\User\Documents\spring-boot-workspace\book-shop)
2020-03-05T15:40:37.138+0700 DEBUG Running with Spring Boot v2.2.4.RELEASE, Spring v5.2.3.RELEASE
2020-03-05T15:40:37.138+0700 INFO No active profile set, falling back to default profiles: default
2020-03-05T15:40:49.364+0700 INFO Started AuthorControllerTest in 12.669 seconds (JVM running for 14.736)
2020-03-05T15:41:12.706+0700 INFO Starting StartBookApplication on OMS-PC-232 with PID 45756 (C:\Users\User\Documents\spring-boot-workspace\book-shop\target\classes started by User in C:\Users\User\Documents\spring-boot-workspace\book-shop)
2020-03-05T15:41:12.707+0700 DEBUG Running with Spring Boot v2.2.4.RELEASE, Spring v5.2.3.RELEASE
2020-03-05T15:41:12.707+0700 INFO No active profile set, falling back to default profiles: default
2020-03-05T15:41:15.796+0700 DEBUG Filter 'logAndSuppressRequestRejectedExceptionFilter' configured for use
2020-03-05T15:41:15.797+0700 DEBUG Filter 'jwtRequestFilter' configured for use
2020-03-05T15:41:16.274+0700 INFO Started StartBookApplication in 3.608 seconds (JVM running for 1556.041)
2020-03-05T15:41:20.124+0700 INFO Starting StartBookApplication on OMS-PC-232 with PID 45756 (C:\Users\User\Documents\spring-boot-workspace\book-shop\target\classes started by User in C:\Users\User\Documents\spring-boot-workspace\book-shop)
2020-03-05T15:41:20.124+0700 DEBUG Running with Spring Boot v2.2.4.RELEASE, Spring v5.2.3.RELEASE
2020-03-05T15:41:20.124+0700 INFO No active profile set, falling back to default profiles: default
2020-03-05T15:41:22.911+0700 DEBUG Filter 'logAndSuppressRequestRejectedExceptionFilter' configured for use
2020-03-05T15:41:22.911+0700 DEBUG Filter 'jwtRequestFilter' configured for use
2020-03-05T15:41:23.338+0700 INFO Started StartBookApplication in 3.248 seconds (JVM running for 1563.105)
2020-03-05T15:41:30.381+0700 INFO Starting AuthorControllerTest on OMS-PC-232 with PID 49964 (started by User in C:\Users\User\Documents\spring-boot-workspace\book-shop)
2020-03-05T15:41:30.388+0700 DEBUG Running with Spring Boot v2.2.4.RELEASE, Spring v5.2.3.RELEASE
2020-03-05T15:41:30.389+0700 INFO No active profile set, falling back to default profiles: default
2020-03-05T15:41:42.273+0700 INFO Started AuthorControllerTest in 12.214 seconds (JVM running for 13.927)
2020-03-05T16:01:18.922+0700 INFO Starting AuthorControllerTest on OMS-PC-232 with PID 50180 (started by User in C:\Users\User\Documents\spring-boot-workspace\book-shop)
2020-03-05T16:01:18.925+0700 DEBUG Running with Spring Boot v2.2.4.RELEASE, Spring v5.2.3.RELEASE
2020-03-05T16:01:18.926+0700 INFO No active profile set, falling back to default profiles: default
2020-03-05T16:01:31.054+0700 INFO Started AuthorControllerTest in 12.443 seconds (JVM running for 14.41)
2020-03-05T16:08:45.594+0700 INFO Starting AuthorControllerTest on OMS-PC-232 with PID 31808 (started by User in C:\Users\User\Documents\spring-boot-workspace\book-shop)
2020-03-05T16:08:45.597+0700 DEBUG Running with Spring Boot v2.2.4.RELEASE, Spring v5.2.3.RELEASE
2020-03-05T16:08:45.597+0700 INFO No active profile set, falling back to default profiles: default
2020-03-05T16:08:59.400+0700 INFO Started AuthorControllerTest in 14.133 seconds (JVM running for 16.741)
2020-03-05T16:13:45.845+0700 INFO Starting AuthorControllerTest on OMS-PC-232 with PID 48364 (started by User in C:\Users\User\Documents\spring-boot-workspace\book-shop)
2020-03-05T16:13:45.848+0700 DEBUG Running with Spring Boot v2.2.4.RELEASE, Spring v5.2.3.RELEASE
2020-03-05T16:13:45.848+0700 INFO No active profile set, falling back to default profiles: default
2020-03-05T16:13:57.945+0700 INFO Started AuthorControllerTest in 12.407 seconds (JVM running for 14.44)
2020-03-05T16:15:32.432+0700 WARN JWT Token has expired
2020-03-05T16:18:24.638+0700 INFO Starting StartBookApplication on OMS-PC-232 with PID 45756 (C:\Users\User\Documents\spring-boot-workspace\book-shop\target\classes started by User in C:\Users\User\Documents\spring-boot-workspace\book-shop)
2020-03-05T16:18:24.638+0700 DEBUG Running with Spring Boot v2.2.4.RELEASE, Spring v5.2.3.RELEASE
2020-03-05T16:18:24.639+0700 INFO No active profile set, falling back to default profiles: default
2020-03-05T16:18:27.485+0700 DEBUG Filter 'logAndSuppressRequestRejectedExceptionFilter' configured for use
2020-03-05T16:18:27.485+0700 DEBUG Filter 'jwtRequestFilter' configured for use
2020-03-05T16:18:27.931+0700 INFO Started StartBookApplication in 3.33 seconds (JVM running for 3787.698)
2020-03-05T16:18:33.063+0700 INFO Starting AuthorControllerTest on OMS-PC-232 with PID 50940 (started by User in C:\Users\User\Documents\spring-boot-workspace\book-shop)
2020-03-05T16:18:33.065+0700 DEBUG Running with Spring Boot v2.2.4.RELEASE, Spring v5.2.3.RELEASE
2020-03-05T16:18:33.066+0700 INFO No active profile set, falling back to default profiles: default
2020-03-05T16:18:46.732+0700 INFO Started AuthorControllerTest in 14.043 seconds (JVM running for 15.819)
2020-03-05T16:25:32.571+0700 INFO Starting StartBookApplication on OMS-PC-232 with PID 45756 (C:\Users\User\Documents\spring-boot-workspace\book-shop\target\classes started by User in C:\Users\User\Documents\spring-boot-workspace\book-shop)
2020-03-05T16:25:32.572+0700 DEBUG Running with Spring Boot v2.2.4.RELEASE, Spring v5.2.3.RELEASE
2020-03-05T16:25:32.572+0700 INFO No active profile set, falling back to default profiles: default
2020-03-05T16:25:35.402+0700 DEBUG Filter 'logAndSuppressRequestRejectedExceptionFilter' configured for use
2020-03-05T16:25:35.403+0700 DEBUG Filter 'jwtRequestFilter' configured for use
2020-03-05T16:25:35.827+0700 INFO Started StartBookApplication in 3.29 seconds (JVM running for 4215.593)
2020-03-05T16:25:47.957+0700 INFO Starting AuthorControllerTest on OMS-PC-232 with PID 19136 (started by User in C:\Users\User\Documents\spring-boot-workspace\book-shop)
2020-03-05T16:25:47.961+0700 DEBUG Running with Spring Boot v2.2.4.RELEASE, Spring v5.2.3.RELEASE
2020-03-05T16:25:47.961+0700 INFO No active profile set, falling back to default profiles: default
2020-03-05T16:26:00.293+0700 INFO Started AuthorControllerTest in 12.638 seconds (JVM running for 14.865)
2020-03-05T16:35:14.694+0700 INFO Starting StartBookApplication on OMS-PC-232 with PID 45756 (C:\Users\User\Documents\spring-boot-workspace\book-shop\target\classes started by User in C:\Users\User\Documents\spring-boot-workspace\book-shop)
2020-03-05T16:35:14.695+0700 DEBUG Running with Spring Boot v2.2.4.RELEASE, Spring v5.2.3.RELEASE
2020-03-05T16:35:14.695+0700 INFO No active profile set, falling back to default profiles: default
2020-03-05T16:35:15.765+0700 DEBUG Filter 'logAndSuppressRequestRejectedExceptionFilter' configured for use
2020-03-05T16:35:15.765+0700 DEBUG Filter 'jwtRequestFilter' configured for use
2020-03-05T16:35:16.293+0700 INFO Started StartBookApplication in 1.632 seconds (JVM running for 4796.059)
2020-03-05T17:38:11.340+0700 INFO Starting StartBookApplication on OMS-PC-232 with PID 45756 (C:\Users\User\Documents\spring-boot-workspace\book-shop\target\classes started by User in C:\Users\User\Documents\spring-boot-workspace\book-shop)
2020-03-05T17:38:11.342+0700 DEBUG Running with Spring Boot v2.2.4.RELEASE, Spring v5.2.3.RELEASE
2020-03-05T17:38:11.342+0700 INFO No active profile set, falling back to default profiles: default
2020-03-05T17:38:12.430+0700 DEBUG Filter 'logAndSuppressRequestRejectedExceptionFilter' configured for use
2020-03-05T17:38:12.430+0700 DEBUG Filter 'jwtRequestFilter' configured for use
2020-03-05T17:38:12.844+0700 INFO Started StartBookApplication in 1.543 seconds (JVM running for 8572.611)
2020-03-05T17:38:42.493+0700 INFO Starting StartBookApplication on OMS-PC-232 with PID 45756 (C:\Users\User\Documents\spring-boot-workspace\book-shop\target\classes started by User in C:\Users\User\Documents\spring-boot-workspace\book-shop)
2020-03-05T17:38:42.494+0700 DEBUG Running with Spring Boot v2.2.4.RELEASE, Spring v5.2.3.RELEASE
2020-03-05T17:38:42.494+0700 INFO No active profile set, falling back to default profiles: default
2020-03-05T17:38:43.465+0700 DEBUG Filter 'logAndSuppressRequestRejectedExceptionFilter' configured for use
2020-03-05T17:38:43.465+0700 DEBUG Filter 'jwtRequestFilter' configured for use
2020-03-05T17:38:43.911+0700 INFO Started StartBookApplication in 1.456 seconds (JVM running for 8603.678)
2020-03-05T17:39:02.143+0700 WARN JWT Token has expired
2020-03-05T17:40:43.669+0700 INFO Starting StartBookApplication on OMS-PC-232 with PID 45756 (C:\Users\User\Documents\spring-boot-workspace\book-shop\target\classes started by User in C:\Users\User\Documents\spring-boot-workspace\book-shop)
2020-03-05T17:40:43.670+0700 DEBUG Running with Spring Boot v2.2.4.RELEASE, Spring v5.2.3.RELEASE
2020-03-05T17:40:43.670+0700 INFO No active profile set, falling back to default profiles: default
2020-03-05T17:40:44.681+0700 DEBUG Filter 'logAndSuppressRequestRejectedExceptionFilter' configured for use
2020-03-05T17:40:44.682+0700 DEBUG Filter 'jwtRequestFilter' configured for use
2020-03-05T17:40:45.094+0700 INFO Started StartBookApplication in 1.463 seconds (JVM running for 8724.861)
2020-03-05T17:42:01.397+0700 INFO Starting StartBookApplication on OMS-PC-232 with PID 45756 (C:\Users\User\Documents\spring-boot-workspace\book-shop\target\classes started by User in C:\Users\User\Documents\spring-boot-workspace\book-shop)
2020-03-05T17:42:01.397+0700 DEBUG Running with Spring Boot v2.2.4.RELEASE, Spring v5.2.3.RELEASE
2020-03-05T17:42:01.398+0700 INFO No active profile set, falling back to default profiles: default
2020-03-05T17:42:02.316+0700 DEBUG Filter 'logAndSuppressRequestRejectedExceptionFilter' configured for use
2020-03-05T17:42:02.317+0700 DEBUG Filter 'jwtRequestFilter' configured for use
2020-03-05T17:42:02.781+0700 INFO Started StartBookApplication in 1.422 seconds (JVM running for 8802.548)
2020-03-05T17:42:04.601+0700 INFO Starting StartBookApplication on OMS-PC-232 with PID 45756 (C:\Users\User\Documents\spring-boot-workspace\book-shop\target\classes started by User in C:\Users\User\Documents\spring-boot-workspace\book-shop)
2020-03-05T17:42:04.601+0700 DEBUG Running with Spring Boot v2.2.4.RELEASE, Spring v5.2.3.RELEASE
2020-03-05T17:42:04.602+0700 INFO No active profile set, falling back to default profiles: default
2020-03-05T17:42:05.540+0700 DEBUG Filter 'logAndSuppressRequestRejectedExceptionFilter' configured for use
2020-03-05T17:42:05.540+0700 DEBUG Filter 'jwtRequestFilter' configured for use
2020-03-05T17:42:06.025+0700 INFO Started StartBookApplication in 1.461 seconds (JVM running for 8805.792)
2020-03-05T17:42:23.690+0700 INFO Starting AuthorControllerTest on OMS-PC-232 with PID 23076 (started by User in C:\Users\User\Documents\spring-boot-workspace\book-shop)
2020-03-05T17:42:23.693+0700 DEBUG Running with Spring Boot v2.2.4.RELEASE, Spring v5.2.3.RELEASE
2020-03-05T17:42:23.693+0700 INFO No active profile set, falling back to default profiles: default
2020-03-05T17:42:32.300+0700 INFO Started AuthorControllerTest in 8.911 seconds (JVM running for 11.063)
2020-03-05T17:46:58.162+0700 INFO Starting AuthorControllerTest on OMS-PC-232 with PID 30440 (started by User in C:\Users\User\Documents\spring-boot-workspace\book-shop)
2020-03-05T17:46:58.165+0700 DEBUG Running with Spring Boot v2.2.4.RELEASE, Spring v5.2.3.RELEASE
2020-03-05T17:46:58.165+0700 INFO No active profile set, falling back to default profiles: default
2020-03-05T17:47:06.015+0700 INFO Started AuthorControllerTest in 8.252 seconds (JVM running for 9.995)
2020-03-06T09:51:59.742+0700 WARN JWT Token does not begin with Bearer String
2020-03-06T09:55:19.176+0700 WARN JWT Token does not begin with Bearer String
2020-03-06T09:55:24.120+0700 WARN JWT Token does not begin with Bearer String
2020-03-06T09:57:22.550+0700 WARN JWT Token does not begin with Bearer String
