2020-03-10T08:16:28.206+0700 INFO Starting BookControllerTest on OMS-PC-232 with PID 22204 (started by User in C:\Users\User\Documents\spring-boot-workspace\book-shop)
2020-03-10T08:16:28.211+0700 DEBUG Running with Spring Boot v2.2.4.RELEASE, Spring v5.2.3.RELEASE
2020-03-10T08:16:28.213+0700 INFO No active profile set, falling back to default profiles: default
2020-03-10T08:16:40.531+0700 INFO Started BookControllerTest in 12.712 seconds (JVM running for 16.666)
2020-03-10T08:16:43.984+0700 INFO Starting DTOConverterTest on OMS-PC-232 with PID 22204 (started by User in C:\Users\User\Documents\spring-boot-workspace\book-shop)
2020-03-10T08:16:43.986+0700 DEBUG Running with Spring Boot v2.2.4.RELEASE, Spring v5.2.3.RELEASE
2020-03-10T08:16:43.986+0700 INFO No active profile set, falling back to default profiles: default
2020-03-10T08:16:49.933+0700 INFO Started DTOConverterTest in 6.059 seconds (JVM running for 26.069)
2020-03-10T08:55:32.419+0700 INFO Starting BookControllerTest on OMS-PC-232 with PID 11220 (started by User in C:\Users\User\Documents\spring-boot-workspace\book-shop)
2020-03-10T08:55:32.421+0700 DEBUG Running with Spring Boot v2.2.4.RELEASE, Spring v5.2.3.RELEASE
2020-03-10T08:55:32.422+0700 INFO No active profile set, falling back to default profiles: default
2020-03-10T08:55:41.774+0700 INFO { /api/v1/logout} com.manhnv.authen.JwtAuthenticationController#logout(HttpServletRequest, HttpServletResponse)
2020-03-10T08:55:41.775+0700 INFO {POST /api/v1/auth} com.manhnv.authen.JwtAuthenticationController#createAuthenticationToken(JwtRequest)
2020-03-10T08:55:41.775+0700 INFO {POST /api/v1/author/{id}} com.manhnv.book.AuthorController#update(Long, AuthorChangeRequest)
2020-03-10T08:55:41.775+0700 INFO {GET /api/v1/author} com.manhnv.book.AuthorController#findAll(BasePageRequest)
2020-03-10T08:55:41.775+0700 INFO {POST /api/v1/author/{id}/vote} com.manhnv.book.AuthorController#vote(Long, Long, boolean)
2020-03-10T08:55:41.775+0700 INFO {GET /api/v1/vote} com.manhnv.book.AuthorController#viewVotes(VoteRequest)
2020-03-10T08:55:41.775+0700 INFO {GET /api/v1/book} com.manhnv.book.BookController#findAll(BookRequest)
2020-03-10T08:55:41.775+0700 INFO {GET /api/v1/book/{id}} com.manhnv.book.BookController#findOne(Long)
2020-03-10T08:55:41.775+0700 INFO {POST /api/v1/book/{id}/rate} com.manhnv.book.BookController#rateBook(Long, BookRateRequest)
2020-03-10T08:55:41.775+0700 INFO {GET /api/v1/book/{id}/rate} com.manhnv.book.BookController#viewAllRates(Long, BookRatePageRequest)
2020-03-10T08:55:41.775+0700 INFO {POST /api/v1/book} com.manhnv.book.BookController#newBook(BookCreateRequest)
2020-03-10T08:55:41.775+0700 INFO {DELETE /api/v1/book/{id}} com.manhnv.book.BookController#deleteBook(Long)
2020-03-10T08:55:41.775+0700 INFO {PUT /api/v1/book/{id}} com.manhnv.book.BookController#saveOrUpdate(Long, BookCreateRequest)
2020-03-10T08:55:41.776+0700 INFO {GET /api/v1/clear-cache} com.manhnv.cache.CacheController#clearAllCaches()
2020-03-10T08:55:41.776+0700 INFO { /error} com.manhnv.controller.CustomErrorController#onError(HttpServletRequest, HttpServletResponse)
2020-03-10T08:55:41.776+0700 INFO { /api/v1/error} com.manhnv.controller.CustomErrorController#onApiError()
2020-03-10T08:55:41.776+0700 INFO {POST /api/v1/create-data} com.manhnv.controller.TestController#create()
2020-03-10T08:55:41.776+0700 INFO {POST /api/v1/file/uploadMultiple} com.manhnv.file.FileController#uploadMultipleFiles(MultipartFile[])
2020-03-10T08:55:41.776+0700 INFO {GET /api/v1/file/download/{id}} com.manhnv.file.FileController#downloadFile(Long, HttpServletRequest)
2020-03-10T08:55:41.776+0700 INFO {POST /api/v1/file/upload} com.manhnv.file.FileController#uploadFile(MultipartFile)
2020-03-10T08:55:41.776+0700 INFO {GET /api/v1/user} com.manhnv.user.UserController#users(BasePageRequest)
2020-03-10T08:55:41.776+0700 INFO {GET /api/v1/user/{id}/following} com.manhnv.user.UserController#getFollowing(Long)
2020-03-10T08:55:41.776+0700 INFO {POST /api/v1/user/regist} com.manhnv.user.UserController#regist(UserCreateRequest)
2020-03-10T08:55:41.776+0700 INFO {PUT /api/v1/user/{id}} com.manhnv.user.UserController#updateUserInfo(Long, UserChangeRequest)
2020-03-10T08:55:41.798+0700 INFO Started BookControllerTest in 9.623 seconds (JVM running for 11.764)
2020-03-10T08:55:44.893+0700 INFO Starting DTOConverterTest on OMS-PC-232 with PID 11220 (started by User in C:\Users\User\Documents\spring-boot-workspace\book-shop)
2020-03-10T08:55:44.894+0700 DEBUG Running with Spring Boot v2.2.4.RELEASE, Spring v5.2.3.RELEASE
2020-03-10T08:55:44.894+0700 INFO No active profile set, falling back to default profiles: default
2020-03-10T08:55:50.082+0700 INFO { /api/v1/logout} com.manhnv.authen.JwtAuthenticationController#logout(HttpServletRequest, HttpServletResponse)
2020-03-10T08:55:50.082+0700 INFO {POST /api/v1/auth} com.manhnv.authen.JwtAuthenticationController#createAuthenticationToken(JwtRequest)
2020-03-10T08:55:50.082+0700 INFO {POST /api/v1/author/{id}} com.manhnv.book.AuthorController#update(Long, AuthorChangeRequest)
2020-03-10T08:55:50.082+0700 INFO {GET /api/v1/author} com.manhnv.book.AuthorController#findAll(BasePageRequest)
2020-03-10T08:55:50.082+0700 INFO {POST /api/v1/author/{id}/vote} com.manhnv.book.AuthorController#vote(Long, Long, boolean)
2020-03-10T08:55:50.082+0700 INFO {GET /api/v1/vote} com.manhnv.book.AuthorController#viewVotes(VoteRequest)
2020-03-10T08:55:50.082+0700 INFO {GET /api/v1/book} com.manhnv.book.BookController#findAll(BookRequest)
2020-03-10T08:55:50.083+0700 INFO {GET /api/v1/book/{id}} com.manhnv.book.BookController#findOne(Long)
2020-03-10T08:55:50.083+0700 INFO {POST /api/v1/book/{id}/rate} com.manhnv.book.BookController#rateBook(Long, BookRateRequest)
2020-03-10T08:55:50.083+0700 INFO {GET /api/v1/book/{id}/rate} com.manhnv.book.BookController#viewAllRates(Long, BookRatePageRequest)
2020-03-10T08:55:50.083+0700 INFO {POST /api/v1/book} com.manhnv.book.BookController#newBook(BookCreateRequest)
2020-03-10T08:55:50.083+0700 INFO {DELETE /api/v1/book/{id}} com.manhnv.book.BookController#deleteBook(Long)
2020-03-10T08:55:50.083+0700 INFO {PUT /api/v1/book/{id}} com.manhnv.book.BookController#saveOrUpdate(Long, BookCreateRequest)
2020-03-10T08:55:50.083+0700 INFO {GET /api/v1/clear-cache} com.manhnv.cache.CacheController#clearAllCaches()
2020-03-10T08:55:50.083+0700 INFO { /error} com.manhnv.controller.CustomErrorController#onError(HttpServletRequest, HttpServletResponse)
2020-03-10T08:55:50.083+0700 INFO { /api/v1/error} com.manhnv.controller.CustomErrorController#onApiError()
2020-03-10T08:55:50.083+0700 INFO {POST /api/v1/create-data} com.manhnv.controller.TestController#create()
2020-03-10T08:55:50.083+0700 INFO {POST /api/v1/file/uploadMultiple} com.manhnv.file.FileController#uploadMultipleFiles(MultipartFile[])
2020-03-10T08:55:50.083+0700 INFO {GET /api/v1/file/download/{id}} com.manhnv.file.FileController#downloadFile(Long, HttpServletRequest)
2020-03-10T08:55:50.083+0700 INFO {POST /api/v1/file/upload} com.manhnv.file.FileController#uploadFile(MultipartFile)
2020-03-10T08:55:50.083+0700 INFO {GET /api/v1/user} com.manhnv.user.UserController#users(BasePageRequest)
2020-03-10T08:55:50.083+0700 INFO {GET /api/v1/user/{id}/following} com.manhnv.user.UserController#getFollowing(Long)
2020-03-10T08:55:50.083+0700 INFO {POST /api/v1/user/regist} com.manhnv.user.UserController#regist(UserCreateRequest)
2020-03-10T08:55:50.083+0700 INFO {PUT /api/v1/user/{id}} com.manhnv.user.UserController#updateUserInfo(Long, UserChangeRequest)
2020-03-10T08:55:50.133+0700 INFO Started DTOConverterTest in 5.284 seconds (JVM running for 20.098)
2020-03-10T08:56:01.615+0700 INFO Starting StartBookApplication on OMS-PC-232 with PID 8076 (C:\Users\User\Documents\spring-boot-workspace\book-shop\target\classes started by User in C:\Users\User\Documents\spring-boot-workspace\book-shop)
2020-03-10T08:56:01.618+0700 DEBUG Running with Spring Boot v2.2.4.RELEASE, Spring v5.2.3.RELEASE
2020-03-10T08:56:01.641+0700 INFO No active profile set, falling back to default profiles: default
2020-03-10T08:56:07.025+0700 DEBUG Filter 'logAndSuppressRequestRejectedExceptionFilter' configured for use
2020-03-10T08:56:07.025+0700 DEBUG Filter 'jwtRequestFilter' configured for use
2020-03-10T08:56:08.395+0700 INFO { /api/v1/logout} com.manhnv.authen.JwtAuthenticationController#logout(HttpServletRequest, HttpServletResponse)
2020-03-10T08:56:08.396+0700 INFO {POST /api/v1/auth} com.manhnv.authen.JwtAuthenticationController#createAuthenticationToken(JwtRequest)
2020-03-10T08:56:08.396+0700 INFO {POST /api/v1/author/{id}} com.manhnv.book.AuthorController#update(Long, AuthorChangeRequest)
2020-03-10T08:56:08.396+0700 INFO {GET /api/v1/author} com.manhnv.book.AuthorController#findAll(BasePageRequest)
2020-03-10T08:56:08.396+0700 INFO {POST /api/v1/author/{id}/vote} com.manhnv.book.AuthorController#vote(Long, Long, boolean)
2020-03-10T08:56:08.396+0700 INFO {GET /api/v1/vote} com.manhnv.book.AuthorController#viewVotes(VoteRequest)
2020-03-10T08:56:08.396+0700 INFO {GET /api/v1/book/{id}} com.manhnv.book.BookController#findOne(Long)
2020-03-10T08:56:08.396+0700 INFO {GET /api/v1/book} com.manhnv.book.BookController#findAll(BookRequest)
2020-03-10T08:56:08.396+0700 INFO {PUT /api/v1/book/{id}} com.manhnv.book.BookController#saveOrUpdate(Long, BookCreateRequest)
2020-03-10T08:56:08.396+0700 INFO {POST /api/v1/book} com.manhnv.book.BookController#newBook(BookCreateRequest)
2020-03-10T08:56:08.396+0700 INFO {POST /api/v1/book/{id}/rate} com.manhnv.book.BookController#rateBook(Long, BookRateRequest)
2020-03-10T08:56:08.396+0700 INFO {DELETE /api/v1/book/{id}} com.manhnv.book.BookController#deleteBook(Long)
2020-03-10T08:56:08.396+0700 INFO {GET /api/v1/book/{id}/rate} com.manhnv.book.BookController#viewAllRates(Long, BookRatePageRequest)
2020-03-10T08:56:08.396+0700 INFO {GET /api/v1/clear-cache} com.manhnv.cache.CacheController#clearAllCaches()
2020-03-10T08:56:08.396+0700 INFO { /error} com.manhnv.controller.CustomErrorController#onError(HttpServletRequest, HttpServletResponse)
2020-03-10T08:56:08.396+0700 INFO { /api/v1/error} com.manhnv.controller.CustomErrorController#onApiError()
2020-03-10T08:56:08.396+0700 INFO {POST /api/v1/create-data} com.manhnv.controller.TestController#create()
2020-03-10T08:56:08.396+0700 INFO {POST /api/v1/file/upload} com.manhnv.file.FileController#uploadFile(MultipartFile)
2020-03-10T08:56:08.396+0700 INFO {GET /api/v1/file/download/{id}} com.manhnv.file.FileController#downloadFile(Long, HttpServletRequest)
2020-03-10T08:56:08.396+0700 INFO {POST /api/v1/file/uploadMultiple} com.manhnv.file.FileController#uploadMultipleFiles(MultipartFile[])
2020-03-10T08:56:08.396+0700 INFO {POST /api/v1/user/regist} com.manhnv.user.UserController#regist(UserCreateRequest)
2020-03-10T08:56:08.396+0700 INFO {GET /api/v1/user} com.manhnv.user.UserController#users(BasePageRequest)
2020-03-10T08:56:08.396+0700 INFO {PUT /api/v1/user/{id}} com.manhnv.user.UserController#updateUserInfo(Long, UserChangeRequest)
2020-03-10T08:56:08.396+0700 INFO {GET /api/v1/user/{id}/following} com.manhnv.user.UserController#getFollowing(Long)
2020-03-10T08:56:08.426+0700 INFO Started StartBookApplication in 7.055 seconds (JVM running for 8.257)
2020-03-10T09:41:25.602+0700 INFO Starting StartBookApplication on OMS-PC-232 with PID 8076 (C:\Users\User\Documents\spring-boot-workspace\book-shop\target\classes started by User in C:\Users\User\Documents\spring-boot-workspace\book-shop)
2020-03-10T09:41:25.603+0700 DEBUG Running with Spring Boot v2.2.4.RELEASE, Spring v5.2.3.RELEASE
2020-03-10T09:41:25.603+0700 INFO No active profile set, falling back to default profiles: default
2020-03-10T09:41:28.561+0700 DEBUG Filter 'logAndSuppressRequestRejectedExceptionFilter' configured for use
2020-03-10T09:41:28.561+0700 DEBUG Filter 'jwtRequestFilter' configured for use
2020-03-10T09:41:29.020+0700 INFO { /api/v1/logout} com.manhnv.authen.JwtAuthenticationController#logout(HttpServletRequest, HttpServletResponse)
2020-03-10T09:41:29.020+0700 INFO {POST /api/v1/auth} com.manhnv.authen.JwtAuthenticationController#createAuthenticationToken(JwtRequest)
2020-03-10T09:41:29.020+0700 INFO {POST /api/v1/author/{id}} com.manhnv.book.AuthorController#update(Long, AuthorChangeRequest)
2020-03-10T09:41:29.020+0700 INFO {GET /api/v1/author} com.manhnv.book.AuthorController#findAll(BasePageRequest)
2020-03-10T09:41:29.020+0700 INFO {POST /api/v1/author/{id}/vote} com.manhnv.book.AuthorController#vote(Long, Long, boolean)
2020-03-10T09:41:29.021+0700 INFO {GET /api/v1/vote} com.manhnv.book.AuthorController#viewVotes(VoteRequest)
2020-03-10T09:41:29.021+0700 INFO {GET /api/v1/book/{id}} com.manhnv.book.BookController#findOne(Long)
2020-03-10T09:41:29.021+0700 INFO {GET /api/v1/book} com.manhnv.book.BookController#findAll(BookRequest)
2020-03-10T09:41:29.021+0700 INFO {PUT /api/v1/book/{id}} com.manhnv.book.BookController#saveOrUpdate(Long, BookCreateRequest)
2020-03-10T09:41:29.021+0700 INFO {POST /api/v1/book} com.manhnv.book.BookController#newBook(BookCreateRequest)
2020-03-10T09:41:29.021+0700 INFO {POST /api/v1/book/{id}/rate} com.manhnv.book.BookController#rateBook(Long, BookRateRequest)
2020-03-10T09:41:29.021+0700 INFO {DELETE /api/v1/book/{id}} com.manhnv.book.BookController#deleteBook(Long)
2020-03-10T09:41:29.021+0700 INFO {GET /api/v1/book/{id}/rate} com.manhnv.book.BookController#viewAllRates(Long, BookRatePageRequest)
2020-03-10T09:41:29.021+0700 INFO {GET /api/v1/clear-cache} com.manhnv.cache.CacheController#clearAllCaches()
2020-03-10T09:41:29.021+0700 INFO { /error} com.manhnv.controller.CustomErrorController#onError(HttpServletRequest, HttpServletResponse)
2020-03-10T09:41:29.021+0700 INFO { /api/v1/error} com.manhnv.controller.CustomErrorController#onApiError()
2020-03-10T09:41:29.021+0700 INFO {POST /api/v1/create-data} com.manhnv.controller.TestController#create()
2020-03-10T09:41:29.021+0700 INFO {POST /api/v1/file/upload} com.manhnv.file.FileController#uploadFile(MultipartFile)
2020-03-10T09:41:29.021+0700 INFO {GET /api/v1/file/download/{id}} com.manhnv.file.FileController#downloadFile(Long, HttpServletRequest)
2020-03-10T09:41:29.021+0700 INFO {POST /api/v1/file/uploadMultiple} com.manhnv.file.FileController#uploadMultipleFiles(MultipartFile[])
2020-03-10T09:41:29.021+0700 INFO {POST /api/v1/user/regist} com.manhnv.user.UserController#regist(UserCreateRequest)
2020-03-10T09:41:29.021+0700 INFO {GET /api/v1/user} com.manhnv.user.UserController#users(BasePageRequest)
2020-03-10T09:41:29.021+0700 INFO {PUT /api/v1/user/{id}} com.manhnv.user.UserController#updateUserInfo(Long, UserChangeRequest)
2020-03-10T09:41:29.021+0700 INFO {GET /api/v1/user/{id}/following} com.manhnv.user.UserController#getFollowing(Long)
2020-03-10T09:41:29.031+0700 INFO Started StartBookApplication in 3.463 seconds (JVM running for 2728.863)
2020-03-10T09:41:43.920+0700 INFO Starting StartBookApplication on OMS-PC-232 with PID 8076 (C:\Users\User\Documents\spring-boot-workspace\book-shop\target\classes started by User in C:\Users\User\Documents\spring-boot-workspace\book-shop)
2020-03-10T09:41:43.920+0700 DEBUG Running with Spring Boot v2.2.4.RELEASE, Spring v5.2.3.RELEASE
2020-03-10T09:41:43.921+0700 INFO No active profile set, falling back to default profiles: default
2020-03-10T09:41:46.817+0700 DEBUG Filter 'logAndSuppressRequestRejectedExceptionFilter' configured for use
2020-03-10T09:41:46.817+0700 DEBUG Filter 'jwtRequestFilter' configured for use
2020-03-10T09:41:47.338+0700 INFO { /api/v1/logout} com.manhnv.authen.JwtAuthenticationController#logout(HttpServletRequest, HttpServletResponse)
2020-03-10T09:41:47.338+0700 INFO {POST /api/v1/auth} com.manhnv.authen.JwtAuthenticationController#createAuthenticationToken(JwtRequest)
2020-03-10T09:41:47.338+0700 INFO {POST /api/v1/author/{id}} com.manhnv.book.AuthorController#update(Long, AuthorChangeRequest)
2020-03-10T09:41:47.338+0700 INFO {GET /api/v1/author} com.manhnv.book.AuthorController#findAll(BasePageRequest)
2020-03-10T09:41:47.338+0700 INFO {POST /api/v1/author/{id}/vote} com.manhnv.book.AuthorController#vote(Long, Long, boolean)
2020-03-10T09:41:47.338+0700 INFO {GET /api/v1/vote} com.manhnv.book.AuthorController#viewVotes(VoteRequest)
2020-03-10T09:41:47.338+0700 INFO {GET /api/v1/book/{id}} com.manhnv.book.BookController#findOne(Long)
2020-03-10T09:41:47.338+0700 INFO {GET /api/v1/book} com.manhnv.book.BookController#findAll(BookRequest)
2020-03-10T09:41:47.338+0700 INFO {PUT /api/v1/book/{id}} com.manhnv.book.BookController#saveOrUpdate(Long, BookCreateRequest)
2020-03-10T09:41:47.338+0700 INFO {POST /api/v1/book} com.manhnv.book.BookController#newBook(BookCreateRequest)
2020-03-10T09:41:47.338+0700 INFO {POST /api/v1/book/{id}/rate} com.manhnv.book.BookController#rateBook(Long, BookRateRequest)
2020-03-10T09:41:47.338+0700 INFO {DELETE /api/v1/book/{id}} com.manhnv.book.BookController#deleteBook(Long)
2020-03-10T09:41:47.338+0700 INFO {GET /api/v1/book/{id}/rate} com.manhnv.book.BookController#viewAllRates(Long, BookRatePageRequest)
2020-03-10T09:41:47.338+0700 INFO {GET /api/v1/clear-cache} com.manhnv.cache.CacheController#clearAllCaches()
2020-03-10T09:41:47.338+0700 INFO { /error} com.manhnv.controller.CustomErrorController#onError(HttpServletRequest, HttpServletResponse)
2020-03-10T09:41:47.338+0700 INFO { /api/v1/error} com.manhnv.controller.CustomErrorController#onApiError()
2020-03-10T09:41:47.338+0700 INFO {POST /api/v1/create-data} com.manhnv.controller.TestController#create()
2020-03-10T09:41:47.338+0700 INFO {POST /api/v1/file/upload} com.manhnv.file.FileController#uploadFile(MultipartFile)
2020-03-10T09:41:47.338+0700 INFO {GET /api/v1/file/download/{id}} com.manhnv.file.FileController#downloadFile(Long, HttpServletRequest)
2020-03-10T09:41:47.338+0700 INFO {POST /api/v1/file/uploadMultiple} com.manhnv.file.FileController#uploadMultipleFiles(MultipartFile[])
2020-03-10T09:41:47.338+0700 INFO {POST /api/v1/user/regist} com.manhnv.user.UserController#regist(UserCreateRequest)
2020-03-10T09:41:47.338+0700 INFO {GET /api/v1/user} com.manhnv.user.UserController#users(BasePageRequest)
2020-03-10T09:41:47.339+0700 INFO {PUT /api/v1/user/{id}} com.manhnv.user.UserController#updateUserInfo(Long, UserChangeRequest)
2020-03-10T09:41:47.339+0700 INFO {GET /api/v1/user/{id}/following} com.manhnv.user.UserController#getFollowing(Long)
2020-03-10T09:41:47.347+0700 INFO Started StartBookApplication in 3.459 seconds (JVM running for 2747.179)
2020-03-10T09:42:35.714+0700 INFO Starting StartBookApplication on OMS-PC-232 with PID 8076 (C:\Users\User\Documents\spring-boot-workspace\book-shop\target\classes started by User in C:\Users\User\Documents\spring-boot-workspace\book-shop)
2020-03-10T09:42:35.715+0700 DEBUG Running with Spring Boot v2.2.4.RELEASE, Spring v5.2.3.RELEASE
2020-03-10T09:42:35.715+0700 INFO No active profile set, falling back to default profiles: default
2020-03-10T09:42:38.698+0700 DEBUG Filter 'logAndSuppressRequestRejectedExceptionFilter' configured for use
2020-03-10T09:42:38.698+0700 DEBUG Filter 'jwtRequestFilter' configured for use
2020-03-10T09:42:39.121+0700 INFO { /api/v1/logout} com.manhnv.authen.JwtAuthenticationController#logout(HttpServletRequest, HttpServletResponse)
2020-03-10T09:42:39.121+0700 INFO {POST /api/v1/auth} com.manhnv.authen.JwtAuthenticationController#createAuthenticationToken(JwtRequest)
2020-03-10T09:42:39.121+0700 INFO {POST /api/v1/author/{id}} com.manhnv.book.AuthorController#update(Long, AuthorChangeRequest)
2020-03-10T09:42:39.122+0700 INFO {GET /api/v1/author} com.manhnv.book.AuthorController#findAll(BasePageRequest)
2020-03-10T09:42:39.122+0700 INFO {POST /api/v1/author/{id}/vote} com.manhnv.book.AuthorController#vote(Long, Long, boolean)
2020-03-10T09:42:39.122+0700 INFO {GET /api/v1/vote} com.manhnv.book.AuthorController#viewVotes(VoteRequest)
2020-03-10T09:42:39.122+0700 INFO {GET /api/v1/book/{id}} com.manhnv.book.BookController#findOne(Long)
2020-03-10T09:42:39.122+0700 INFO {GET /api/v1/book} com.manhnv.book.BookController#findAll(BookRequest)
2020-03-10T09:42:39.122+0700 INFO {PUT /api/v1/book/{id}} com.manhnv.book.BookController#saveOrUpdate(Long, BookCreateRequest)
2020-03-10T09:42:39.122+0700 INFO {POST /api/v1/book} com.manhnv.book.BookController#newBook(BookCreateRequest)
2020-03-10T09:42:39.122+0700 INFO {POST /api/v1/book/{id}/rate} com.manhnv.book.BookController#rateBook(Long, BookRateRequest)
2020-03-10T09:42:39.122+0700 INFO {DELETE /api/v1/book/{id}} com.manhnv.book.BookController#deleteBook(Long)
2020-03-10T09:42:39.122+0700 INFO {GET /api/v1/book/{id}/rate} com.manhnv.book.BookController#viewAllRates(Long, BookRatePageRequest)
2020-03-10T09:42:39.122+0700 INFO {GET /api/v1/clear-cache} com.manhnv.cache.CacheController#clearAllCaches()
2020-03-10T09:42:39.122+0700 INFO { /error} com.manhnv.controller.CustomErrorController#onError(HttpServletRequest, HttpServletResponse)
2020-03-10T09:42:39.122+0700 INFO { /api/v1/error} com.manhnv.controller.CustomErrorController#onApiError()
2020-03-10T09:42:39.122+0700 INFO {POST /api/v1/create-data} com.manhnv.controller.TestController#create()
2020-03-10T09:42:39.122+0700 INFO {POST /api/v1/file/upload} com.manhnv.file.FileController#uploadFile(MultipartFile)
2020-03-10T09:42:39.122+0700 INFO {GET /api/v1/file/download/{id}} com.manhnv.file.FileController#downloadFile(Long, HttpServletRequest)
2020-03-10T09:42:39.122+0700 INFO {POST /api/v1/file/uploadMultiple} com.manhnv.file.FileController#uploadMultipleFiles(MultipartFile[])
2020-03-10T09:42:39.122+0700 INFO {POST /api/v1/user/regist} com.manhnv.user.UserController#regist(UserCreateRequest)
2020-03-10T09:42:39.122+0700 INFO {GET /api/v1/user} com.manhnv.user.UserController#users(BasePageRequest)
2020-03-10T09:42:39.122+0700 INFO {PUT /api/v1/user/{id}} com.manhnv.user.UserController#updateUserInfo(Long, UserChangeRequest)
2020-03-10T09:42:39.122+0700 INFO {GET /api/v1/user/{id}/following} com.manhnv.user.UserController#getFollowing(Long)
2020-03-10T09:42:39.131+0700 INFO Started StartBookApplication in 3.449 seconds (JVM running for 2798.963)
2020-03-10T09:43:19.568+0700 INFO Starting StartBookApplication on OMS-PC-232 with PID 8076 (C:\Users\User\Documents\spring-boot-workspace\book-shop\target\classes started by User in C:\Users\User\Documents\spring-boot-workspace\book-shop)
2020-03-10T09:43:19.569+0700 DEBUG Running with Spring Boot v2.2.4.RELEASE, Spring v5.2.3.RELEASE
2020-03-10T09:43:19.569+0700 INFO No active profile set, falling back to default profiles: default
2020-03-10T09:43:22.637+0700 DEBUG Filter 'logAndSuppressRequestRejectedExceptionFilter' configured for use
2020-03-10T09:43:22.637+0700 DEBUG Filter 'jwtRequestFilter' configured for use
2020-03-10T09:43:23.077+0700 INFO { /api/v1/logout} com.manhnv.authen.JwtAuthenticationController#logout(HttpServletRequest, HttpServletResponse)
2020-03-10T09:43:23.077+0700 INFO {POST /api/v1/auth} com.manhnv.authen.JwtAuthenticationController#createAuthenticationToken(JwtRequest)
2020-03-10T09:43:23.077+0700 INFO {POST /api/v1/author/{id}} com.manhnv.book.AuthorController#update(Long, AuthorChangeRequest)
2020-03-10T09:43:23.077+0700 INFO {GET /api/v1/author} com.manhnv.book.AuthorController#findAll(BasePageRequest)
2020-03-10T09:43:23.077+0700 INFO {POST /api/v1/author/{id}/vote} com.manhnv.book.AuthorController#vote(Long, Long, boolean)
2020-03-10T09:43:23.077+0700 INFO {GET /api/v1/vote} com.manhnv.book.AuthorController#viewVotes(VoteRequest)
2020-03-10T09:43:23.077+0700 INFO {GET /api/v1/book/{id}} com.manhnv.book.BookController#findOne(Long)
2020-03-10T09:43:23.078+0700 INFO {GET /api/v1/book} com.manhnv.book.BookController#findAll(BookRequest)
2020-03-10T09:43:23.078+0700 INFO {PUT /api/v1/book/{id}} com.manhnv.book.BookController#saveOrUpdate(Long, BookCreateRequest)
2020-03-10T09:43:23.078+0700 INFO {POST /api/v1/book} com.manhnv.book.BookController#newBook(BookCreateRequest)
2020-03-10T09:43:23.078+0700 INFO {POST /api/v1/book/{id}/rate} com.manhnv.book.BookController#rateBook(Long, BookRateRequest)
2020-03-10T09:43:23.078+0700 INFO {DELETE /api/v1/book/{id}} com.manhnv.book.BookController#deleteBook(Long)
2020-03-10T09:43:23.078+0700 INFO {GET /api/v1/book/{id}/rate} com.manhnv.book.BookController#viewAllRates(Long, BookRatePageRequest)
2020-03-10T09:43:23.078+0700 INFO {GET /api/v1/clear-cache} com.manhnv.cache.CacheController#clearAllCaches()
2020-03-10T09:43:23.078+0700 INFO { /error} com.manhnv.controller.CustomErrorController#onError(HttpServletRequest, HttpServletResponse)
2020-03-10T09:43:23.078+0700 INFO { /api/v1/error} com.manhnv.controller.CustomErrorController#onApiError()
2020-03-10T09:43:23.078+0700 INFO {POST /api/v1/create-data} com.manhnv.controller.TestController#create()
2020-03-10T09:43:23.078+0700 INFO {POST /api/v1/file/upload} com.manhnv.file.FileController#uploadFile(MultipartFile)
2020-03-10T09:43:23.078+0700 INFO {GET /api/v1/file/download/{id}} com.manhnv.file.FileController#downloadFile(Long, HttpServletRequest)
2020-03-10T09:43:23.078+0700 INFO {POST /api/v1/file/uploadMultiple} com.manhnv.file.FileController#uploadMultipleFiles(MultipartFile[])
2020-03-10T09:43:23.078+0700 INFO {POST /api/v1/user/regist} com.manhnv.user.UserController#regist(UserCreateRequest)
2020-03-10T09:43:23.078+0700 INFO {GET /api/v1/user} com.manhnv.user.UserController#users(BasePageRequest)
2020-03-10T09:43:23.078+0700 INFO {PUT /api/v1/user/{id}} com.manhnv.user.UserController#updateUserInfo(Long, UserChangeRequest)
2020-03-10T09:43:23.078+0700 INFO {GET /api/v1/user/{id}/following} com.manhnv.user.UserController#getFollowing(Long)
2020-03-10T09:43:23.088+0700 INFO Started StartBookApplication in 3.551 seconds (JVM running for 2842.92)
2020-03-10T09:44:07.180+0700 INFO Starting StartBookApplication on OMS-PC-232 with PID 8076 (C:\Users\User\Documents\spring-boot-workspace\book-shop\target\classes started by User in C:\Users\User\Documents\spring-boot-workspace\book-shop)
2020-03-10T09:44:07.180+0700 DEBUG Running with Spring Boot v2.2.4.RELEASE, Spring v5.2.3.RELEASE
2020-03-10T09:44:07.181+0700 INFO No active profile set, falling back to default profiles: default
2020-03-10T09:44:10.262+0700 DEBUG Filter 'logAndSuppressRequestRejectedExceptionFilter' configured for use
2020-03-10T09:44:10.262+0700 DEBUG Filter 'jwtRequestFilter' configured for use
2020-03-10T09:44:10.814+0700 INFO { /api/v1/logout} com.manhnv.authen.JwtAuthenticationController#logout(HttpServletRequest, HttpServletResponse)
2020-03-10T09:44:10.814+0700 INFO {POST /api/v1/auth} com.manhnv.authen.JwtAuthenticationController#createAuthenticationToken(JwtRequest)
2020-03-10T09:44:10.814+0700 INFO {POST /api/v1/author/{id}} com.manhnv.book.AuthorController#update(Long, AuthorChangeRequest)
2020-03-10T09:44:10.814+0700 INFO {GET /api/v1/author} com.manhnv.book.AuthorController#findAll(BasePageRequest)
2020-03-10T09:44:10.815+0700 INFO {POST /api/v1/author/{id}/vote} com.manhnv.book.AuthorController#vote(Long, Long, boolean)
2020-03-10T09:44:10.815+0700 INFO {GET /api/v1/vote} com.manhnv.book.AuthorController#viewVotes(VoteRequest)
2020-03-10T09:44:10.815+0700 INFO {GET /api/v1/book/{id}} com.manhnv.book.BookController#findOne(Long)
2020-03-10T09:44:10.815+0700 INFO {GET /api/v1/book} com.manhnv.book.BookController#findAll(BookRequest)
2020-03-10T09:44:10.815+0700 INFO {PUT /api/v1/book/{id}} com.manhnv.book.BookController#saveOrUpdate(Long, BookCreateRequest)
2020-03-10T09:44:10.815+0700 INFO {POST /api/v1/book} com.manhnv.book.BookController#newBook(BookCreateRequest)
2020-03-10T09:44:10.815+0700 INFO {POST /api/v1/book/{id}/rate} com.manhnv.book.BookController#rateBook(Long, BookRateRequest)
2020-03-10T09:44:10.815+0700 INFO {DELETE /api/v1/book/{id}} com.manhnv.book.BookController#deleteBook(Long)
2020-03-10T09:44:10.815+0700 INFO {GET /api/v1/book/{id}/rate} com.manhnv.book.BookController#viewAllRates(Long, BookRatePageRequest)
2020-03-10T09:44:10.815+0700 INFO {GET /api/v1/clear-cache} com.manhnv.cache.CacheController#clearAllCaches()
2020-03-10T09:44:10.815+0700 INFO { /error} com.manhnv.controller.CustomErrorController#onError(HttpServletRequest, HttpServletResponse)
2020-03-10T09:44:10.815+0700 INFO { /api/v1/error} com.manhnv.controller.CustomErrorController#onApiError()
2020-03-10T09:44:10.815+0700 INFO {POST /api/v1/create-data} com.manhnv.controller.TestController#create()
2020-03-10T09:44:10.815+0700 INFO {POST /api/v1/file/upload} com.manhnv.file.FileController#uploadFile(MultipartFile)
2020-03-10T09:44:10.815+0700 INFO {GET /api/v1/file/download/{id}} com.manhnv.file.FileController#downloadFile(Long, HttpServletRequest)
2020-03-10T09:44:10.815+0700 INFO {POST /api/v1/file/uploadMultiple} com.manhnv.file.FileController#uploadMultipleFiles(MultipartFile[])
2020-03-10T09:44:10.815+0700 INFO {POST /api/v1/user/regist} com.manhnv.user.UserController#regist(UserCreateRequest)
2020-03-10T09:44:10.815+0700 INFO {GET /api/v1/user} com.manhnv.user.UserController#users(BasePageRequest)
2020-03-10T09:44:10.815+0700 INFO {PUT /api/v1/user/{id}} com.manhnv.user.UserController#updateUserInfo(Long, UserChangeRequest)
2020-03-10T09:44:10.816+0700 INFO {GET /api/v1/user/{id}/following} com.manhnv.user.UserController#getFollowing(Long)
2020-03-10T09:44:10.838+0700 INFO Started StartBookApplication in 3.686 seconds (JVM running for 2890.67)
2020-03-10T09:44:59.001+0700 INFO Starting StartBookApplication on OMS-PC-232 with PID 8076 (C:\Users\User\Documents\spring-boot-workspace\book-shop\target\classes started by User in C:\Users\User\Documents\spring-boot-workspace\book-shop)
2020-03-10T09:44:59.002+0700 DEBUG Running with Spring Boot v2.2.4.RELEASE, Spring v5.2.3.RELEASE
2020-03-10T09:44:59.002+0700 INFO No active profile set, falling back to default profiles: default
2020-03-10T09:45:02.241+0700 DEBUG Filter 'logAndSuppressRequestRejectedExceptionFilter' configured for use
2020-03-10T09:45:02.241+0700 DEBUG Filter 'jwtRequestFilter' configured for use
2020-03-10T09:45:02.657+0700 INFO { /api/v1/logout} com.manhnv.authen.JwtAuthenticationController#logout(HttpServletRequest, HttpServletResponse)
2020-03-10T09:45:02.657+0700 INFO {POST /api/v1/auth} com.manhnv.authen.JwtAuthenticationController#createAuthenticationToken(JwtRequest)
2020-03-10T09:45:02.657+0700 INFO {POST /api/v1/author/{id}} com.manhnv.book.AuthorController#update(Long, AuthorChangeRequest)
2020-03-10T09:45:02.657+0700 INFO {GET /api/v1/author} com.manhnv.book.AuthorController#findAll(BasePageRequest)
2020-03-10T09:45:02.657+0700 INFO {POST /api/v1/author/{id}/vote} com.manhnv.book.AuthorController#vote(Long, Long, boolean)
2020-03-10T09:45:02.657+0700 INFO {GET /api/v1/vote} com.manhnv.book.AuthorController#viewVotes(VoteRequest)
2020-03-10T09:45:02.657+0700 INFO {GET /api/v1/book/{id}} com.manhnv.book.BookController#findOne(Long)
2020-03-10T09:45:02.657+0700 INFO {GET /api/v1/book} com.manhnv.book.BookController#findAll(BookRequest)
2020-03-10T09:45:02.657+0700 INFO {PUT /api/v1/book/{id}} com.manhnv.book.BookController#saveOrUpdate(Long, BookCreateRequest)
2020-03-10T09:45:02.657+0700 INFO {POST /api/v1/book} com.manhnv.book.BookController#newBook(BookCreateRequest)
2020-03-10T09:45:02.657+0700 INFO {POST /api/v1/book/{id}/rate} com.manhnv.book.BookController#rateBook(Long, BookRateRequest)
2020-03-10T09:45:02.657+0700 INFO {DELETE /api/v1/book/{id}} com.manhnv.book.BookController#deleteBook(Long)
2020-03-10T09:45:02.657+0700 INFO {GET /api/v1/book/{id}/rate} com.manhnv.book.BookController#viewAllRates(Long, BookRatePageRequest)
2020-03-10T09:45:02.657+0700 INFO {GET /api/v1/clear-cache} com.manhnv.cache.CacheController#clearAllCaches()
2020-03-10T09:45:02.657+0700 INFO { /error} com.manhnv.controller.CustomErrorController#onError(HttpServletRequest, HttpServletResponse)
2020-03-10T09:45:02.658+0700 INFO { /api/v1/error} com.manhnv.controller.CustomErrorController#onApiError()
2020-03-10T09:45:02.658+0700 INFO {POST /api/v1/create-data} com.manhnv.controller.TestController#create()
2020-03-10T09:45:02.658+0700 INFO {POST /api/v1/file/upload} com.manhnv.file.FileController#uploadFile(MultipartFile)
2020-03-10T09:45:02.658+0700 INFO {GET /api/v1/file/download/{id}} com.manhnv.file.FileController#downloadFile(Long, HttpServletRequest)
2020-03-10T09:45:02.658+0700 INFO {POST /api/v1/file/uploadMultiple} com.manhnv.file.FileController#uploadMultipleFiles(MultipartFile[])
2020-03-10T09:45:02.658+0700 INFO {POST /api/v1/user/regist} com.manhnv.user.UserController#regist(UserCreateRequest)
2020-03-10T09:45:02.658+0700 INFO {GET /api/v1/user} com.manhnv.user.UserController#users(BasePageRequest)
2020-03-10T09:45:02.658+0700 INFO {PUT /api/v1/user/{id}} com.manhnv.user.UserController#updateUserInfo(Long, UserChangeRequest)
2020-03-10T09:45:02.658+0700 INFO {GET /api/v1/user/{id}/following} com.manhnv.user.UserController#getFollowing(Long)
2020-03-10T09:45:02.666+0700 INFO Started StartBookApplication in 3.697 seconds (JVM running for 2942.498)
2020-03-10T09:45:25.126+0700 INFO Starting StartBookApplication on OMS-PC-232 with PID 8076 (C:\Users\User\Documents\spring-boot-workspace\book-shop\target\classes started by User in C:\Users\User\Documents\spring-boot-workspace\book-shop)
2020-03-10T09:45:25.127+0700 DEBUG Running with Spring Boot v2.2.4.RELEASE, Spring v5.2.3.RELEASE
2020-03-10T09:45:25.127+0700 INFO No active profile set, falling back to default profiles: default
2020-03-10T09:45:27.917+0700 DEBUG Filter 'logAndSuppressRequestRejectedExceptionFilter' configured for use
2020-03-10T09:45:27.917+0700 DEBUG Filter 'jwtRequestFilter' configured for use
2020-03-10T09:45:28.374+0700 INFO { /api/v1/logout} com.manhnv.authen.JwtAuthenticationController#logout(HttpServletRequest, HttpServletResponse)
2020-03-10T09:45:28.374+0700 INFO {POST /api/v1/auth} com.manhnv.authen.JwtAuthenticationController#createAuthenticationToken(JwtRequest)
2020-03-10T09:45:28.374+0700 INFO {POST /api/v1/author/{id}} com.manhnv.book.AuthorController#update(Long, AuthorChangeRequest)
2020-03-10T09:45:28.374+0700 INFO {GET /api/v1/author} com.manhnv.book.AuthorController#findAll(BasePageRequest)
2020-03-10T09:45:28.374+0700 INFO {POST /api/v1/author/{id}/vote} com.manhnv.book.AuthorController#vote(Long, Long, boolean)
2020-03-10T09:45:28.374+0700 INFO {GET /api/v1/vote} com.manhnv.book.AuthorController#viewVotes(VoteRequest)
2020-03-10T09:45:28.374+0700 INFO {GET /api/v1/book/{id}} com.manhnv.book.BookController#findOne(Long)
2020-03-10T09:45:28.374+0700 INFO {GET /api/v1/book} com.manhnv.book.BookController#findAll(BookRequest)
2020-03-10T09:45:28.374+0700 INFO {PUT /api/v1/book/{id}} com.manhnv.book.BookController#saveOrUpdate(Long, BookCreateRequest)
2020-03-10T09:45:28.374+0700 INFO {POST /api/v1/book} com.manhnv.book.BookController#newBook(BookCreateRequest)
2020-03-10T09:45:28.374+0700 INFO {POST /api/v1/book/{id}/rate} com.manhnv.book.BookController#rateBook(Long, BookRateRequest)
2020-03-10T09:45:28.374+0700 INFO {DELETE /api/v1/book/{id}} com.manhnv.book.BookController#deleteBook(Long)
2020-03-10T09:45:28.374+0700 INFO {GET /api/v1/book/{id}/rate} com.manhnv.book.BookController#viewAllRates(Long, BookRatePageRequest)
2020-03-10T09:45:28.374+0700 INFO {GET /api/v1/clear-cache} com.manhnv.cache.CacheController#clearAllCaches()
2020-03-10T09:45:28.374+0700 INFO { /error} com.manhnv.controller.CustomErrorController#onError(HttpServletRequest, HttpServletResponse)
2020-03-10T09:45:28.374+0700 INFO { /api/v1/error} com.manhnv.controller.CustomErrorController#onApiError()
2020-03-10T09:45:28.374+0700 INFO {POST /api/v1/create-data} com.manhnv.controller.TestController#create()
2020-03-10T09:45:28.374+0700 INFO {POST /api/v1/file/upload} com.manhnv.file.FileController#uploadFile(MultipartFile)
2020-03-10T09:45:28.374+0700 INFO {GET /api/v1/file/download/{id}} com.manhnv.file.FileController#downloadFile(Long, HttpServletRequest)
2020-03-10T09:45:28.374+0700 INFO {POST /api/v1/file/uploadMultiple} com.manhnv.file.FileController#uploadMultipleFiles(MultipartFile[])
2020-03-10T09:45:28.375+0700 INFO {POST /api/v1/user/regist} com.manhnv.user.UserController#regist(UserCreateRequest)
2020-03-10T09:45:28.375+0700 INFO {GET /api/v1/user} com.manhnv.user.UserController#users(BasePageRequest)
2020-03-10T09:45:28.375+0700 INFO {PUT /api/v1/user/{id}} com.manhnv.user.UserController#updateUserInfo(Long, UserChangeRequest)
2020-03-10T09:45:28.375+0700 INFO {GET /api/v1/user/{id}/following} com.manhnv.user.UserController#getFollowing(Long)
2020-03-10T09:45:28.384+0700 INFO Started StartBookApplication in 3.286 seconds (JVM running for 2968.215)
2020-03-10T09:45:38.524+0700 INFO Starting StartBookApplication on OMS-PC-232 with PID 8076 (C:\Users\User\Documents\spring-boot-workspace\book-shop\target\classes started by User in C:\Users\User\Documents\spring-boot-workspace\book-shop)
2020-03-10T09:45:38.525+0700 DEBUG Running with Spring Boot v2.2.4.RELEASE, Spring v5.2.3.RELEASE
2020-03-10T09:45:38.525+0700 INFO No active profile set, falling back to default profiles: default
2020-03-10T09:45:41.203+0700 DEBUG Filter 'logAndSuppressRequestRejectedExceptionFilter' configured for use
2020-03-10T09:45:41.203+0700 DEBUG Filter 'jwtRequestFilter' configured for use
2020-03-10T09:45:41.630+0700 INFO { /api/v1/logout} com.manhnv.authen.JwtAuthenticationController#logout(HttpServletRequest, HttpServletResponse)
2020-03-10T09:45:41.630+0700 INFO {POST /api/v1/auth} com.manhnv.authen.JwtAuthenticationController#createAuthenticationToken(JwtRequest)
2020-03-10T09:45:41.630+0700 INFO {POST /api/v1/author/{id}} com.manhnv.book.AuthorController#update(Long, AuthorChangeRequest)
2020-03-10T09:45:41.630+0700 INFO {GET /api/v1/author} com.manhnv.book.AuthorController#findAll(BasePageRequest)
2020-03-10T09:45:41.630+0700 INFO {POST /api/v1/author/{id}/vote} com.manhnv.book.AuthorController#vote(Long, Long, boolean)
2020-03-10T09:45:41.630+0700 INFO {GET /api/v1/vote} com.manhnv.book.AuthorController#viewVotes(VoteRequest)
2020-03-10T09:45:41.630+0700 INFO {GET /api/v1/book/{id}} com.manhnv.book.BookController#findOne(Long)
2020-03-10T09:45:41.630+0700 INFO {GET /api/v1/book} com.manhnv.book.BookController#findAll(BookRequest)
2020-03-10T09:45:41.630+0700 INFO {PUT /api/v1/book/{id}} com.manhnv.book.BookController#saveOrUpdate(Long, BookCreateRequest)
2020-03-10T09:45:41.630+0700 INFO {POST /api/v1/book} com.manhnv.book.BookController#newBook(BookCreateRequest)
2020-03-10T09:45:41.630+0700 INFO {POST /api/v1/book/{id}/rate} com.manhnv.book.BookController#rateBook(Long, BookRateRequest)
2020-03-10T09:45:41.630+0700 INFO {DELETE /api/v1/book/{id}} com.manhnv.book.BookController#deleteBook(Long)
2020-03-10T09:45:41.630+0700 INFO {GET /api/v1/book/{id}/rate} com.manhnv.book.BookController#viewAllRates(Long, BookRatePageRequest)
2020-03-10T09:45:41.630+0700 INFO {GET /api/v1/clear-cache} com.manhnv.cache.CacheController#clearAllCaches()
2020-03-10T09:45:41.630+0700 INFO { /error} com.manhnv.controller.CustomErrorController#onError(HttpServletRequest, HttpServletResponse)
2020-03-10T09:45:41.630+0700 INFO { /api/v1/error} com.manhnv.controller.CustomErrorController#onApiError()
2020-03-10T09:45:41.630+0700 INFO {POST /api/v1/create-data} com.manhnv.controller.TestController#create()
2020-03-10T09:45:41.630+0700 INFO {POST /api/v1/file/upload} com.manhnv.file.FileController#uploadFile(MultipartFile)
2020-03-10T09:45:41.630+0700 INFO {GET /api/v1/file/download/{id}} com.manhnv.file.FileController#downloadFile(Long, HttpServletRequest)
2020-03-10T09:45:41.630+0700 INFO {POST /api/v1/file/uploadMultiple} com.manhnv.file.FileController#uploadMultipleFiles(MultipartFile[])
2020-03-10T09:45:41.630+0700 INFO {POST /api/v1/user/regist} com.manhnv.user.UserController#regist(UserCreateRequest)
2020-03-10T09:45:41.630+0700 INFO {GET /api/v1/user} com.manhnv.user.UserController#users(BasePageRequest)
2020-03-10T09:45:41.630+0700 INFO {PUT /api/v1/user/{id}} com.manhnv.user.UserController#updateUserInfo(Long, UserChangeRequest)
2020-03-10T09:45:41.630+0700 INFO {GET /api/v1/user/{id}/following} com.manhnv.user.UserController#getFollowing(Long)
2020-03-10T09:45:41.639+0700 INFO Started StartBookApplication in 3.143 seconds (JVM running for 2981.47)
2020-03-10T09:46:16.380+0700 INFO Starting StartBookApplication on OMS-PC-232 with PID 8076 (C:\Users\User\Documents\spring-boot-workspace\book-shop\target\classes started by User in C:\Users\User\Documents\spring-boot-workspace\book-shop)
2020-03-10T09:46:16.380+0700 DEBUG Running with Spring Boot v2.2.4.RELEASE, Spring v5.2.3.RELEASE
2020-03-10T09:46:16.381+0700 INFO No active profile set, falling back to default profiles: default
2020-03-10T09:46:19.238+0700 DEBUG Filter 'logAndSuppressRequestRejectedExceptionFilter' configured for use
2020-03-10T09:46:19.238+0700 DEBUG Filter 'jwtRequestFilter' configured for use
2020-03-10T09:46:19.655+0700 INFO { /api/v1/logout} com.manhnv.authen.JwtAuthenticationController#logout(HttpServletRequest, HttpServletResponse)
2020-03-10T09:46:19.655+0700 INFO {POST /api/v1/auth} com.manhnv.authen.JwtAuthenticationController#createAuthenticationToken(JwtRequest)
2020-03-10T09:46:19.655+0700 INFO {POST /api/v1/author/{id}} com.manhnv.book.AuthorController#update(Long, AuthorChangeRequest)
2020-03-10T09:46:19.655+0700 INFO {GET /api/v1/author} com.manhnv.book.AuthorController#findAll(BasePageRequest)
2020-03-10T09:46:19.655+0700 INFO {POST /api/v1/author/{id}/vote} com.manhnv.book.AuthorController#vote(Long, Long, boolean)
2020-03-10T09:46:19.655+0700 INFO {GET /api/v1/vote} com.manhnv.book.AuthorController#viewVotes(VoteRequest)
2020-03-10T09:46:19.655+0700 INFO {GET /api/v1/book/{id}} com.manhnv.book.BookController#findOne(Long)
2020-03-10T09:46:19.655+0700 INFO {GET /api/v1/book} com.manhnv.book.BookController#findAll(BookRequest)
2020-03-10T09:46:19.655+0700 INFO {PUT /api/v1/book/{id}} com.manhnv.book.BookController#saveOrUpdate(Long, BookCreateRequest)
2020-03-10T09:46:19.655+0700 INFO {POST /api/v1/book} com.manhnv.book.BookController#newBook(BookCreateRequest)
2020-03-10T09:46:19.655+0700 INFO {POST /api/v1/book/{id}/rate} com.manhnv.book.BookController#rateBook(Long, BookRateRequest)
2020-03-10T09:46:19.655+0700 INFO {DELETE /api/v1/book/{id}} com.manhnv.book.BookController#deleteBook(Long)
2020-03-10T09:46:19.655+0700 INFO {GET /api/v1/book/{id}/rate} com.manhnv.book.BookController#viewAllRates(Long, BookRatePageRequest)
2020-03-10T09:46:19.655+0700 INFO {GET /api/v1/clear-cache} com.manhnv.cache.CacheController#clearAllCaches()
2020-03-10T09:46:19.655+0700 INFO { /error} com.manhnv.controller.CustomErrorController#onError(HttpServletRequest, HttpServletResponse)
2020-03-10T09:46:19.655+0700 INFO { /api/v1/error} com.manhnv.controller.CustomErrorController#onApiError()
2020-03-10T09:46:19.655+0700 INFO {POST /api/v1/create-data} com.manhnv.controller.TestController#create()
2020-03-10T09:46:19.655+0700 INFO {POST /api/v1/file/upload} com.manhnv.file.FileController#uploadFile(MultipartFile)
2020-03-10T09:46:19.655+0700 INFO {GET /api/v1/file/download/{id}} com.manhnv.file.FileController#downloadFile(Long, HttpServletRequest)
2020-03-10T09:46:19.655+0700 INFO {POST /api/v1/file/uploadMultiple} com.manhnv.file.FileController#uploadMultipleFiles(MultipartFile[])
2020-03-10T09:46:19.655+0700 INFO {POST /api/v1/user/regist} com.manhnv.user.UserController#regist(UserCreateRequest)
2020-03-10T09:46:19.655+0700 INFO {GET /api/v1/user} com.manhnv.user.UserController#users(BasePageRequest)
2020-03-10T09:46:19.655+0700 INFO {PUT /api/v1/user/{id}} com.manhnv.user.UserController#updateUserInfo(Long, UserChangeRequest)
2020-03-10T09:46:19.655+0700 INFO {GET /api/v1/user/{id}/following} com.manhnv.user.UserController#getFollowing(Long)
2020-03-10T09:46:19.664+0700 INFO Started StartBookApplication in 3.311 seconds (JVM running for 3019.496)
2020-03-10T09:46:24.516+0700 INFO Starting StartBookApplication on OMS-PC-232 with PID 8076 (C:\Users\User\Documents\spring-boot-workspace\book-shop\target\classes started by User in C:\Users\User\Documents\spring-boot-workspace\book-shop)
2020-03-10T09:46:24.516+0700 DEBUG Running with Spring Boot v2.2.4.RELEASE, Spring v5.2.3.RELEASE
2020-03-10T09:46:24.517+0700 INFO No active profile set, falling back to default profiles: default
2020-03-10T09:46:27.479+0700 DEBUG Filter 'logAndSuppressRequestRejectedExceptionFilter' configured for use
2020-03-10T09:46:27.479+0700 DEBUG Filter 'jwtRequestFilter' configured for use
2020-03-10T09:46:27.961+0700 INFO { /api/v1/logout} com.manhnv.authen.JwtAuthenticationController#logout(HttpServletRequest, HttpServletResponse)
2020-03-10T09:46:27.961+0700 INFO {POST /api/v1/auth} com.manhnv.authen.JwtAuthenticationController#createAuthenticationToken(JwtRequest)
2020-03-10T09:46:27.961+0700 INFO {POST /api/v1/author/{id}} com.manhnv.book.AuthorController#update(Long, AuthorChangeRequest)
2020-03-10T09:46:27.961+0700 INFO {GET /api/v1/author} com.manhnv.book.AuthorController#findAll(BasePageRequest)
2020-03-10T09:46:27.961+0700 INFO {POST /api/v1/author/{id}/vote} com.manhnv.book.AuthorController#vote(Long, Long, boolean)
2020-03-10T09:46:27.961+0700 INFO {GET /api/v1/vote} com.manhnv.book.AuthorController#viewVotes(VoteRequest)
2020-03-10T09:46:27.961+0700 INFO {GET /api/v1/book/{id}} com.manhnv.book.BookController#findOne(Long)
2020-03-10T09:46:27.961+0700 INFO {GET /api/v1/book} com.manhnv.book.BookController#findAll(BookRequest)
2020-03-10T09:46:27.961+0700 INFO {PUT /api/v1/book/{id}} com.manhnv.book.BookController#saveOrUpdate(Long, BookCreateRequest)
2020-03-10T09:46:27.961+0700 INFO {POST /api/v1/book} com.manhnv.book.BookController#newBook(BookCreateRequest)
2020-03-10T09:46:27.961+0700 INFO {POST /api/v1/book/{id}/rate} com.manhnv.book.BookController#rateBook(Long, BookRateRequest)
2020-03-10T09:46:27.961+0700 INFO {DELETE /api/v1/book/{id}} com.manhnv.book.BookController#deleteBook(Long)
2020-03-10T09:46:27.961+0700 INFO {GET /api/v1/book/{id}/rate} com.manhnv.book.BookController#viewAllRates(Long, BookRatePageRequest)
2020-03-10T09:46:27.961+0700 INFO {GET /api/v1/clear-cache} com.manhnv.cache.CacheController#clearAllCaches()
2020-03-10T09:46:27.961+0700 INFO { /error} com.manhnv.controller.CustomErrorController#onError(HttpServletRequest, HttpServletResponse)
2020-03-10T09:46:27.961+0700 INFO { /api/v1/error} com.manhnv.controller.CustomErrorController#onApiError()
2020-03-10T09:46:27.961+0700 INFO {POST /api/v1/create-data} com.manhnv.controller.TestController#create()
2020-03-10T09:46:27.961+0700 INFO {POST /api/v1/file/upload} com.manhnv.file.FileController#uploadFile(MultipartFile)
2020-03-10T09:46:27.961+0700 INFO {GET /api/v1/file/download/{id}} com.manhnv.file.FileController#downloadFile(Long, HttpServletRequest)
2020-03-10T09:46:27.961+0700 INFO {POST /api/v1/file/uploadMultiple} com.manhnv.file.FileController#uploadMultipleFiles(MultipartFile[])
2020-03-10T09:46:27.961+0700 INFO {POST /api/v1/user/regist} com.manhnv.user.UserController#regist(UserCreateRequest)
2020-03-10T09:46:27.961+0700 INFO {GET /api/v1/user} com.manhnv.user.UserController#users(BasePageRequest)
2020-03-10T09:46:27.961+0700 INFO {PUT /api/v1/user/{id}} com.manhnv.user.UserController#updateUserInfo(Long, UserChangeRequest)
2020-03-10T09:46:27.961+0700 INFO {GET /api/v1/user/{id}/following} com.manhnv.user.UserController#getFollowing(Long)
2020-03-10T09:46:27.971+0700 INFO Started StartBookApplication in 3.485 seconds (JVM running for 3027.804)
2020-03-10T09:52:13.826+0700 INFO Starting StartBookApplication on OMS-PC-232 with PID 8076 (C:\Users\User\Documents\spring-boot-workspace\book-shop\target\classes started by User in C:\Users\User\Documents\spring-boot-workspace\book-shop)
2020-03-10T09:52:13.827+0700 DEBUG Running with Spring Boot v2.2.4.RELEASE, Spring v5.2.3.RELEASE
2020-03-10T09:52:13.827+0700 INFO No active profile set, falling back to default profiles: default
2020-03-10T09:52:16.651+0700 DEBUG Filter 'logAndSuppressRequestRejectedExceptionFilter' configured for use
2020-03-10T09:52:16.654+0700 DEBUG Filter 'jwtRequestFilter' configured for use
2020-03-10T09:52:17.122+0700 INFO { /api/v1/logout} com.manhnv.authen.JwtAuthenticationController#logout(HttpServletRequest, HttpServletResponse)
2020-03-10T09:52:17.122+0700 INFO {POST /api/v1/auth} com.manhnv.authen.JwtAuthenticationController#createAuthenticationToken(JwtRequest)
2020-03-10T09:52:17.122+0700 INFO {POST /api/v1/author/{id}} com.manhnv.book.AuthorController#update(Long, AuthorChangeRequest)
2020-03-10T09:52:17.122+0700 INFO {GET /api/v1/author} com.manhnv.book.AuthorController#findAll(BasePageRequest)
2020-03-10T09:52:17.122+0700 INFO {POST /api/v1/author/{id}/vote} com.manhnv.book.AuthorController#vote(Long, Long, boolean)
2020-03-10T09:52:17.122+0700 INFO {GET /api/v1/vote} com.manhnv.book.AuthorController#viewVotes(VoteRequest)
2020-03-10T09:52:17.122+0700 INFO {GET /api/v1/book/{id}} com.manhnv.book.BookController#findOne(Long)
2020-03-10T09:52:17.122+0700 INFO {GET /api/v1/book} com.manhnv.book.BookController#findAll(BookRequest)
2020-03-10T09:52:17.122+0700 INFO {PUT /api/v1/book/{id}} com.manhnv.book.BookController#saveOrUpdate(Long, BookCreateRequest)
2020-03-10T09:52:17.122+0700 INFO {POST /api/v1/book} com.manhnv.book.BookController#newBook(BookCreateRequest)
2020-03-10T09:52:17.122+0700 INFO {POST /api/v1/book/{id}/rate} com.manhnv.book.BookController#rateBook(Long, BookRateRequest)
2020-03-10T09:52:17.122+0700 INFO {DELETE /api/v1/book/{id}} com.manhnv.book.BookController#deleteBook(Long)
2020-03-10T09:52:17.122+0700 INFO {GET /api/v1/book/{id}/rate} com.manhnv.book.BookController#viewAllRates(Long, BookRatePageRequest)
2020-03-10T09:52:17.122+0700 INFO {GET /api/v1/clear-cache} com.manhnv.cache.CacheController#clearAllCaches()
2020-03-10T09:52:17.122+0700 INFO { /error} com.manhnv.controller.CustomErrorController#onError(HttpServletRequest, HttpServletResponse)
2020-03-10T09:52:17.122+0700 INFO { /api/v1/error} com.manhnv.controller.CustomErrorController#onApiError()
2020-03-10T09:52:17.122+0700 INFO {POST /api/v1/create-data} com.manhnv.controller.TestController#create()
2020-03-10T09:52:17.122+0700 INFO {POST /api/v1/file/upload} com.manhnv.file.FileController#uploadFile(MultipartFile)
2020-03-10T09:52:17.122+0700 INFO {GET /api/v1/file/download/{id}} com.manhnv.file.FileController#downloadFile(Long, HttpServletRequest)
2020-03-10T09:52:17.122+0700 INFO {POST /api/v1/file/uploadMultiple} com.manhnv.file.FileController#uploadMultipleFiles(MultipartFile[])
2020-03-10T09:52:17.122+0700 INFO {POST /api/v1/user/regist} com.manhnv.user.UserController#regist(UserCreateRequest)
2020-03-10T09:52:17.122+0700 INFO {GET /api/v1/user} com.manhnv.user.UserController#users(BasePageRequest)
2020-03-10T09:52:17.122+0700 INFO {PUT /api/v1/user/{id}} com.manhnv.user.UserController#updateUserInfo(Long, UserChangeRequest)
2020-03-10T09:52:17.122+0700 INFO {GET /api/v1/user/{id}/following} com.manhnv.user.UserController#getFollowing(Long)
2020-03-10T09:52:17.131+0700 INFO Started StartBookApplication in 3.333 seconds (JVM running for 3376.963)
