2020-03-11T08:43:10.177+0700 INFO Starting StartBookApplication on OMS-PC-232 with PID 28468 (C:\Users\User\Documents\spring-boot-workspace\book-shop\target\classes started by User in C:\Users\User\Documents\spring-boot-workspace\book-shop)
2020-03-11T08:43:10.178+0700 DEBUG Running with Spring Boot v2.2.4.RELEASE, Spring v5.2.3.RELEASE
2020-03-11T08:43:10.179+0700 INFO No active profile set, falling back to default profiles: default
2020-03-11T08:43:14.338+0700 DEBUG Filter 'logAndSuppressRequestRejectedExceptionFilter' configured for use
2020-03-11T08:43:14.338+0700 DEBUG Filter 'jwtRequestFilter' configured for use
2020-03-11T08:43:15.015+0700 INFO { /api/v1/logout} com.manhnv.authen.JwtAuthenticationController#logout(HttpServletRequest, HttpServletResponse)
2020-03-11T08:43:15.015+0700 INFO {POST /api/v1/auth} com.manhnv.authen.JwtAuthenticationController#createAuthenticationToken(JwtRequest)
2020-03-11T08:43:15.015+0700 INFO {POST /api/v1/author/{id}} com.manhnv.book.AuthorController#update(Long, AuthorChangeRequest)
2020-03-11T08:43:15.015+0700 INFO {GET /api/v1/author} com.manhnv.book.AuthorController#findAll(BasePageRequest)
2020-03-11T08:43:15.015+0700 INFO {POST /api/v1/author/{id}/vote} com.manhnv.book.AuthorController#vote(Long, Long, boolean)
2020-03-11T08:43:15.015+0700 INFO {GET /api/v1/vote} com.manhnv.book.AuthorController#viewVotes(VoteRequest)
2020-03-11T08:43:15.015+0700 INFO {GET /api/v1/book/{id}} com.manhnv.book.BookController#findOne(Long)
2020-03-11T08:43:15.015+0700 INFO {GET /api/v1/book} com.manhnv.book.BookController#findAll(BookRequest)
2020-03-11T08:43:15.015+0700 INFO {PUT /api/v1/book/{id}} com.manhnv.book.BookController#saveOrUpdate(Long, BookCreateRequest)
2020-03-11T08:43:15.015+0700 INFO {DELETE /api/v1/book/{id}} com.manhnv.book.BookController#deleteBook(Long)
2020-03-11T08:43:15.015+0700 INFO {POST /api/v1/book} com.manhnv.book.BookController#newBook(BookCreateRequest)
2020-03-11T08:43:15.015+0700 INFO {POST /api/v1/book/{id}/rate} com.manhnv.book.BookController#rateBook(Long, BookRateRequest)
2020-03-11T08:43:15.015+0700 INFO {GET /api/v1/book/{id}/rate} com.manhnv.book.BookController#viewAllRates(Long, BookRatePageRequest)
2020-03-11T08:43:15.016+0700 INFO {GET /api/v1/clear-cache} com.manhnv.cache.CacheController#clearAllCaches()
2020-03-11T08:43:15.016+0700 INFO { /error} com.manhnv.controller.CustomErrorController#onError(HttpServletRequest, HttpServletResponse)
2020-03-11T08:43:15.016+0700 INFO { /api/v1/error} com.manhnv.controller.CustomErrorController#onApiError()
2020-03-11T08:43:15.016+0700 INFO {POST /api/v1/create-data} com.manhnv.controller.TestController#create()
2020-03-11T08:43:15.016+0700 INFO {GET /api/v1/lang} com.manhnv.controller.TestController#checkLanguage()
2020-03-11T08:43:15.016+0700 INFO {POST /api/v1/file/upload} com.manhnv.file.FileController#uploadFile(MultipartFile)
2020-03-11T08:43:15.016+0700 INFO {GET /api/v1/file/download/{id}} com.manhnv.file.FileController#downloadFile(Long, HttpServletRequest)
2020-03-11T08:43:15.016+0700 INFO {POST /api/v1/file/uploadMultiple} com.manhnv.file.FileController#uploadMultipleFiles(MultipartFile[])
2020-03-11T08:43:15.016+0700 INFO {POST /api/v1/user/regist} com.manhnv.user.UserController#regist(UserCreateRequest)
2020-03-11T08:43:15.016+0700 INFO {PUT /api/v1/user/{id}} com.manhnv.user.UserController#updateUserInfo(Long, UserChangeRequest)
2020-03-11T08:43:15.016+0700 INFO {GET /api/v1/user} com.manhnv.user.UserController#users(BasePageRequest)
2020-03-11T08:43:15.016+0700 INFO {GET /api/v1/user/{id}/following} com.manhnv.user.UserController#getFollowing(Long)
2020-03-11T08:43:15.024+0700 INFO Started StartBookApplication in 4.89 seconds (JVM running for 62468.33)
2020-03-11T08:44:34.343+0700 INFO Starting StartBookApplication on OMS-PC-232 with PID 28468 (C:\Users\User\Documents\spring-boot-workspace\book-shop\target\classes started by User in C:\Users\User\Documents\spring-boot-workspace\book-shop)
2020-03-11T08:44:34.344+0700 DEBUG Running with Spring Boot v2.2.4.RELEASE, Spring v5.2.3.RELEASE
2020-03-11T08:44:34.344+0700 INFO No active profile set, falling back to default profiles: default
2020-03-11T08:44:37.629+0700 DEBUG Filter 'logAndSuppressRequestRejectedExceptionFilter' configured for use
2020-03-11T08:44:37.629+0700 DEBUG Filter 'jwtRequestFilter' configured for use
2020-03-11T08:44:38.146+0700 INFO { /api/v1/logout} com.manhnv.authen.JwtAuthenticationController#logout(HttpServletRequest, HttpServletResponse)
2020-03-11T08:44:38.146+0700 INFO {POST /api/v1/auth} com.manhnv.authen.JwtAuthenticationController#createAuthenticationToken(JwtRequest)
2020-03-11T08:44:38.146+0700 INFO {POST /api/v1/author/{id}} com.manhnv.book.AuthorController#update(Long, AuthorChangeRequest)
2020-03-11T08:44:38.146+0700 INFO {GET /api/v1/author} com.manhnv.book.AuthorController#findAll(BasePageRequest)
2020-03-11T08:44:38.146+0700 INFO {POST /api/v1/author/{id}/vote} com.manhnv.book.AuthorController#vote(Long, Long, boolean)
2020-03-11T08:44:38.146+0700 INFO {GET /api/v1/vote} com.manhnv.book.AuthorController#viewVotes(VoteRequest)
2020-03-11T08:44:38.146+0700 INFO {GET /api/v1/book/{id}} com.manhnv.book.BookController#findOne(Long)
2020-03-11T08:44:38.146+0700 INFO {GET /api/v1/book} com.manhnv.book.BookController#findAll(BookRequest)
2020-03-11T08:44:38.146+0700 INFO {PUT /api/v1/book/{id}} com.manhnv.book.BookController#saveOrUpdate(Long, BookCreateRequest)
2020-03-11T08:44:38.146+0700 INFO {DELETE /api/v1/book/{id}} com.manhnv.book.BookController#deleteBook(Long)
2020-03-11T08:44:38.146+0700 INFO {POST /api/v1/book} com.manhnv.book.BookController#newBook(BookCreateRequest)
2020-03-11T08:44:38.146+0700 INFO {POST /api/v1/book/{id}/rate} com.manhnv.book.BookController#rateBook(Long, BookRateRequest)
2020-03-11T08:44:38.146+0700 INFO {GET /api/v1/book/{id}/rate} com.manhnv.book.BookController#viewAllRates(Long, BookRatePageRequest)
2020-03-11T08:44:38.146+0700 INFO {GET /api/v1/clear-cache} com.manhnv.cache.CacheController#clearAllCaches()
2020-03-11T08:44:38.146+0700 INFO { /error} com.manhnv.controller.CustomErrorController#onError(HttpServletRequest, HttpServletResponse)
2020-03-11T08:44:38.146+0700 INFO { /api/v1/error} com.manhnv.controller.CustomErrorController#onApiError()
2020-03-11T08:44:38.146+0700 INFO {POST /api/v1/create-data} com.manhnv.controller.TestController#create()
2020-03-11T08:44:38.146+0700 INFO {GET /api/v1/lang} com.manhnv.controller.TestController#checkLanguage()
2020-03-11T08:44:38.147+0700 INFO {POST /api/v1/file/upload} com.manhnv.file.FileController#uploadFile(MultipartFile)
2020-03-11T08:44:38.147+0700 INFO {GET /api/v1/file/download/{id}} com.manhnv.file.FileController#downloadFile(Long, HttpServletRequest)
2020-03-11T08:44:38.147+0700 INFO {POST /api/v1/file/uploadMultiple} com.manhnv.file.FileController#uploadMultipleFiles(MultipartFile[])
2020-03-11T08:44:38.147+0700 INFO {POST /api/v1/user/regist} com.manhnv.user.UserController#regist(UserCreateRequest)
2020-03-11T08:44:38.147+0700 INFO {PUT /api/v1/user/{id}} com.manhnv.user.UserController#updateUserInfo(Long, UserChangeRequest)
2020-03-11T08:44:38.147+0700 INFO {GET /api/v1/user} com.manhnv.user.UserController#users(BasePageRequest)
2020-03-11T08:44:38.147+0700 INFO {GET /api/v1/user/{id}/following} com.manhnv.user.UserController#getFollowing(Long)
2020-03-11T08:44:38.158+0700 INFO Started StartBookApplication in 3.843 seconds (JVM running for 62551.463)
2020-03-11T08:45:16.673+0700 INFO Starting StartBookApplication on OMS-PC-232 with PID 28468 (C:\Users\User\Documents\spring-boot-workspace\book-shop\target\classes started by User in C:\Users\User\Documents\spring-boot-workspace\book-shop)
2020-03-11T08:45:16.674+0700 DEBUG Running with Spring Boot v2.2.4.RELEASE, Spring v5.2.3.RELEASE
2020-03-11T08:45:16.674+0700 INFO No active profile set, falling back to default profiles: default
2020-03-11T08:45:19.648+0700 DEBUG Filter 'logAndSuppressRequestRejectedExceptionFilter' configured for use
2020-03-11T08:45:19.648+0700 DEBUG Filter 'jwtRequestFilter' configured for use
2020-03-11T08:45:20.127+0700 INFO { /api/v1/logout} com.manhnv.authen.JwtAuthenticationController#logout(HttpServletRequest, HttpServletResponse)
2020-03-11T08:45:20.127+0700 INFO {POST /api/v1/auth} com.manhnv.authen.JwtAuthenticationController#createAuthenticationToken(JwtRequest)
2020-03-11T08:45:20.127+0700 INFO {POST /api/v1/author/{id}} com.manhnv.book.AuthorController#update(Long, AuthorChangeRequest)
2020-03-11T08:45:20.127+0700 INFO {GET /api/v1/author} com.manhnv.book.AuthorController#findAll(BasePageRequest)
2020-03-11T08:45:20.127+0700 INFO {POST /api/v1/author/{id}/vote} com.manhnv.book.AuthorController#vote(Long, Long, boolean)
2020-03-11T08:45:20.127+0700 INFO {GET /api/v1/vote} com.manhnv.book.AuthorController#viewVotes(VoteRequest)
2020-03-11T08:45:20.127+0700 INFO {GET /api/v1/book/{id}} com.manhnv.book.BookController#findOne(Long)
2020-03-11T08:45:20.127+0700 INFO {GET /api/v1/book} com.manhnv.book.BookController#findAll(BookRequest)
2020-03-11T08:45:20.127+0700 INFO {PUT /api/v1/book/{id}} com.manhnv.book.BookController#saveOrUpdate(Long, BookCreateRequest)
2020-03-11T08:45:20.127+0700 INFO {DELETE /api/v1/book/{id}} com.manhnv.book.BookController#deleteBook(Long)
2020-03-11T08:45:20.127+0700 INFO {POST /api/v1/book} com.manhnv.book.BookController#newBook(BookCreateRequest)
2020-03-11T08:45:20.127+0700 INFO {POST /api/v1/book/{id}/rate} com.manhnv.book.BookController#rateBook(Long, BookRateRequest)
2020-03-11T08:45:20.127+0700 INFO {GET /api/v1/book/{id}/rate} com.manhnv.book.BookController#viewAllRates(Long, BookRatePageRequest)
2020-03-11T08:45:20.127+0700 INFO {GET /api/v1/clear-cache} com.manhnv.cache.CacheController#clearAllCaches()
2020-03-11T08:45:20.127+0700 INFO { /error} com.manhnv.controller.CustomErrorController#onError(HttpServletRequest, HttpServletResponse)
2020-03-11T08:45:20.127+0700 INFO { /api/v1/error} com.manhnv.controller.CustomErrorController#onApiError()
2020-03-11T08:45:20.127+0700 INFO {POST /api/v1/create-data} com.manhnv.controller.TestController#create()
2020-03-11T08:45:20.127+0700 INFO {GET /api/v1/lang} com.manhnv.controller.TestController#checkLanguage()
2020-03-11T08:45:20.127+0700 INFO {POST /api/v1/file/upload} com.manhnv.file.FileController#uploadFile(MultipartFile)
2020-03-11T08:45:20.127+0700 INFO {GET /api/v1/file/download/{id}} com.manhnv.file.FileController#downloadFile(Long, HttpServletRequest)
2020-03-11T08:45:20.127+0700 INFO {POST /api/v1/file/uploadMultiple} com.manhnv.file.FileController#uploadMultipleFiles(MultipartFile[])
2020-03-11T08:45:20.127+0700 INFO {POST /api/v1/user/regist} com.manhnv.user.UserController#regist(UserCreateRequest)
2020-03-11T08:45:20.127+0700 INFO {PUT /api/v1/user/{id}} com.manhnv.user.UserController#updateUserInfo(Long, UserChangeRequest)
2020-03-11T08:45:20.127+0700 INFO {GET /api/v1/user} com.manhnv.user.UserController#users(BasePageRequest)
2020-03-11T08:45:20.127+0700 INFO {GET /api/v1/user/{id}/following} com.manhnv.user.UserController#getFollowing(Long)
2020-03-11T08:45:20.135+0700 INFO Started StartBookApplication in 3.492 seconds (JVM running for 62593.441)
2020-03-11T08:46:25.923+0700 INFO Starting StartBookApplication on OMS-PC-232 with PID 28468 (C:\Users\User\Documents\spring-boot-workspace\book-shop\target\classes started by User in C:\Users\User\Documents\spring-boot-workspace\book-shop)
2020-03-11T08:46:25.924+0700 DEBUG Running with Spring Boot v2.2.4.RELEASE, Spring v5.2.3.RELEASE
2020-03-11T08:46:25.924+0700 INFO No active profile set, falling back to default profiles: default
2020-03-11T08:46:28.795+0700 DEBUG Filter 'logAndSuppressRequestRejectedExceptionFilter' configured for use
2020-03-11T08:46:28.795+0700 DEBUG Filter 'jwtRequestFilter' configured for use
2020-03-11T08:46:29.237+0700 INFO { /api/v1/logout} com.manhnv.authen.JwtAuthenticationController#logout(HttpServletRequest, HttpServletResponse)
2020-03-11T08:46:29.237+0700 INFO {POST /api/v1/auth} com.manhnv.authen.JwtAuthenticationController#createAuthenticationToken(JwtRequest)
2020-03-11T08:46:29.237+0700 INFO {POST /api/v1/author/{id}} com.manhnv.book.AuthorController#update(Long, AuthorChangeRequest)
2020-03-11T08:46:29.237+0700 INFO {GET /api/v1/author} com.manhnv.book.AuthorController#findAll(BasePageRequest)
2020-03-11T08:46:29.237+0700 INFO {POST /api/v1/author/{id}/vote} com.manhnv.book.AuthorController#vote(Long, Long, boolean)
2020-03-11T08:46:29.237+0700 INFO {GET /api/v1/vote} com.manhnv.book.AuthorController#viewVotes(VoteRequest)
2020-03-11T08:46:29.237+0700 INFO {GET /api/v1/book/{id}} com.manhnv.book.BookController#findOne(Long)
2020-03-11T08:46:29.237+0700 INFO {GET /api/v1/book} com.manhnv.book.BookController#findAll(BookRequest)
2020-03-11T08:46:29.237+0700 INFO {PUT /api/v1/book/{id}} com.manhnv.book.BookController#saveOrUpdate(Long, BookCreateRequest)
2020-03-11T08:46:29.237+0700 INFO {DELETE /api/v1/book/{id}} com.manhnv.book.BookController#deleteBook(Long)
2020-03-11T08:46:29.237+0700 INFO {POST /api/v1/book} com.manhnv.book.BookController#newBook(BookCreateRequest)
2020-03-11T08:46:29.237+0700 INFO {POST /api/v1/book/{id}/rate} com.manhnv.book.BookController#rateBook(Long, BookRateRequest)
2020-03-11T08:46:29.237+0700 INFO {GET /api/v1/book/{id}/rate} com.manhnv.book.BookController#viewAllRates(Long, BookRatePageRequest)
2020-03-11T08:46:29.237+0700 INFO {GET /api/v1/clear-cache} com.manhnv.cache.CacheController#clearAllCaches()
2020-03-11T08:46:29.237+0700 INFO { /error} com.manhnv.controller.CustomErrorController#onError(HttpServletRequest, HttpServletResponse)
2020-03-11T08:46:29.237+0700 INFO { /api/v1/error} com.manhnv.controller.CustomErrorController#onApiError()
2020-03-11T08:46:29.237+0700 INFO {POST /api/v1/create-data} com.manhnv.controller.TestController#create()
2020-03-11T08:46:29.237+0700 INFO {GET /api/v1/lang} com.manhnv.controller.TestController#checkLanguage()
2020-03-11T08:46:29.237+0700 INFO {POST /api/v1/file/upload} com.manhnv.file.FileController#uploadFile(MultipartFile)
2020-03-11T08:46:29.237+0700 INFO {GET /api/v1/file/download/{id}} com.manhnv.file.FileController#downloadFile(Long, HttpServletRequest)
2020-03-11T08:46:29.237+0700 INFO {POST /api/v1/file/uploadMultiple} com.manhnv.file.FileController#uploadMultipleFiles(MultipartFile[])
2020-03-11T08:46:29.237+0700 INFO {POST /api/v1/user/regist} com.manhnv.user.UserController#regist(UserCreateRequest)
2020-03-11T08:46:29.237+0700 INFO {PUT /api/v1/user/{id}} com.manhnv.user.UserController#updateUserInfo(Long, UserChangeRequest)
2020-03-11T08:46:29.237+0700 INFO {GET /api/v1/user} com.manhnv.user.UserController#users(BasePageRequest)
2020-03-11T08:46:29.237+0700 INFO {GET /api/v1/user/{id}/following} com.manhnv.user.UserController#getFollowing(Long)
2020-03-11T08:46:29.252+0700 INFO Started StartBookApplication in 3.355 seconds (JVM running for 62662.558)
2020-03-11T08:46:49.700+0700 INFO Starting StartBookApplication on OMS-PC-232 with PID 28468 (C:\Users\User\Documents\spring-boot-workspace\book-shop\target\classes started by User in C:\Users\User\Documents\spring-boot-workspace\book-shop)
2020-03-11T08:46:49.701+0700 DEBUG Running with Spring Boot v2.2.4.RELEASE, Spring v5.2.3.RELEASE
2020-03-11T08:46:49.701+0700 INFO No active profile set, falling back to default profiles: default
2020-03-11T08:46:52.702+0700 DEBUG Filter 'logAndSuppressRequestRejectedExceptionFilter' configured for use
2020-03-11T08:46:52.702+0700 DEBUG Filter 'jwtRequestFilter' configured for use
2020-03-11T08:46:53.154+0700 INFO { /api/v1/logout} com.manhnv.authen.JwtAuthenticationController#logout(HttpServletRequest, HttpServletResponse)
2020-03-11T08:46:53.155+0700 INFO {POST /api/v1/auth} com.manhnv.authen.JwtAuthenticationController#createAuthenticationToken(JwtRequest)
2020-03-11T08:46:53.155+0700 INFO {POST /api/v1/author/{id}} com.manhnv.book.AuthorController#update(Long, AuthorChangeRequest)
2020-03-11T08:46:53.155+0700 INFO {GET /api/v1/author} com.manhnv.book.AuthorController#findAll(BasePageRequest)
2020-03-11T08:46:53.155+0700 INFO {POST /api/v1/author/{id}/vote} com.manhnv.book.AuthorController#vote(Long, Long, boolean)
2020-03-11T08:46:53.155+0700 INFO {GET /api/v1/vote} com.manhnv.book.AuthorController#viewVotes(VoteRequest)
2020-03-11T08:46:53.155+0700 INFO {GET /api/v1/book/{id}} com.manhnv.book.BookController#findOne(Long)
2020-03-11T08:46:53.155+0700 INFO {GET /api/v1/book} com.manhnv.book.BookController#findAll(BookRequest)
2020-03-11T08:46:53.155+0700 INFO {PUT /api/v1/book/{id}} com.manhnv.book.BookController#saveOrUpdate(Long, BookCreateRequest)
2020-03-11T08:46:53.155+0700 INFO {DELETE /api/v1/book/{id}} com.manhnv.book.BookController#deleteBook(Long)
2020-03-11T08:46:53.155+0700 INFO {POST /api/v1/book} com.manhnv.book.BookController#newBook(BookCreateRequest)
2020-03-11T08:46:53.155+0700 INFO {POST /api/v1/book/{id}/rate} com.manhnv.book.BookController#rateBook(Long, BookRateRequest)
2020-03-11T08:46:53.155+0700 INFO {GET /api/v1/book/{id}/rate} com.manhnv.book.BookController#viewAllRates(Long, BookRatePageRequest)
2020-03-11T08:46:53.155+0700 INFO {GET /api/v1/clear-cache} com.manhnv.cache.CacheController#clearAllCaches()
2020-03-11T08:46:53.155+0700 INFO { /error} com.manhnv.controller.CustomErrorController#onError(HttpServletRequest, HttpServletResponse)
2020-03-11T08:46:53.155+0700 INFO { /api/v1/error} com.manhnv.controller.CustomErrorController#onApiError()
2020-03-11T08:46:53.155+0700 INFO {POST /api/v1/create-data} com.manhnv.controller.TestController#create()
2020-03-11T08:46:53.155+0700 INFO {GET /api/v1/lang} com.manhnv.controller.TestController#checkLanguage()
2020-03-11T08:46:53.155+0700 INFO {POST /api/v1/file/upload} com.manhnv.file.FileController#uploadFile(MultipartFile)
2020-03-11T08:46:53.155+0700 INFO {GET /api/v1/file/download/{id}} com.manhnv.file.FileController#downloadFile(Long, HttpServletRequest)
2020-03-11T08:46:53.155+0700 INFO {POST /api/v1/file/uploadMultiple} com.manhnv.file.FileController#uploadMultipleFiles(MultipartFile[])
2020-03-11T08:46:53.155+0700 INFO {POST /api/v1/user/regist} com.manhnv.user.UserController#regist(UserCreateRequest)
2020-03-11T08:46:53.155+0700 INFO {PUT /api/v1/user/{id}} com.manhnv.user.UserController#updateUserInfo(Long, UserChangeRequest)
2020-03-11T08:46:53.155+0700 INFO {GET /api/v1/user} com.manhnv.user.UserController#users(BasePageRequest)
2020-03-11T08:46:53.155+0700 INFO {GET /api/v1/user/{id}/following} com.manhnv.user.UserController#getFollowing(Long)
2020-03-11T08:46:53.163+0700 INFO Started StartBookApplication in 3.492 seconds (JVM running for 62686.468)
2020-03-11T08:46:57.007+0700 INFO Starting StartBookApplication on OMS-PC-232 with PID 28468 (C:\Users\User\Documents\spring-boot-workspace\book-shop\target\classes started by User in C:\Users\User\Documents\spring-boot-workspace\book-shop)
2020-03-11T08:46:57.008+0700 DEBUG Running with Spring Boot v2.2.4.RELEASE, Spring v5.2.3.RELEASE
2020-03-11T08:46:57.008+0700 INFO No active profile set, falling back to default profiles: default
2020-03-11T08:47:00.627+0700 DEBUG Filter 'logAndSuppressRequestRejectedExceptionFilter' configured for use
2020-03-11T08:47:00.627+0700 DEBUG Filter 'jwtRequestFilter' configured for use
2020-03-11T08:47:01.032+0700 INFO { /api/v1/logout} com.manhnv.authen.JwtAuthenticationController#logout(HttpServletRequest, HttpServletResponse)
2020-03-11T08:47:01.033+0700 INFO {POST /api/v1/auth} com.manhnv.authen.JwtAuthenticationController#createAuthenticationToken(JwtRequest)
2020-03-11T08:47:01.033+0700 INFO {POST /api/v1/author/{id}} com.manhnv.book.AuthorController#update(Long, AuthorChangeRequest)
2020-03-11T08:47:01.033+0700 INFO {GET /api/v1/author} com.manhnv.book.AuthorController#findAll(BasePageRequest)
2020-03-11T08:47:01.033+0700 INFO {POST /api/v1/author/{id}/vote} com.manhnv.book.AuthorController#vote(Long, Long, boolean)
2020-03-11T08:47:01.033+0700 INFO {GET /api/v1/vote} com.manhnv.book.AuthorController#viewVotes(VoteRequest)
2020-03-11T08:47:01.033+0700 INFO {GET /api/v1/book/{id}} com.manhnv.book.BookController#findOne(Long)
2020-03-11T08:47:01.033+0700 INFO {GET /api/v1/book} com.manhnv.book.BookController#findAll(BookRequest)
2020-03-11T08:47:01.033+0700 INFO {PUT /api/v1/book/{id}} com.manhnv.book.BookController#saveOrUpdate(Long, BookCreateRequest)
2020-03-11T08:47:01.033+0700 INFO {DELETE /api/v1/book/{id}} com.manhnv.book.BookController#deleteBook(Long)
2020-03-11T08:47:01.033+0700 INFO {POST /api/v1/book} com.manhnv.book.BookController#newBook(BookCreateRequest)
2020-03-11T08:47:01.033+0700 INFO {POST /api/v1/book/{id}/rate} com.manhnv.book.BookController#rateBook(Long, BookRateRequest)
2020-03-11T08:47:01.033+0700 INFO {GET /api/v1/book/{id}/rate} com.manhnv.book.BookController#viewAllRates(Long, BookRatePageRequest)
2020-03-11T08:47:01.033+0700 INFO {GET /api/v1/clear-cache} com.manhnv.cache.CacheController#clearAllCaches()
2020-03-11T08:47:01.033+0700 INFO { /error} com.manhnv.controller.CustomErrorController#onError(HttpServletRequest, HttpServletResponse)
2020-03-11T08:47:01.033+0700 INFO { /api/v1/error} com.manhnv.controller.CustomErrorController#onApiError()
2020-03-11T08:47:01.033+0700 INFO {POST /api/v1/create-data} com.manhnv.controller.TestController#create()
2020-03-11T08:47:01.033+0700 INFO {GET /api/v1/lang} com.manhnv.controller.TestController#checkLanguage()
2020-03-11T08:47:01.033+0700 INFO {POST /api/v1/file/upload} com.manhnv.file.FileController#uploadFile(MultipartFile)
2020-03-11T08:47:01.033+0700 INFO {GET /api/v1/file/download/{id}} com.manhnv.file.FileController#downloadFile(Long, HttpServletRequest)
2020-03-11T08:47:01.033+0700 INFO {POST /api/v1/file/uploadMultiple} com.manhnv.file.FileController#uploadMultipleFiles(MultipartFile[])
2020-03-11T08:47:01.033+0700 INFO {POST /api/v1/user/regist} com.manhnv.user.UserController#regist(UserCreateRequest)
2020-03-11T08:47:01.033+0700 INFO {PUT /api/v1/user/{id}} com.manhnv.user.UserController#updateUserInfo(Long, UserChangeRequest)
2020-03-11T08:47:01.033+0700 INFO {GET /api/v1/user} com.manhnv.user.UserController#users(BasePageRequest)
2020-03-11T08:47:01.033+0700 INFO {GET /api/v1/user/{id}/following} com.manhnv.user.UserController#getFollowing(Long)
2020-03-11T08:47:01.041+0700 INFO Started StartBookApplication in 4.061 seconds (JVM running for 62694.347)
2020-03-11T08:50:42.136+0700 INFO Starting StartBookApplication on OMS-PC-232 with PID 28468 (C:\Users\User\Documents\spring-boot-workspace\book-shop\target\classes started by User in C:\Users\User\Documents\spring-boot-workspace\book-shop)
2020-03-11T08:50:42.136+0700 DEBUG Running with Spring Boot v2.2.4.RELEASE, Spring v5.2.3.RELEASE
2020-03-11T08:50:42.136+0700 INFO No active profile set, falling back to default profiles: default
2020-03-11T08:50:45.123+0700 DEBUG Filter 'logAndSuppressRequestRejectedExceptionFilter' configured for use
2020-03-11T08:50:45.124+0700 DEBUG Filter 'jwtRequestFilter' configured for use
2020-03-11T08:50:45.584+0700 INFO { /api/v1/logout} com.manhnv.authen.JwtAuthenticationController#logout(HttpServletRequest, HttpServletResponse)
2020-03-11T08:50:45.584+0700 INFO {POST /api/v1/auth} com.manhnv.authen.JwtAuthenticationController#createAuthenticationToken(JwtRequest)
2020-03-11T08:50:45.584+0700 INFO {POST /api/v1/author/{id}} com.manhnv.book.AuthorController#update(Long, AuthorChangeRequest)
2020-03-11T08:50:45.584+0700 INFO {GET /api/v1/author} com.manhnv.book.AuthorController#findAll(BasePageRequest)
2020-03-11T08:50:45.584+0700 INFO {POST /api/v1/author/{id}/vote} com.manhnv.book.AuthorController#vote(Long, Long, boolean)
2020-03-11T08:50:45.584+0700 INFO {GET /api/v1/vote} com.manhnv.book.AuthorController#viewVotes(VoteRequest)
2020-03-11T08:50:45.584+0700 INFO {GET /api/v1/book/{id}} com.manhnv.book.BookController#findOne(Long)
2020-03-11T08:50:45.584+0700 INFO {GET /api/v1/book} com.manhnv.book.BookController#findAll(BookRequest)
2020-03-11T08:50:45.584+0700 INFO {PUT /api/v1/book/{id}} com.manhnv.book.BookController#saveOrUpdate(Long, BookCreateRequest)
2020-03-11T08:50:45.584+0700 INFO {DELETE /api/v1/book/{id}} com.manhnv.book.BookController#deleteBook(Long)
2020-03-11T08:50:45.584+0700 INFO {POST /api/v1/book} com.manhnv.book.BookController#newBook(BookCreateRequest)
2020-03-11T08:50:45.584+0700 INFO {POST /api/v1/book/{id}/rate} com.manhnv.book.BookController#rateBook(Long, BookRateRequest)
2020-03-11T08:50:45.584+0700 INFO {GET /api/v1/book/{id}/rate} com.manhnv.book.BookController#viewAllRates(Long, BookRatePageRequest)
2020-03-11T08:50:45.584+0700 INFO {GET /api/v1/clear-cache} com.manhnv.cache.CacheController#clearAllCaches()
2020-03-11T08:50:45.584+0700 INFO { /error} com.manhnv.controller.CustomErrorController#onError(HttpServletRequest, HttpServletResponse)
2020-03-11T08:50:45.584+0700 INFO { /api/v1/error} com.manhnv.controller.CustomErrorController#onApiError()
2020-03-11T08:50:45.584+0700 INFO {POST /api/v1/create-data} com.manhnv.controller.TestController#create()
2020-03-11T08:50:45.584+0700 INFO {GET /api/v1/lang} com.manhnv.controller.TestController#checkLanguage()
2020-03-11T08:50:45.584+0700 INFO {POST /api/v1/file/upload} com.manhnv.file.FileController#uploadFile(MultipartFile)
2020-03-11T08:50:45.584+0700 INFO {GET /api/v1/file/download/{id}} com.manhnv.file.FileController#downloadFile(Long, HttpServletRequest)
2020-03-11T08:50:45.584+0700 INFO {POST /api/v1/file/uploadMultiple} com.manhnv.file.FileController#uploadMultipleFiles(MultipartFile[])
2020-03-11T08:50:45.584+0700 INFO {POST /api/v1/user/regist} com.manhnv.user.UserController#regist(UserCreateRequest)
2020-03-11T08:50:45.584+0700 INFO {PUT /api/v1/user/{id}} com.manhnv.user.UserController#updateUserInfo(Long, UserChangeRequest)
2020-03-11T08:50:45.584+0700 INFO {GET /api/v1/user} com.manhnv.user.UserController#users(BasePageRequest)
2020-03-11T08:50:45.584+0700 INFO {GET /api/v1/user/{id}/following} com.manhnv.user.UserController#getFollowing(Long)
2020-03-11T08:50:45.593+0700 INFO Started StartBookApplication in 3.484 seconds (JVM running for 62918.898)
2020-03-11T08:52:16.370+0700 INFO Starting StartBookApplication on OMS-PC-232 with PID 28468 (C:\Users\User\Documents\spring-boot-workspace\book-shop\target\classes started by User in C:\Users\User\Documents\spring-boot-workspace\book-shop)
2020-03-11T08:52:16.370+0700 DEBUG Running with Spring Boot v2.2.4.RELEASE, Spring v5.2.3.RELEASE
2020-03-11T08:52:16.371+0700 INFO No active profile set, falling back to default profiles: default
2020-03-11T08:52:19.451+0700 DEBUG Filter 'logAndSuppressRequestRejectedExceptionFilter' configured for use
2020-03-11T08:52:19.451+0700 DEBUG Filter 'jwtRequestFilter' configured for use
2020-03-11T08:52:19.903+0700 INFO { /api/v1/logout} com.manhnv.authen.JwtAuthenticationController#logout(HttpServletRequest, HttpServletResponse)
2020-03-11T08:52:19.903+0700 INFO {POST /api/v1/auth} com.manhnv.authen.JwtAuthenticationController#createAuthenticationToken(JwtRequest)
2020-03-11T08:52:19.903+0700 INFO {POST /api/v1/author/{id}} com.manhnv.book.AuthorController#update(Long, AuthorChangeRequest)
2020-03-11T08:52:19.903+0700 INFO {GET /api/v1/author} com.manhnv.book.AuthorController#findAll(BasePageRequest)
2020-03-11T08:52:19.903+0700 INFO {POST /api/v1/author/{id}/vote} com.manhnv.book.AuthorController#vote(Long, Long, boolean)
2020-03-11T08:52:19.903+0700 INFO {GET /api/v1/vote} com.manhnv.book.AuthorController#viewVotes(VoteRequest)
2020-03-11T08:52:19.903+0700 INFO {GET /api/v1/book/{id}} com.manhnv.book.BookController#findOne(Long)
2020-03-11T08:52:19.903+0700 INFO {GET /api/v1/book} com.manhnv.book.BookController#findAll(BookRequest)
2020-03-11T08:52:19.903+0700 INFO {PUT /api/v1/book/{id}} com.manhnv.book.BookController#saveOrUpdate(Long, BookCreateRequest)
2020-03-11T08:52:19.903+0700 INFO {DELETE /api/v1/book/{id}} com.manhnv.book.BookController#deleteBook(Long)
2020-03-11T08:52:19.903+0700 INFO {POST /api/v1/book} com.manhnv.book.BookController#newBook(BookCreateRequest)
2020-03-11T08:52:19.903+0700 INFO {POST /api/v1/book/{id}/rate} com.manhnv.book.BookController#rateBook(Long, BookRateRequest)
2020-03-11T08:52:19.903+0700 INFO {GET /api/v1/book/{id}/rate} com.manhnv.book.BookController#viewAllRates(Long, BookRatePageRequest)
2020-03-11T08:52:19.904+0700 INFO {GET /api/v1/clear-cache} com.manhnv.cache.CacheController#clearAllCaches()
2020-03-11T08:52:19.904+0700 INFO { /error} com.manhnv.controller.CustomErrorController#onError(HttpServletRequest, HttpServletResponse)
2020-03-11T08:52:19.904+0700 INFO { /api/v1/error} com.manhnv.controller.CustomErrorController#onApiError()
2020-03-11T08:52:19.904+0700 INFO {POST /api/v1/create-data} com.manhnv.controller.TestController#create()
2020-03-11T08:52:19.904+0700 INFO {GET /api/v1/lang} com.manhnv.controller.TestController#checkLanguage()
2020-03-11T08:52:19.904+0700 INFO {POST /api/v1/file/upload} com.manhnv.file.FileController#uploadFile(MultipartFile)
2020-03-11T08:52:19.904+0700 INFO {GET /api/v1/file/download/{id}} com.manhnv.file.FileController#downloadFile(Long, HttpServletRequest)
2020-03-11T08:52:19.904+0700 INFO {POST /api/v1/file/uploadMultiple} com.manhnv.file.FileController#uploadMultipleFiles(MultipartFile[])
2020-03-11T08:52:19.904+0700 INFO {POST /api/v1/user/regist} com.manhnv.user.UserController#regist(UserCreateRequest)
2020-03-11T08:52:19.904+0700 INFO {PUT /api/v1/user/{id}} com.manhnv.user.UserController#updateUserInfo(Long, UserChangeRequest)
2020-03-11T08:52:19.904+0700 INFO {GET /api/v1/user} com.manhnv.user.UserController#users(BasePageRequest)
2020-03-11T08:52:19.904+0700 INFO {GET /api/v1/user/{id}/following} com.manhnv.user.UserController#getFollowing(Long)
2020-03-11T08:52:19.912+0700 INFO Started StartBookApplication in 3.572 seconds (JVM running for 63013.218)
2020-03-11T08:53:24.704+0700 INFO Starting StartBookApplication on OMS-PC-232 with PID 28468 (C:\Users\User\Documents\spring-boot-workspace\book-shop\target\classes started by User in C:\Users\User\Documents\spring-boot-workspace\book-shop)
2020-03-11T08:53:24.705+0700 DEBUG Running with Spring Boot v2.2.4.RELEASE, Spring v5.2.3.RELEASE
2020-03-11T08:53:24.705+0700 INFO No active profile set, falling back to default profiles: default
2020-03-11T08:53:27.591+0700 DEBUG Filter 'logAndSuppressRequestRejectedExceptionFilter' configured for use
2020-03-11T08:53:27.591+0700 DEBUG Filter 'jwtRequestFilter' configured for use
2020-03-11T08:53:28.105+0700 INFO { /api/v1/logout} com.manhnv.authen.JwtAuthenticationController#logout(HttpServletRequest, HttpServletResponse)
2020-03-11T08:53:28.105+0700 INFO {POST /api/v1/auth} com.manhnv.authen.JwtAuthenticationController#createAuthenticationToken(JwtRequest)
2020-03-11T08:53:28.105+0700 INFO {POST /api/v1/author/{id}} com.manhnv.book.AuthorController#update(Long, AuthorChangeRequest)
2020-03-11T08:53:28.105+0700 INFO {GET /api/v1/author} com.manhnv.book.AuthorController#findAll(BasePageRequest)
2020-03-11T08:53:28.105+0700 INFO {POST /api/v1/author/{id}/vote} com.manhnv.book.AuthorController#vote(Long, Long, boolean)
2020-03-11T08:53:28.105+0700 INFO {GET /api/v1/vote} com.manhnv.book.AuthorController#viewVotes(VoteRequest)
2020-03-11T08:53:28.105+0700 INFO {GET /api/v1/book/{id}} com.manhnv.book.BookController#findOne(Long)
2020-03-11T08:53:28.105+0700 INFO {GET /api/v1/book} com.manhnv.book.BookController#findAll(BookRequest)
2020-03-11T08:53:28.105+0700 INFO {PUT /api/v1/book/{id}} com.manhnv.book.BookController#saveOrUpdate(Long, BookCreateRequest)
2020-03-11T08:53:28.105+0700 INFO {DELETE /api/v1/book/{id}} com.manhnv.book.BookController#deleteBook(Long)
2020-03-11T08:53:28.105+0700 INFO {POST /api/v1/book} com.manhnv.book.BookController#newBook(BookCreateRequest)
2020-03-11T08:53:28.105+0700 INFO {POST /api/v1/book/{id}/rate} com.manhnv.book.BookController#rateBook(Long, BookRateRequest)
2020-03-11T08:53:28.105+0700 INFO {GET /api/v1/book/{id}/rate} com.manhnv.book.BookController#viewAllRates(Long, BookRatePageRequest)
2020-03-11T08:53:28.105+0700 INFO {GET /api/v1/clear-cache} com.manhnv.cache.CacheController#clearAllCaches()
2020-03-11T08:53:28.105+0700 INFO { /error} com.manhnv.controller.CustomErrorController#onError(HttpServletRequest, HttpServletResponse)
2020-03-11T08:53:28.105+0700 INFO { /api/v1/error} com.manhnv.controller.CustomErrorController#onApiError()
2020-03-11T08:53:28.105+0700 INFO {POST /api/v1/create-data} com.manhnv.controller.TestController#create()
2020-03-11T08:53:28.105+0700 INFO {GET /api/v1/lang} com.manhnv.controller.TestController#checkLanguage()
2020-03-11T08:53:28.105+0700 INFO {POST /api/v1/file/upload} com.manhnv.file.FileController#uploadFile(MultipartFile)
2020-03-11T08:53:28.105+0700 INFO {GET /api/v1/file/download/{id}} com.manhnv.file.FileController#downloadFile(Long, HttpServletRequest)
2020-03-11T08:53:28.105+0700 INFO {POST /api/v1/file/uploadMultiple} com.manhnv.file.FileController#uploadMultipleFiles(MultipartFile[])
2020-03-11T08:53:28.105+0700 INFO {POST /api/v1/user/regist} com.manhnv.user.UserController#regist(UserCreateRequest)
2020-03-11T08:53:28.105+0700 INFO {PUT /api/v1/user/{id}} com.manhnv.user.UserController#updateUserInfo(Long, UserChangeRequest)
2020-03-11T08:53:28.105+0700 INFO {GET /api/v1/user} com.manhnv.user.UserController#users(BasePageRequest)
2020-03-11T08:53:28.105+0700 INFO {GET /api/v1/user/{id}/following} com.manhnv.user.UserController#getFollowing(Long)
2020-03-11T08:53:28.114+0700 INFO Started StartBookApplication in 3.437 seconds (JVM running for 63081.42)
2020-03-11T08:56:54.529+0700 INFO Starting StartBookApplication on OMS-PC-232 with PID 28468 (C:\Users\User\Documents\spring-boot-workspace\book-shop\target\classes started by User in C:\Users\User\Documents\spring-boot-workspace\book-shop)
2020-03-11T08:56:54.530+0700 DEBUG Running with Spring Boot v2.2.4.RELEASE, Spring v5.2.3.RELEASE
2020-03-11T08:56:54.530+0700 INFO No active profile set, falling back to default profiles: default
2020-03-11T08:56:57.698+0700 DEBUG Filter 'logAndSuppressRequestRejectedExceptionFilter' configured for use
2020-03-11T08:56:57.698+0700 DEBUG Filter 'jwtRequestFilter' configured for use
2020-03-11T08:56:58.108+0700 INFO { /api/v1/logout} com.manhnv.authen.JwtAuthenticationController#logout(HttpServletRequest, HttpServletResponse)
2020-03-11T08:56:58.108+0700 INFO {POST /api/v1/auth} com.manhnv.authen.JwtAuthenticationController#createAuthenticationToken(JwtRequest)
2020-03-11T08:56:58.108+0700 INFO {POST /api/v1/author/{id}} com.manhnv.book.AuthorController#update(Long, AuthorChangeRequest)
2020-03-11T08:56:58.108+0700 INFO {GET /api/v1/author} com.manhnv.book.AuthorController#findAll(BasePageRequest)
2020-03-11T08:56:58.108+0700 INFO {POST /api/v1/author/{id}/vote} com.manhnv.book.AuthorController#vote(Long, Long, boolean)
2020-03-11T08:56:58.108+0700 INFO {GET /api/v1/vote} com.manhnv.book.AuthorController#viewVotes(VoteRequest)
2020-03-11T08:56:58.108+0700 INFO {GET /api/v1/book/{id}} com.manhnv.book.BookController#findOne(Long)
2020-03-11T08:56:58.108+0700 INFO {GET /api/v1/book} com.manhnv.book.BookController#findAll(BookRequest)
2020-03-11T08:56:58.108+0700 INFO {PUT /api/v1/book/{id}} com.manhnv.book.BookController#saveOrUpdate(Long, BookCreateRequest)
2020-03-11T08:56:58.108+0700 INFO {DELETE /api/v1/book/{id}} com.manhnv.book.BookController#deleteBook(Long)
2020-03-11T08:56:58.108+0700 INFO {POST /api/v1/book} com.manhnv.book.BookController#newBook(BookCreateRequest)
2020-03-11T08:56:58.108+0700 INFO {POST /api/v1/book/{id}/rate} com.manhnv.book.BookController#rateBook(Long, BookRateRequest)
2020-03-11T08:56:58.108+0700 INFO {GET /api/v1/book/{id}/rate} com.manhnv.book.BookController#viewAllRates(Long, BookRatePageRequest)
2020-03-11T08:56:58.108+0700 INFO {GET /api/v1/clear-cache} com.manhnv.cache.CacheController#clearAllCaches()
2020-03-11T08:56:58.108+0700 INFO { /error} com.manhnv.controller.CustomErrorController#onError(HttpServletRequest, HttpServletResponse)
2020-03-11T08:56:58.108+0700 INFO { /api/v1/error} com.manhnv.controller.CustomErrorController#onApiError()
2020-03-11T08:56:58.108+0700 INFO {POST /api/v1/create-data} com.manhnv.controller.TestController#create()
2020-03-11T08:56:58.108+0700 INFO {GET /api/v1/lang} com.manhnv.controller.TestController#checkLanguage()
2020-03-11T08:56:58.108+0700 INFO {POST /api/v1/file/upload} com.manhnv.file.FileController#uploadFile(MultipartFile)
2020-03-11T08:56:58.108+0700 INFO {GET /api/v1/file/download/{id}} com.manhnv.file.FileController#downloadFile(Long, HttpServletRequest)
2020-03-11T08:56:58.108+0700 INFO {POST /api/v1/file/uploadMultiple} com.manhnv.file.FileController#uploadMultipleFiles(MultipartFile[])
2020-03-11T08:56:58.108+0700 INFO {POST /api/v1/user/regist} com.manhnv.user.UserController#regist(UserCreateRequest)
2020-03-11T08:56:58.108+0700 INFO {PUT /api/v1/user/{id}} com.manhnv.user.UserController#updateUserInfo(Long, UserChangeRequest)
2020-03-11T08:56:58.108+0700 INFO {GET /api/v1/user} com.manhnv.user.UserController#users(BasePageRequest)
2020-03-11T08:56:58.108+0700 INFO {GET /api/v1/user/{id}/following} com.manhnv.user.UserController#getFollowing(Long)
2020-03-11T08:56:58.116+0700 INFO Started StartBookApplication in 3.615 seconds (JVM running for 63291.421)
2020-03-11T08:57:08.475+0700 WARN JWT Token does not begin with Bearer String
2020-03-11T08:57:12.016+0700 WARN JWT Token does not begin with Bearer String
2020-03-11T08:58:55.815+0700 INFO Starting StartBookApplication on OMS-PC-232 with PID 28468 (C:\Users\User\Documents\spring-boot-workspace\book-shop\target\classes started by User in C:\Users\User\Documents\spring-boot-workspace\book-shop)
2020-03-11T08:58:55.816+0700 DEBUG Running with Spring Boot v2.2.4.RELEASE, Spring v5.2.3.RELEASE
2020-03-11T08:58:55.816+0700 INFO No active profile set, falling back to default profiles: default
2020-03-11T08:58:58.655+0700 DEBUG Filter 'logAndSuppressRequestRejectedExceptionFilter' configured for use
2020-03-11T08:58:58.655+0700 DEBUG Filter 'jwtRequestFilter' configured for use
2020-03-11T08:58:59.081+0700 INFO { /api/v1/logout} com.manhnv.authen.JwtAuthenticationController#logout(HttpServletRequest, HttpServletResponse)
2020-03-11T08:58:59.081+0700 INFO {POST /api/v1/auth} com.manhnv.authen.JwtAuthenticationController#createAuthenticationToken(JwtRequest)
2020-03-11T08:58:59.081+0700 INFO {POST /api/v1/author/{id}} com.manhnv.book.AuthorController#update(Long, AuthorChangeRequest)
2020-03-11T08:58:59.081+0700 INFO {GET /api/v1/author} com.manhnv.book.AuthorController#findAll(BasePageRequest)
2020-03-11T08:58:59.081+0700 INFO {POST /api/v1/author/{id}/vote} com.manhnv.book.AuthorController#vote(Long, Long, boolean)
2020-03-11T08:58:59.081+0700 INFO {GET /api/v1/vote} com.manhnv.book.AuthorController#viewVotes(VoteRequest)
2020-03-11T08:58:59.081+0700 INFO {GET /api/v1/book/{id}} com.manhnv.book.BookController#findOne(Long)
2020-03-11T08:58:59.082+0700 INFO {GET /api/v1/book} com.manhnv.book.BookController#findAll(BookRequest)
2020-03-11T08:58:59.082+0700 INFO {PUT /api/v1/book/{id}} com.manhnv.book.BookController#saveOrUpdate(Long, BookCreateRequest)
2020-03-11T08:58:59.082+0700 INFO {DELETE /api/v1/book/{id}} com.manhnv.book.BookController#deleteBook(Long)
2020-03-11T08:58:59.082+0700 INFO {POST /api/v1/book} com.manhnv.book.BookController#newBook(BookCreateRequest)
2020-03-11T08:58:59.082+0700 INFO {POST /api/v1/book/{id}/rate} com.manhnv.book.BookController#rateBook(Long, BookRateRequest)
2020-03-11T08:58:59.082+0700 INFO {GET /api/v1/book/{id}/rate} com.manhnv.book.BookController#viewAllRates(Long, BookRatePageRequest)
2020-03-11T08:58:59.082+0700 INFO {GET /api/v1/clear-cache} com.manhnv.cache.CacheController#clearAllCaches()
2020-03-11T08:58:59.082+0700 INFO { /error} com.manhnv.controller.CustomErrorController#onError(HttpServletRequest, HttpServletResponse)
2020-03-11T08:58:59.082+0700 INFO { /api/v1/error} com.manhnv.controller.CustomErrorController#onApiError()
2020-03-11T08:58:59.082+0700 INFO {POST /api/v1/create-data} com.manhnv.controller.TestController#create()
2020-03-11T08:58:59.082+0700 INFO {GET /api/v1/lang} com.manhnv.controller.TestController#checkLanguage()
2020-03-11T08:58:59.082+0700 INFO {POST /api/v1/file/upload} com.manhnv.file.FileController#uploadFile(MultipartFile)
2020-03-11T08:58:59.082+0700 INFO {GET /api/v1/file/download/{id}} com.manhnv.file.FileController#downloadFile(Long, HttpServletRequest)
2020-03-11T08:58:59.082+0700 INFO {POST /api/v1/file/uploadMultiple} com.manhnv.file.FileController#uploadMultipleFiles(MultipartFile[])
2020-03-11T08:58:59.082+0700 INFO {POST /api/v1/user/regist} com.manhnv.user.UserController#regist(UserCreateRequest)
2020-03-11T08:58:59.082+0700 INFO {PUT /api/v1/user/{id}} com.manhnv.user.UserController#updateUserInfo(Long, UserChangeRequest)
2020-03-11T08:58:59.082+0700 INFO {GET /api/v1/user} com.manhnv.user.UserController#users(BasePageRequest)
2020-03-11T08:58:59.082+0700 INFO {GET /api/v1/user/{id}/following} com.manhnv.user.UserController#getFollowing(Long)
2020-03-11T08:58:59.091+0700 INFO Started StartBookApplication in 3.302 seconds (JVM running for 63412.396)
2020-03-11T08:59:16.378+0700 WARN JWT Token does not begin with Bearer String
