2020-03-03T08:16:54.291+0700 INFO Starting StartBookApplication on OMS-PC-232 with PID 24020 (C:\Users\User\Documents\spring-boot-workspace\book-shop\target\classes started by User in C:\Users\User\Documents\spring-boot-workspace\book-shop)
2020-03-03T08:16:54.292+0700 DEBUG Running with Spring Boot v2.2.4.RELEASE, Spring v5.2.3.RELEASE
2020-03-03T08:16:54.292+0700 INFO No active profile set, falling back to default profiles: default
2020-03-03T08:16:58.773+0700 DEBUG Filter 'logAndSuppressRequestRejectedExceptionFilter' configured for use
2020-03-03T08:16:58.774+0700 DEBUG Filter 'jwtRequestFilter' configured for use
2020-03-03T08:16:59.385+0700 INFO Started StartBookApplication in 5.142 seconds (JVM running for 58959.518)
2020-03-03T08:18:39.456+0700 INFO Starting StartBookApplication on OMS-PC-232 with PID 24020 (C:\Users\User\Documents\spring-boot-workspace\book-shop\target\classes started by User in C:\Users\User\Documents\spring-boot-workspace\book-shop)
2020-03-03T08:18:39.456+0700 DEBUG Running with Spring Boot v2.2.4.RELEASE, Spring v5.2.3.RELEASE
2020-03-03T08:18:39.456+0700 INFO No active profile set, falling back to default profiles: default
2020-03-03T08:18:42.493+0700 DEBUG Filter 'logAndSuppressRequestRejectedExceptionFilter' configured for use
2020-03-03T08:18:42.493+0700 DEBUG Filter 'jwtRequestFilter' configured for use
2020-03-03T08:18:43.068+0700 INFO Started StartBookApplication in 3.645 seconds (JVM running for 59063.201)
2020-03-03T08:18:50.927+0700 INFO Starting StartBookApplication on OMS-PC-232 with PID 24020 (C:\Users\User\Documents\spring-boot-workspace\book-shop\target\classes started by User in C:\Users\User\Documents\spring-boot-workspace\book-shop)
2020-03-03T08:18:50.928+0700 DEBUG Running with Spring Boot v2.2.4.RELEASE, Spring v5.2.3.RELEASE
2020-03-03T08:18:50.928+0700 INFO No active profile set, falling back to default profiles: default
2020-03-03T08:18:53.709+0700 DEBUG Filter 'logAndSuppressRequestRejectedExceptionFilter' configured for use
2020-03-03T08:18:53.709+0700 DEBUG Filter 'jwtRequestFilter' configured for use
2020-03-03T08:18:54.233+0700 INFO Started StartBookApplication in 3.342 seconds (JVM running for 59074.366)
2020-03-03T08:43:31.085+0700 WARN JWT Token does not begin with Bearer String
2020-03-03T08:43:31.190+0700 WARN JWT Token does not begin with Bearer String
2020-03-03T08:57:01.775+0700 INFO Starting StartBookApplication on OMS-PC-232 with PID 24020 (C:\Users\User\Documents\spring-boot-workspace\book-shop\target\classes started by User in C:\Users\User\Documents\spring-boot-workspace\book-shop)
2020-03-03T08:57:01.775+0700 DEBUG Running with Spring Boot v2.2.4.RELEASE, Spring v5.2.3.RELEASE
2020-03-03T08:57:01.775+0700 INFO No active profile set, falling back to default profiles: default
2020-03-03T08:57:04.866+0700 DEBUG Filter 'logAndSuppressRequestRejectedExceptionFilter' configured for use
2020-03-03T08:57:04.866+0700 DEBUG Filter 'jwtRequestFilter' configured for use
2020-03-03T08:57:05.514+0700 INFO Started StartBookApplication in 3.78 seconds (JVM running for 61365.647)
2020-03-03T09:30:37.482+0700 INFO Starting BookShopApplicationTests on OMS-PC-232 with PID 18132 (started by User in C:\Users\User\Documents\spring-boot-workspace\book-shop)
2020-03-03T09:30:37.485+0700 DEBUG Running with Spring Boot v2.2.4.RELEASE, Spring v5.2.3.RELEASE
2020-03-03T09:30:37.486+0700 INFO No active profile set, falling back to default profiles: default
2020-03-03T09:30:49.579+0700 INFO Starting UserRepositoryTest on OMS-PC-232 with PID 18132 (started by User in C:\Users\User\Documents\spring-boot-workspace\book-shop)
2020-03-03T09:30:49.581+0700 DEBUG Running with Spring Boot v2.2.4.RELEASE, Spring v5.2.3.RELEASE
2020-03-03T09:30:49.581+0700 INFO No active profile set, falling back to default profiles: default
2020-03-03T09:33:44.400+0700 INFO Starting StartBookApplication on OMS-PC-232 with PID 24020 (C:\Users\User\Documents\spring-boot-workspace\book-shop\target\classes started by User in C:\Users\User\Documents\spring-boot-workspace\book-shop)
2020-03-03T09:33:44.400+0700 DEBUG Running with Spring Boot v2.2.4.RELEASE, Spring v5.2.3.RELEASE
2020-03-03T09:33:44.400+0700 INFO No active profile set, falling back to default profiles: default
2020-03-03T09:33:47.330+0700 DEBUG Filter 'logAndSuppressRequestRejectedExceptionFilter' configured for use
2020-03-03T09:33:47.330+0700 DEBUG Filter 'jwtRequestFilter' configured for use
2020-03-03T09:33:48.233+0700 INFO Started StartBookApplication in 3.875 seconds (JVM running for 63568.366)
2020-03-03T09:34:34.049+0700 INFO Starting UserRepositoryTest on OMS-PC-232 with PID 37260 (started by User in C:\Users\User\Documents\spring-boot-workspace\book-shop)
2020-03-03T09:34:34.052+0700 DEBUG Running with Spring Boot v2.2.4.RELEASE, Spring v5.2.3.RELEASE
2020-03-03T09:34:34.053+0700 INFO No active profile set, falling back to default profiles: default
2020-03-03T09:34:50.486+0700 INFO Starting UserRepositoryTest on OMS-PC-232 with PID 18736 (started by User in C:\Users\User\Documents\spring-boot-workspace\book-shop)
2020-03-03T09:34:50.490+0700 DEBUG Running with Spring Boot v2.2.4.RELEASE, Spring v5.2.3.RELEASE
2020-03-03T09:34:50.492+0700 INFO No active profile set, falling back to default profiles: default
2020-03-03T09:35:26.727+0700 INFO Starting BookShopApplicationTests on OMS-PC-232 with PID 41616 (started by User in C:\Users\User\Documents\spring-boot-workspace\book-shop)
2020-03-03T09:35:26.729+0700 DEBUG Running with Spring Boot v2.2.4.RELEASE, Spring v5.2.3.RELEASE
2020-03-03T09:35:26.730+0700 INFO No active profile set, falling back to default profiles: default
2020-03-03T09:48:19.254+0700 INFO Starting UserRepositoryTest on OMS-PC-232 with PID 35628 (started by User in C:\Users\User\Documents\spring-boot-workspace\book-shop)
2020-03-03T09:48:19.257+0700 DEBUG Running with Spring Boot v2.2.4.RELEASE, Spring v5.2.3.RELEASE
2020-03-03T09:48:19.258+0700 INFO No active profile set, falling back to default profiles: default
2020-03-03T09:51:16.960+0700 INFO Starting StartBookApplication on OMS-PC-232 with PID 24020 (C:\Users\User\Documents\spring-boot-workspace\book-shop\target\classes started by User in C:\Users\User\Documents\spring-boot-workspace\book-shop)
2020-03-03T09:51:16.960+0700 DEBUG Running with Spring Boot v2.2.4.RELEASE, Spring v5.2.3.RELEASE
2020-03-03T09:51:16.960+0700 INFO No active profile set, falling back to default profiles: default
2020-03-03T09:51:19.827+0700 DEBUG Filter 'logAndSuppressRequestRejectedExceptionFilter' configured for use
2020-03-03T09:51:19.827+0700 DEBUG Filter 'jwtRequestFilter' configured for use
2020-03-03T09:51:20.434+0700 INFO Started StartBookApplication in 3.507 seconds (JVM running for 64620.568)
2020-03-03T09:51:34.115+0700 INFO Starting UserRepositoryTest on OMS-PC-232 with PID 1172 (started by User in C:\Users\User\Documents\spring-boot-workspace\book-shop)
2020-03-03T09:51:34.118+0700 DEBUG Running with Spring Boot v2.2.4.RELEASE, Spring v5.2.3.RELEASE
2020-03-03T09:51:34.118+0700 INFO No active profile set, falling back to default profiles: default
2020-03-03T09:53:13.784+0700 INFO Starting UserRepositoryTest on OMS-PC-232 with PID 33328 (started by User in C:\Users\User\Documents\spring-boot-workspace\book-shop)
2020-03-03T09:53:13.787+0700 DEBUG Running with Spring Boot v2.2.4.RELEASE, Spring v5.2.3.RELEASE
2020-03-03T09:53:13.787+0700 INFO No active profile set, falling back to default profiles: default
2020-03-03T09:55:45.451+0700 INFO Starting UserRepositoryTest on OMS-PC-232 with PID 32716 (started by User in C:\Users\User\Documents\spring-boot-workspace\book-shop)
2020-03-03T09:55:45.453+0700 DEBUG Running with Spring Boot v2.2.4.RELEASE, Spring v5.2.3.RELEASE
2020-03-03T09:55:45.454+0700 INFO No active profile set, falling back to default profiles: default
2020-03-03T09:55:57.445+0700 INFO Started UserRepositoryTest in 12.3 seconds (JVM running for 14.448)
2020-03-03T09:56:56.133+0700 INFO Starting UserRepositoryTest on OMS-PC-232 with PID 36128 (started by User in C:\Users\User\Documents\spring-boot-workspace\book-shop)
2020-03-03T09:56:56.136+0700 DEBUG Running with Spring Boot v2.2.4.RELEASE, Spring v5.2.3.RELEASE
2020-03-03T09:56:56.136+0700 INFO No active profile set, falling back to default profiles: default
2020-03-03T10:14:24.236+0700 INFO Starting UserRepositoryTest on OMS-PC-232 with PID 33212 (started by User in C:\Users\User\Documents\spring-boot-workspace\book-shop)
2020-03-03T10:14:24.240+0700 DEBUG Running with Spring Boot v2.2.4.RELEASE, Spring v5.2.3.RELEASE
2020-03-03T10:14:24.241+0700 INFO No active profile set, falling back to default profiles: default
2020-03-03T10:46:43.704+0700 INFO Starting DTOConverterTest on OMS-PC-232 with PID 22496 (started by User in C:\Users\User\Documents\spring-boot-workspace\book-shop)
2020-03-03T10:46:43.707+0700 DEBUG Running with Spring Boot v2.2.4.RELEASE, Spring v5.2.3.RELEASE
2020-03-03T10:46:43.708+0700 INFO No active profile set, falling back to default profiles: default
2020-03-03T11:00:43.441+0700 INFO Starting BookShopApplicationTests on OMS-PC-232 with PID 32456 (started by User in C:\Users\User\Documents\spring-boot-workspace\book-shop)
2020-03-03T11:00:43.444+0700 DEBUG Running with Spring Boot v2.2.4.RELEASE, Spring v5.2.3.RELEASE
2020-03-03T11:00:43.444+0700 INFO No active profile set, falling back to default profiles: default
2020-03-03T11:05:04.331+0700 INFO Starting StartBookApplication on OMS-PC-232 with PID 24020 (C:\Users\User\Documents\spring-boot-workspace\book-shop\target\classes started by User in C:\Users\User\Documents\spring-boot-workspace\book-shop)
2020-03-03T11:05:04.332+0700 DEBUG Running with Spring Boot v2.2.4.RELEASE, Spring v5.2.3.RELEASE
2020-03-03T11:05:04.333+0700 INFO No active profile set, falling back to default profiles: default
2020-03-03T11:05:07.120+0700 DEBUG Filter 'logAndSuppressRequestRejectedExceptionFilter' configured for use
2020-03-03T11:05:07.120+0700 DEBUG Filter 'jwtRequestFilter' configured for use
2020-03-03T11:05:07.648+0700 INFO Started StartBookApplication in 3.359 seconds (JVM running for 69047.781)
2020-03-03T11:05:15.581+0700 INFO Starting BookShopApplicationTests on OMS-PC-232 with PID 42876 (started by User in C:\Users\User\Documents\spring-boot-workspace\book-shop)
2020-03-03T11:05:15.585+0700 DEBUG Running with Spring Boot v2.2.4.RELEASE, Spring v5.2.3.RELEASE
2020-03-03T11:05:15.586+0700 INFO No active profile set, falling back to default profiles: default
2020-03-03T11:05:59.514+0700 INFO Starting StartBookApplication on OMS-PC-232 with PID 24020 (C:\Users\User\Documents\spring-boot-workspace\book-shop\target\classes started by User in C:\Users\User\Documents\spring-boot-workspace\book-shop)
2020-03-03T11:05:59.515+0700 DEBUG Running with Spring Boot v2.2.4.RELEASE, Spring v5.2.3.RELEASE
2020-03-03T11:05:59.515+0700 INFO No active profile set, falling back to default profiles: default
2020-03-03T11:06:02.637+0700 DEBUG Filter 'logAndSuppressRequestRejectedExceptionFilter' configured for use
2020-03-03T11:06:02.637+0700 DEBUG Filter 'jwtRequestFilter' configured for use
2020-03-03T11:06:03.288+0700 INFO Started StartBookApplication in 3.83 seconds (JVM running for 69103.421)
2020-03-03T11:10:25.104+0700 INFO Starting StartBookApplication on OMS-PC-232 with PID 24020 (C:\Users\User\Documents\spring-boot-workspace\book-shop\target\classes started by User in C:\Users\User\Documents\spring-boot-workspace\book-shop)
2020-03-03T11:10:25.105+0700 DEBUG Running with Spring Boot v2.2.4.RELEASE, Spring v5.2.3.RELEASE
2020-03-03T11:10:25.105+0700 INFO No active profile set, falling back to default profiles: default
2020-03-03T11:10:27.873+0700 DEBUG Filter 'logAndSuppressRequestRejectedExceptionFilter' configured for use
2020-03-03T11:10:27.873+0700 DEBUG Filter 'jwtRequestFilter' configured for use
2020-03-03T11:10:28.406+0700 INFO Started StartBookApplication in 3.338 seconds (JVM running for 69368.54)
2020-03-03T11:11:13.580+0700 INFO Starting StartBookApplication on OMS-PC-232 with PID 24020 (C:\Users\User\Documents\spring-boot-workspace\book-shop\target\classes started by User in C:\Users\User\Documents\spring-boot-workspace\book-shop)
2020-03-03T11:11:13.581+0700 DEBUG Running with Spring Boot v2.2.4.RELEASE, Spring v5.2.3.RELEASE
2020-03-03T11:11:13.581+0700 INFO No active profile set, falling back to default profiles: default
2020-03-03T11:11:16.641+0700 DEBUG Filter 'logAndSuppressRequestRejectedExceptionFilter' configured for use
2020-03-03T11:11:16.641+0700 DEBUG Filter 'jwtRequestFilter' configured for use
2020-03-03T11:11:17.402+0700 INFO Started StartBookApplication in 3.861 seconds (JVM running for 69417.534)
2020-03-03T11:11:20.128+0700 INFO Starting StartBookApplication on OMS-PC-232 with PID 24020 (C:\Users\User\Documents\spring-boot-workspace\book-shop\target\classes started by User in C:\Users\User\Documents\spring-boot-workspace\book-shop)
2020-03-03T11:11:20.129+0700 DEBUG Running with Spring Boot v2.2.4.RELEASE, Spring v5.2.3.RELEASE
2020-03-03T11:11:20.129+0700 INFO No active profile set, falling back to default profiles: default
2020-03-03T11:11:23.058+0700 DEBUG Filter 'logAndSuppressRequestRejectedExceptionFilter' configured for use
2020-03-03T11:11:23.058+0700 DEBUG Filter 'jwtRequestFilter' configured for use
2020-03-03T11:11:23.663+0700 INFO Started StartBookApplication in 3.571 seconds (JVM running for 69423.797)
2020-03-03T11:11:45.718+0700 INFO Starting BookShopApplicationTests on OMS-PC-232 with PID 41044 (started by User in C:\Users\User\Documents\spring-boot-workspace\book-shop)
2020-03-03T11:11:45.721+0700 DEBUG Running with Spring Boot v2.2.4.RELEASE, Spring v5.2.3.RELEASE
2020-03-03T11:11:45.721+0700 INFO No active profile set, falling back to default profiles: default
2020-03-03T11:11:58.172+0700 INFO Started BookShopApplicationTests in 12.84 seconds (JVM running for 14.695)
2020-03-03T11:17:26.611+0700 INFO Starting UserRepositoryTest on OMS-PC-232 with PID 25112 (started by User in C:\Users\User\Documents\spring-boot-workspace\book-shop)
2020-03-03T11:17:26.614+0700 DEBUG Running with Spring Boot v2.2.4.RELEASE, Spring v5.2.3.RELEASE
2020-03-03T11:17:26.614+0700 INFO No active profile set, falling back to default profiles: default
2020-03-03T11:17:38.632+0700 INFO Started UserRepositoryTest in 12.389 seconds (JVM running for 14.41)
2020-03-03T11:19:51.835+0700 INFO Starting UserRepositoryTest on OMS-PC-232 with PID 4104 (started by User in C:\Users\User\Documents\spring-boot-workspace\book-shop)
2020-03-03T11:19:51.844+0700 DEBUG Running with Spring Boot v2.2.4.RELEASE, Spring v5.2.3.RELEASE
2020-03-03T11:19:51.844+0700 INFO No active profile set, falling back to default profiles: default
2020-03-03T11:20:03.404+0700 INFO Started UserRepositoryTest in 12.048 seconds (JVM running for 14.131)
2020-03-03T11:20:42.530+0700 INFO Starting UserRepositoryTest on OMS-PC-232 with PID 10536 (started by User in C:\Users\User\Documents\spring-boot-workspace\book-shop)
2020-03-03T11:20:42.534+0700 DEBUG Running with Spring Boot v2.2.4.RELEASE, Spring v5.2.3.RELEASE
2020-03-03T11:20:42.534+0700 INFO No active profile set, falling back to default profiles: default
2020-03-03T11:20:54.483+0700 INFO Started UserRepositoryTest in 12.321 seconds (JVM running for 14.261)
2020-03-03T11:21:16.195+0700 INFO Starting UserRepositoryTest on OMS-PC-232 with PID 18112 (started by User in C:\Users\User\Documents\spring-boot-workspace\book-shop)
2020-03-03T11:21:16.197+0700 DEBUG Running with Spring Boot v2.2.4.RELEASE, Spring v5.2.3.RELEASE
2020-03-03T11:21:16.198+0700 INFO No active profile set, falling back to default profiles: default
2020-03-03T11:21:28.130+0700 INFO Started UserRepositoryTest in 12.229 seconds (JVM running for 14.25)
2020-03-03T11:22:27.211+0700 INFO Starting UserRepositoryTest on OMS-PC-232 with PID 26096 (started by User in C:\Users\User\Documents\spring-boot-workspace\book-shop)
2020-03-03T11:22:27.214+0700 DEBUG Running with Spring Boot v2.2.4.RELEASE, Spring v5.2.3.RELEASE
2020-03-03T11:22:27.214+0700 INFO No active profile set, falling back to default profiles: default
2020-03-03T11:22:38.808+0700 INFO Started UserRepositoryTest in 11.949 seconds (JVM running for 14.037)
2020-03-03T11:23:40.979+0700 INFO Starting UserRepositoryTest on OMS-PC-232 with PID 14836 (started by User in C:\Users\User\Documents\spring-boot-workspace\book-shop)
2020-03-03T11:23:40.982+0700 DEBUG Running with Spring Boot v2.2.4.RELEASE, Spring v5.2.3.RELEASE
2020-03-03T11:23:40.982+0700 INFO No active profile set, falling back to default profiles: default
2020-03-03T11:23:52.605+0700 INFO Started UserRepositoryTest in 11.935 seconds (JVM running for 13.867)
2020-03-03T11:24:08.634+0700 INFO Starting UserRepositoryTest on OMS-PC-232 with PID 32680 (started by User in C:\Users\User\Documents\spring-boot-workspace\book-shop)
2020-03-03T11:24:08.637+0700 DEBUG Running with Spring Boot v2.2.4.RELEASE, Spring v5.2.3.RELEASE
2020-03-03T11:24:08.638+0700 INFO No active profile set, falling back to default profiles: default
2020-03-03T11:24:25.251+0700 INFO Started UserRepositoryTest in 17.092 seconds (JVM running for 21.0)
2020-03-03T11:26:02.795+0700 INFO Starting UserRepositoryTest on OMS-PC-232 with PID 42364 (started by User in C:\Users\User\Documents\spring-boot-workspace\book-shop)
2020-03-03T11:26:02.800+0700 DEBUG Running with Spring Boot v2.2.4.RELEASE, Spring v5.2.3.RELEASE
2020-03-03T11:26:02.806+0700 INFO No active profile set, falling back to default profiles: default
2020-03-03T11:27:03.328+0700 INFO Starting UserRepositoryTest on OMS-PC-232 with PID 28596 (started by User in C:\Users\User\Documents\spring-boot-workspace\book-shop)
2020-03-03T11:27:03.331+0700 DEBUG Running with Spring Boot v2.2.4.RELEASE, Spring v5.2.3.RELEASE
2020-03-03T11:27:03.331+0700 INFO No active profile set, falling back to default profiles: default
2020-03-03T11:29:07.497+0700 INFO Starting StartBookApplication on OMS-PC-232 with PID 24020 (C:\Users\User\Documents\spring-boot-workspace\book-shop\target\classes started by User in C:\Users\User\Documents\spring-boot-workspace\book-shop)
2020-03-03T11:29:07.498+0700 DEBUG Running with Spring Boot v2.2.4.RELEASE, Spring v5.2.3.RELEASE
2020-03-03T11:29:07.498+0700 INFO No active profile set, falling back to default profiles: default
2020-03-03T11:29:10.448+0700 DEBUG Filter 'logAndSuppressRequestRejectedExceptionFilter' configured for use
2020-03-03T11:29:10.448+0700 DEBUG Filter 'jwtRequestFilter' configured for use
2020-03-03T11:29:10.935+0700 INFO Started StartBookApplication in 3.475 seconds (JVM running for 70491.068)
2020-03-03T11:29:28.241+0700 INFO Starting StartBookApplication on OMS-PC-232 with PID 24020 (C:\Users\User\Documents\spring-boot-workspace\book-shop\target\classes started by User in C:\Users\User\Documents\spring-boot-workspace\book-shop)
2020-03-03T11:29:28.241+0700 DEBUG Running with Spring Boot v2.2.4.RELEASE, Spring v5.2.3.RELEASE
2020-03-03T11:29:28.242+0700 INFO No active profile set, falling back to default profiles: default
2020-03-03T11:29:30.931+0700 DEBUG Filter 'logAndSuppressRequestRejectedExceptionFilter' configured for use
2020-03-03T11:29:30.931+0700 DEBUG Filter 'jwtRequestFilter' configured for use
2020-03-03T11:29:31.316+0700 INFO Started StartBookApplication in 3.108 seconds (JVM running for 70511.449)
2020-03-03T11:29:43.536+0700 INFO Starting StartBookApplication on OMS-PC-232 with PID 24020 (C:\Users\User\Documents\spring-boot-workspace\book-shop\target\classes started by User in C:\Users\User\Documents\spring-boot-workspace\book-shop)
2020-03-03T11:29:43.536+0700 DEBUG Running with Spring Boot v2.2.4.RELEASE, Spring v5.2.3.RELEASE
2020-03-03T11:29:43.536+0700 INFO No active profile set, falling back to default profiles: default
2020-03-03T11:29:46.237+0700 DEBUG Filter 'logAndSuppressRequestRejectedExceptionFilter' configured for use
2020-03-03T11:29:46.237+0700 DEBUG Filter 'jwtRequestFilter' configured for use
2020-03-03T11:29:46.632+0700 INFO Started StartBookApplication in 3.128 seconds (JVM running for 70526.765)
2020-03-03T11:30:55.313+0700 INFO Starting UserRepositoryTest on OMS-PC-232 with PID 34652 (started by User in C:\Users\User\Documents\spring-boot-workspace\book-shop)
2020-03-03T11:30:55.316+0700 DEBUG Running with Spring Boot v2.2.4.RELEASE, Spring v5.2.3.RELEASE
2020-03-03T11:30:55.317+0700 INFO No active profile set, falling back to default profiles: default
2020-03-03T11:31:06.863+0700 INFO Started UserRepositoryTest in 11.991 seconds (JVM running for 14.109)
2020-03-03T11:33:11.549+0700 INFO Starting StartBookApplication on OMS-PC-232 with PID 24020 (C:\Users\User\Documents\spring-boot-workspace\book-shop\target\classes started by User in C:\Users\User\Documents\spring-boot-workspace\book-shop)
2020-03-03T11:33:11.550+0700 DEBUG Running with Spring Boot v2.2.4.RELEASE, Spring v5.2.3.RELEASE
2020-03-03T11:33:11.551+0700 INFO No active profile set, falling back to default profiles: default
2020-03-03T11:33:14.536+0700 DEBUG Filter 'logAndSuppressRequestRejectedExceptionFilter' configured for use
2020-03-03T11:33:14.536+0700 DEBUG Filter 'jwtRequestFilter' configured for use
2020-03-03T11:33:14.923+0700 INFO Started StartBookApplication in 3.415 seconds (JVM running for 70735.056)
2020-03-03T11:33:20.990+0700 INFO Starting UserRepositoryTest on OMS-PC-232 with PID 26780 (started by User in C:\Users\User\Documents\spring-boot-workspace\book-shop)
2020-03-03T11:33:20.994+0700 DEBUG Running with Spring Boot v2.2.4.RELEASE, Spring v5.2.3.RELEASE
2020-03-03T11:33:20.996+0700 INFO No active profile set, falling back to default profiles: default
2020-03-03T11:33:32.690+0700 INFO Started UserRepositoryTest in 12.066 seconds (JVM running for 14.18)
2020-03-03T11:36:58.127+0700 INFO Starting StartBookApplication on OMS-PC-232 with PID 24020 (C:\Users\User\Documents\spring-boot-workspace\book-shop\target\classes started by User in C:\Users\User\Documents\spring-boot-workspace\book-shop)
2020-03-03T11:36:58.127+0700 DEBUG Running with Spring Boot v2.2.4.RELEASE, Spring v5.2.3.RELEASE
2020-03-03T11:36:58.128+0700 INFO No active profile set, falling back to default profiles: default
2020-03-03T11:37:01.030+0700 DEBUG Filter 'logAndSuppressRequestRejectedExceptionFilter' configured for use
2020-03-03T11:37:01.030+0700 DEBUG Filter 'jwtRequestFilter' configured for use
2020-03-03T11:37:01.540+0700 INFO Started StartBookApplication in 3.446 seconds (JVM running for 70961.673)
2020-03-03T11:37:40.655+0700 INFO Starting StartBookApplication on OMS-PC-232 with PID 24020 (C:\Users\User\Documents\spring-boot-workspace\book-shop\target\classes started by User in C:\Users\User\Documents\spring-boot-workspace\book-shop)
2020-03-03T11:37:40.657+0700 DEBUG Running with Spring Boot v2.2.4.RELEASE, Spring v5.2.3.RELEASE
2020-03-03T11:37:40.657+0700 INFO No active profile set, falling back to default profiles: default
2020-03-03T11:37:42.061+0700 INFO Starting UserRepositoryTest on OMS-PC-232 with PID 25376 (started by User in C:\Users\User\Documents\spring-boot-workspace\book-shop)
2020-03-03T11:37:42.070+0700 DEBUG Running with Spring Boot v2.2.4.RELEASE, Spring v5.2.3.RELEASE
2020-03-03T11:37:42.071+0700 INFO No active profile set, falling back to default profiles: default
2020-03-03T11:37:47.052+0700 DEBUG Filter 'logAndSuppressRequestRejectedExceptionFilter' configured for use
2020-03-03T11:37:47.052+0700 DEBUG Filter 'jwtRequestFilter' configured for use
2020-03-03T11:37:49.391+0700 INFO Started StartBookApplication in 8.772 seconds (JVM running for 71009.525)
2020-03-03T11:37:55.401+0700 INFO Started UserRepositoryTest in 13.7 seconds (JVM running for 16.146)
2020-03-03T11:39:55.944+0700 INFO Starting StartBookApplication on OMS-PC-232 with PID 24020 (C:\Users\User\Documents\spring-boot-workspace\book-shop\target\classes started by User in C:\Users\User\Documents\spring-boot-workspace\book-shop)
2020-03-03T11:39:55.944+0700 DEBUG Running with Spring Boot v2.2.4.RELEASE, Spring v5.2.3.RELEASE
2020-03-03T11:39:55.944+0700 INFO No active profile set, falling back to default profiles: default
2020-03-03T11:39:58.630+0700 DEBUG Filter 'logAndSuppressRequestRejectedExceptionFilter' configured for use
2020-03-03T11:39:58.630+0700 DEBUG Filter 'jwtRequestFilter' configured for use
2020-03-03T11:39:59.031+0700 INFO Started StartBookApplication in 3.122 seconds (JVM running for 71139.164)
2020-03-03T11:40:30.740+0700 INFO Starting StartBookApplication on OMS-PC-232 with PID 24020 (C:\Users\User\Documents\spring-boot-workspace\book-shop\target\classes started by User in C:\Users\User\Documents\spring-boot-workspace\book-shop)
2020-03-03T11:40:30.741+0700 DEBUG Running with Spring Boot v2.2.4.RELEASE, Spring v5.2.3.RELEASE
2020-03-03T11:40:30.741+0700 INFO No active profile set, falling back to default profiles: default
2020-03-03T11:40:33.944+0700 DEBUG Filter 'logAndSuppressRequestRejectedExceptionFilter' configured for use
2020-03-03T11:40:33.944+0700 DEBUG Filter 'jwtRequestFilter' configured for use
2020-03-03T11:40:34.356+0700 INFO Started StartBookApplication in 3.647 seconds (JVM running for 71174.489)
2020-03-03T11:40:55.864+0700 INFO Starting UserRepositoryTest on OMS-PC-232 with PID 38756 (started by User in C:\Users\User\Documents\spring-boot-workspace\book-shop)
2020-03-03T11:40:55.866+0700 DEBUG Running with Spring Boot v2.2.4.RELEASE, Spring v5.2.3.RELEASE
2020-03-03T11:40:55.867+0700 INFO No active profile set, falling back to default profiles: default
2020-03-03T11:41:08.249+0700 INFO Started UserRepositoryTest in 12.689 seconds (JVM running for 14.787)
2020-03-03T11:43:29.373+0700 INFO Starting StartBookApplication on OMS-PC-232 with PID 24020 (C:\Users\User\Documents\spring-boot-workspace\book-shop\target\classes started by User in C:\Users\User\Documents\spring-boot-workspace\book-shop)
2020-03-03T11:43:29.374+0700 DEBUG Running with Spring Boot v2.2.4.RELEASE, Spring v5.2.3.RELEASE
2020-03-03T11:43:29.374+0700 INFO No active profile set, falling back to default profiles: default
2020-03-03T11:43:32.520+0700 DEBUG Filter 'logAndSuppressRequestRejectedExceptionFilter' configured for use
2020-03-03T11:43:32.520+0700 DEBUG Filter 'jwtRequestFilter' configured for use
2020-03-03T11:43:36.289+0700 INFO Starting StartBookApplication on OMS-PC-232 with PID 24020 (C:\Users\User\Documents\spring-boot-workspace\book-shop\target\classes started by User in C:\Users\User\Documents\spring-boot-workspace\book-shop)
2020-03-03T11:43:36.289+0700 DEBUG Running with Spring Boot v2.2.4.RELEASE, Spring v5.2.3.RELEASE
2020-03-03T11:43:36.289+0700 INFO No active profile set, falling back to default profiles: default
2020-03-03T11:43:39.181+0700 DEBUG Filter 'logAndSuppressRequestRejectedExceptionFilter' configured for use
2020-03-03T11:43:39.182+0700 DEBUG Filter 'jwtRequestFilter' configured for use
2020-03-03T11:43:39.639+0700 INFO Started StartBookApplication in 3.382 seconds (JVM running for 71359.771)
2020-03-03T11:44:05.326+0700 INFO Starting UserRepositoryTest on OMS-PC-232 with PID 21444 (started by User in C:\Users\User\Documents\spring-boot-workspace\book-shop)
2020-03-03T11:44:05.329+0700 DEBUG Running with Spring Boot v2.2.4.RELEASE, Spring v5.2.3.RELEASE
2020-03-03T11:44:05.329+0700 INFO No active profile set, falling back to default profiles: default
2020-03-03T11:44:16.718+0700 INFO Started UserRepositoryTest in 11.808 seconds (JVM running for 13.74)
2020-03-03T11:46:33.981+0700 INFO Starting StartBookApplication on OMS-PC-232 with PID 24020 (C:\Users\User\Documents\spring-boot-workspace\book-shop\target\classes started by User in C:\Users\User\Documents\spring-boot-workspace\book-shop)
2020-03-03T11:46:33.982+0700 DEBUG Running with Spring Boot v2.2.4.RELEASE, Spring v5.2.3.RELEASE
2020-03-03T11:46:33.982+0700 INFO No active profile set, falling back to default profiles: default
2020-03-03T11:46:36.839+0700 DEBUG Filter 'logAndSuppressRequestRejectedExceptionFilter' configured for use
2020-03-03T11:46:36.839+0700 DEBUG Filter 'jwtRequestFilter' configured for use
2020-03-03T11:46:37.542+0700 INFO Started StartBookApplication in 3.607 seconds (JVM running for 71537.676)
2020-03-03T11:46:46.158+0700 INFO Starting BookShopApplicationTests on OMS-PC-232 with PID 44472 (started by User in C:\Users\User\Documents\spring-boot-workspace\book-shop)
2020-03-03T11:46:46.165+0700 DEBUG Running with Spring Boot v2.2.4.RELEASE, Spring v5.2.3.RELEASE
2020-03-03T11:46:46.166+0700 INFO No active profile set, falling back to default profiles: default
2020-03-03T11:47:16.034+0700 INFO Starting StartBookApplication on OMS-PC-232 with PID 24020 (C:\Users\User\Documents\spring-boot-workspace\book-shop\target\classes started by User in C:\Users\User\Documents\spring-boot-workspace\book-shop)
2020-03-03T11:47:16.035+0700 DEBUG Running with Spring Boot v2.2.4.RELEASE, Spring v5.2.3.RELEASE
2020-03-03T11:47:16.035+0700 INFO No active profile set, falling back to default profiles: default
2020-03-03T11:47:19.779+0700 DEBUG Filter 'logAndSuppressRequestRejectedExceptionFilter' configured for use
2020-03-03T11:47:19.779+0700 DEBUG Filter 'jwtRequestFilter' configured for use
2020-03-03T11:47:20.317+0700 INFO Started StartBookApplication in 4.38 seconds (JVM running for 71580.45)
2020-03-03T11:49:04.989+0700 WARN JWT Token does not begin with Bearer String
2020-03-03T11:49:05.217+0700 WARN JWT Token does not begin with Bearer String
2020-03-03T13:23:48.449+0700 INFO Starting StartBookApplication on OMS-PC-232 with PID 24020 (C:\Users\User\Documents\spring-boot-workspace\book-shop\target\classes started by User in C:\Users\User\Documents\spring-boot-workspace\book-shop)
2020-03-03T13:23:48.449+0700 DEBUG Running with Spring Boot v2.2.4.RELEASE, Spring v5.2.3.RELEASE
2020-03-03T13:23:48.450+0700 INFO No active profile set, falling back to default profiles: default
2020-03-03T13:23:51.678+0700 DEBUG Filter 'logAndSuppressRequestRejectedExceptionFilter' configured for use
2020-03-03T13:23:51.678+0700 DEBUG Filter 'jwtRequestFilter' configured for use
2020-03-03T13:23:52.168+0700 INFO Started StartBookApplication in 3.758 seconds (JVM running for 77372.62)
2020-03-03T13:26:39.853+0700 INFO Starting UserRepositoryTest on OMS-PC-232 with PID 43092 (started by User in C:\Users\User\Documents\spring-boot-workspace\book-shop)
2020-03-03T13:26:39.856+0700 DEBUG Running with Spring Boot v2.2.4.RELEASE, Spring v5.2.3.RELEASE
2020-03-03T13:26:39.857+0700 INFO No active profile set, falling back to default profiles: default
2020-03-03T13:26:51.704+0700 INFO Started UserRepositoryTest in 12.147 seconds (JVM running for 14.033)
2020-03-03T13:28:34.019+0700 INFO Starting StartBookApplication on OMS-PC-232 with PID 24020 (C:\Users\User\Documents\spring-boot-workspace\book-shop\target\classes started by User in C:\Users\User\Documents\spring-boot-workspace\book-shop)
2020-03-03T13:28:34.019+0700 DEBUG Running with Spring Boot v2.2.4.RELEASE, Spring v5.2.3.RELEASE
2020-03-03T13:28:34.020+0700 INFO No active profile set, falling back to default profiles: default
2020-03-03T13:28:36.959+0700 DEBUG Filter 'logAndSuppressRequestRejectedExceptionFilter' configured for use
2020-03-03T13:28:36.960+0700 DEBUG Filter 'jwtRequestFilter' configured for use
2020-03-03T13:28:37.478+0700 INFO Started StartBookApplication in 3.494 seconds (JVM running for 77657.931)
2020-03-03T14:08:13.225+0700 INFO Starting DTOConverterTest on OMS-PC-232 with PID 25524 (started by User in C:\Users\User\Documents\spring-boot-workspace\book-shop)
2020-03-03T14:08:13.228+0700 DEBUG Running with Spring Boot v2.2.4.RELEASE, Spring v5.2.3.RELEASE
2020-03-03T14:08:13.229+0700 INFO No active profile set, falling back to default profiles: default
2020-03-03T14:08:24.347+0700 INFO Started DTOConverterTest in 11.409 seconds (JVM running for 13.502)
2020-03-03T14:10:15.789+0700 INFO Starting DTOConverterTest on OMS-PC-232 with PID 13936 (started by User in C:\Users\User\Documents\spring-boot-workspace\book-shop)
2020-03-03T14:10:15.795+0700 DEBUG Running with Spring Boot v2.2.4.RELEASE, Spring v5.2.3.RELEASE
2020-03-03T14:10:15.796+0700 INFO No active profile set, falling back to default profiles: default
2020-03-03T14:10:29.993+0700 INFO Started DTOConverterTest in 14.52 seconds (JVM running for 17.06)
2020-03-03T14:12:28.116+0700 INFO Starting DTOConverterTest on OMS-PC-232 with PID 18384 (started by User in C:\Users\User\Documents\spring-boot-workspace\book-shop)
2020-03-03T14:12:28.121+0700 DEBUG Running with Spring Boot v2.2.4.RELEASE, Spring v5.2.3.RELEASE
2020-03-03T14:12:28.122+0700 INFO No active profile set, falling back to default profiles: default
2020-03-03T14:12:43.463+0700 INFO Started DTOConverterTest in 15.853 seconds (JVM running for 19.597)
2020-03-03T14:19:33.671+0700 INFO Starting StartBookApplication on OMS-PC-232 with PID 24020 (C:\Users\User\Documents\spring-boot-workspace\book-shop\target\classes started by User in C:\Users\User\Documents\spring-boot-workspace\book-shop)
2020-03-03T14:19:33.671+0700 DEBUG Running with Spring Boot v2.2.4.RELEASE, Spring v5.2.3.RELEASE
2020-03-03T14:19:33.672+0700 INFO No active profile set, falling back to default profiles: default
2020-03-03T14:19:36.602+0700 DEBUG Filter 'logAndSuppressRequestRejectedExceptionFilter' configured for use
2020-03-03T14:19:36.602+0700 DEBUG Filter 'jwtRequestFilter' configured for use
2020-03-03T14:19:37.005+0700 INFO Started StartBookApplication in 3.368 seconds (JVM running for 80717.457)
2020-03-03T14:21:30.374+0700 INFO Starting DTOConverterTest on OMS-PC-232 with PID 41540 (started by User in C:\Users\User\Documents\spring-boot-workspace\book-shop)
2020-03-03T14:21:30.376+0700 DEBUG Running with Spring Boot v2.2.4.RELEASE, Spring v5.2.3.RELEASE
2020-03-03T14:21:30.377+0700 INFO No active profile set, falling back to default profiles: default
2020-03-03T14:21:42.274+0700 INFO Started DTOConverterTest in 12.189 seconds (JVM running for 14.237)
2020-03-03T14:21:51.893+0700 INFO Starting DTOConverterTest on OMS-PC-232 with PID 44468 (started by User in C:\Users\User\Documents\spring-boot-workspace\book-shop)
2020-03-03T14:21:51.895+0700 DEBUG Running with Spring Boot v2.2.4.RELEASE, Spring v5.2.3.RELEASE
2020-03-03T14:21:51.896+0700 INFO No active profile set, falling back to default profiles: default
2020-03-03T14:22:03.740+0700 INFO Started DTOConverterTest in 12.144 seconds (JVM running for 14.158)
2020-03-03T14:25:47.614+0700 INFO Starting DTOConverterTest on OMS-PC-232 with PID 42360 (started by User in C:\Users\User\Documents\spring-boot-workspace\book-shop)
2020-03-03T14:25:47.617+0700 DEBUG Running with Spring Boot v2.2.4.RELEASE, Spring v5.2.3.RELEASE
2020-03-03T14:25:47.617+0700 INFO No active profile set, falling back to default profiles: default
2020-03-03T14:25:58.864+0700 INFO Started DTOConverterTest in 11.52 seconds (JVM running for 13.605)
2020-03-03T14:27:29.811+0700 INFO Starting DTOConverterTest on OMS-PC-232 with PID 39100 (started by User in C:\Users\User\Documents\spring-boot-workspace\book-shop)
2020-03-03T14:27:29.814+0700 DEBUG Running with Spring Boot v2.2.4.RELEASE, Spring v5.2.3.RELEASE
2020-03-03T14:27:29.814+0700 INFO No active profile set, falling back to default profiles: default
2020-03-03T14:27:41.213+0700 INFO Started DTOConverterTest in 11.739 seconds (JVM running for 13.743)
2020-03-03T14:30:06.300+0700 INFO Starting DTOConverterTest on OMS-PC-232 with PID 22684 (started by User in C:\Users\User\Documents\spring-boot-workspace\book-shop)
2020-03-03T14:30:06.304+0700 DEBUG Running with Spring Boot v2.2.4.RELEASE, Spring v5.2.3.RELEASE
2020-03-03T14:30:06.304+0700 INFO No active profile set, falling back to default profiles: default
2020-03-03T14:30:20.274+0700 INFO Started DTOConverterTest in 14.439 seconds (JVM running for 16.591)
2020-03-03T14:33:23.205+0700 INFO Starting DTOConverterTest on OMS-PC-232 with PID 36336 (started by User in C:\Users\User\Documents\spring-boot-workspace\book-shop)
2020-03-03T14:33:23.208+0700 DEBUG Running with Spring Boot v2.2.4.RELEASE, Spring v5.2.3.RELEASE
2020-03-03T14:33:23.215+0700 INFO No active profile set, falling back to default profiles: default
2020-03-03T14:33:38.370+0700 INFO Started DTOConverterTest in 15.742 seconds (JVM running for 19.879)
2020-03-03T14:44:24.295+0700 INFO Starting DTOConverterTest on OMS-PC-232 with PID 10856 (started by User in C:\Users\User\Documents\spring-boot-workspace\book-shop)
2020-03-03T14:44:24.298+0700 DEBUG Running with Spring Boot v2.2.4.RELEASE, Spring v5.2.3.RELEASE
2020-03-03T14:44:24.298+0700 INFO No active profile set, falling back to default profiles: default
2020-03-03T14:44:35.740+0700 INFO Started DTOConverterTest in 11.828 seconds (JVM running for 13.777)
2020-03-03T14:44:47.581+0700 INFO Starting DTOConverterTest on OMS-PC-232 with PID 32072 (started by User in C:\Users\User\Documents\spring-boot-workspace\book-shop)
2020-03-03T14:44:47.586+0700 DEBUG Running with Spring Boot v2.2.4.RELEASE, Spring v5.2.3.RELEASE
2020-03-03T14:44:47.587+0700 INFO No active profile set, falling back to default profiles: default
2020-03-03T14:45:01.290+0700 INFO Started DTOConverterTest in 14.214 seconds (JVM running for 17.708)
2020-03-03T14:46:02.851+0700 INFO Starting DTOConverterTest on OMS-PC-232 with PID 30612 (started by User in C:\Users\User\Documents\spring-boot-workspace\book-shop)
2020-03-03T14:46:02.854+0700 DEBUG Running with Spring Boot v2.2.4.RELEASE, Spring v5.2.3.RELEASE
2020-03-03T14:46:02.854+0700 INFO No active profile set, falling back to default profiles: default
2020-03-03T14:46:14.415+0700 INFO Started DTOConverterTest in 11.835 seconds (JVM running for 14.031)
2020-03-03T14:46:15.105+0700 INFO Starting BookShopApplicationTests on OMS-PC-232 with PID 30612 (started by User in C:\Users\User\Documents\spring-boot-workspace\book-shop)
2020-03-03T14:46:15.106+0700 DEBUG Running with Spring Boot v2.2.4.RELEASE, Spring v5.2.3.RELEASE
2020-03-03T14:46:15.106+0700 INFO No active profile set, falling back to default profiles: default
2020-03-03T14:46:20.923+0700 INFO Started BookShopApplicationTests in 5.861 seconds (JVM running for 20.54)
2020-03-03T15:11:14.675+0700 INFO Starting DTOConverterTest on OMS-PC-232 with PID 39280 (started by User in C:\Users\User\Documents\spring-boot-workspace\book-shop)
2020-03-03T15:11:14.678+0700 DEBUG Running with Spring Boot v2.2.4.RELEASE, Spring v5.2.3.RELEASE
2020-03-03T15:11:14.678+0700 INFO No active profile set, falling back to default profiles: default
2020-03-03T15:11:26.714+0700 INFO Started DTOConverterTest in 12.304 seconds (JVM running for 14.32)
2020-03-03T15:11:27.212+0700 INFO Starting BookShopApplicationTests on OMS-PC-232 with PID 39280 (started by User in C:\Users\User\Documents\spring-boot-workspace\book-shop)
2020-03-03T15:11:27.213+0700 DEBUG Running with Spring Boot v2.2.4.RELEASE, Spring v5.2.3.RELEASE
2020-03-03T15:11:27.213+0700 INFO No active profile set, falling back to default profiles: default
2020-03-03T15:11:33.105+0700 INFO Started BookShopApplicationTests in 5.952 seconds (JVM running for 20.709)
2020-03-03T15:14:03.915+0700 INFO Starting DTOConverterTest on OMS-PC-232 with PID 16040 (started by User in C:\Users\User\Documents\spring-boot-workspace\book-shop)
2020-03-03T15:14:03.918+0700 DEBUG Running with Spring Boot v2.2.4.RELEASE, Spring v5.2.3.RELEASE
2020-03-03T15:14:03.918+0700 INFO No active profile set, falling back to default profiles: default
2020-03-03T15:14:14.566+0700 INFO Started DTOConverterTest in 10.911 seconds (JVM running for 12.836)
2020-03-03T15:14:50.086+0700 INFO Starting DTOConverterTest on OMS-PC-232 with PID 32684 (started by User in C:\Users\User\Documents\spring-boot-workspace\book-shop)
2020-03-03T15:14:50.091+0700 DEBUG Running with Spring Boot v2.2.4.RELEASE, Spring v5.2.3.RELEASE
2020-03-03T15:14:50.092+0700 INFO No active profile set, falling back to default profiles: default
2020-03-03T15:15:02.469+0700 INFO Started DTOConverterTest in 12.805 seconds (JVM running for 16.755)
2020-03-03T15:15:03.592+0700 INFO Starting BookShopApplicationTests on OMS-PC-232 with PID 32684 (started by User in C:\Users\User\Documents\spring-boot-workspace\book-shop)
2020-03-03T15:15:03.593+0700 DEBUG Running with Spring Boot v2.2.4.RELEASE, Spring v5.2.3.RELEASE
2020-03-03T15:15:03.593+0700 INFO No active profile set, falling back to default profiles: default
2020-03-03T15:15:10.037+0700 INFO Started BookShopApplicationTests in 6.556 seconds (JVM running for 24.323)
2020-03-03T15:16:40.921+0700 INFO Starting StartBookApplication on OMS-PC-232 with PID 24020 (C:\Users\User\Documents\spring-boot-workspace\book-shop\target\classes started by User in C:\Users\User\Documents\spring-boot-workspace\book-shop)
2020-03-03T15:16:40.922+0700 DEBUG Running with Spring Boot v2.2.4.RELEASE, Spring v5.2.3.RELEASE
2020-03-03T15:16:40.922+0700 INFO No active profile set, falling back to default profiles: default
2020-03-03T15:16:43.490+0700 DEBUG Filter 'logAndSuppressRequestRejectedExceptionFilter' configured for use
2020-03-03T15:16:43.490+0700 DEBUG Filter 'jwtRequestFilter' configured for use
2020-03-03T15:16:43.950+0700 INFO Started StartBookApplication in 3.063 seconds (JVM running for 84144.402)
2020-03-03T15:23:58.123+0700 INFO Starting StartBookApplication on OMS-PC-232 with PID 24020 (C:\Users\User\Documents\spring-boot-workspace\book-shop\target\classes started by User in C:\Users\User\Documents\spring-boot-workspace\book-shop)
2020-03-03T15:23:58.124+0700 DEBUG Running with Spring Boot v2.2.4.RELEASE, Spring v5.2.3.RELEASE
2020-03-03T15:23:58.124+0700 INFO No active profile set, falling back to default profiles: default
2020-03-03T15:24:01.101+0700 DEBUG Filter 'logAndSuppressRequestRejectedExceptionFilter' configured for use
2020-03-03T15:24:01.101+0700 DEBUG Filter 'jwtRequestFilter' configured for use
2020-03-03T15:24:01.495+0700 INFO Started StartBookApplication in 3.404 seconds (JVM running for 84581.948)
2020-03-03T15:24:15.717+0700 INFO Starting StartBookApplication on OMS-PC-232 with PID 24020 (C:\Users\User\Documents\spring-boot-workspace\book-shop\target\classes started by User in C:\Users\User\Documents\spring-boot-workspace\book-shop)
2020-03-03T15:24:15.717+0700 DEBUG Running with Spring Boot v2.2.4.RELEASE, Spring v5.2.3.RELEASE
2020-03-03T15:24:15.717+0700 INFO No active profile set, falling back to default profiles: default
2020-03-03T15:24:18.716+0700 DEBUG Filter 'logAndSuppressRequestRejectedExceptionFilter' configured for use
2020-03-03T15:24:18.716+0700 DEBUG Filter 'jwtRequestFilter' configured for use
2020-03-03T15:24:19.098+0700 INFO Started StartBookApplication in 3.414 seconds (JVM running for 84599.552)
2020-03-03T15:24:58.171+0700 INFO Starting StartBookApplication on OMS-PC-232 with PID 24020 (C:\Users\User\Documents\spring-boot-workspace\book-shop\target\classes started by User in C:\Users\User\Documents\spring-boot-workspace\book-shop)
2020-03-03T15:24:58.172+0700 DEBUG Running with Spring Boot v2.2.4.RELEASE, Spring v5.2.3.RELEASE
2020-03-03T15:24:58.172+0700 INFO No active profile set, falling back to default profiles: default
2020-03-03T15:25:01.322+0700 DEBUG Filter 'logAndSuppressRequestRejectedExceptionFilter' configured for use
2020-03-03T15:25:01.322+0700 DEBUG Filter 'jwtRequestFilter' configured for use
2020-03-03T15:25:01.840+0700 INFO Started StartBookApplication in 3.706 seconds (JVM running for 84642.293)
2020-03-03T15:25:06.724+0700 INFO Starting StartBookApplication on OMS-PC-232 with PID 24020 (C:\Users\User\Documents\spring-boot-workspace\book-shop\target\classes started by User in C:\Users\User\Documents\spring-boot-workspace\book-shop)
2020-03-03T15:25:06.724+0700 DEBUG Running with Spring Boot v2.2.4.RELEASE, Spring v5.2.3.RELEASE
2020-03-03T15:25:06.724+0700 INFO No active profile set, falling back to default profiles: default
2020-03-03T15:25:09.432+0700 DEBUG Filter 'logAndSuppressRequestRejectedExceptionFilter' configured for use
2020-03-03T15:25:09.432+0700 DEBUG Filter 'jwtRequestFilter' configured for use
2020-03-03T15:25:09.817+0700 INFO Started StartBookApplication in 3.126 seconds (JVM running for 84650.269)
2020-03-03T15:25:52.001+0700 INFO Starting StartBookApplication on OMS-PC-232 with PID 24020 (C:\Users\User\Documents\spring-boot-workspace\book-shop\target\classes started by User in C:\Users\User\Documents\spring-boot-workspace\book-shop)
2020-03-03T15:25:52.002+0700 DEBUG Running with Spring Boot v2.2.4.RELEASE, Spring v5.2.3.RELEASE
2020-03-03T15:25:52.002+0700 INFO No active profile set, falling back to default profiles: default
2020-03-03T15:25:54.861+0700 DEBUG Filter 'logAndSuppressRequestRejectedExceptionFilter' configured for use
2020-03-03T15:25:54.862+0700 DEBUG Filter 'jwtRequestFilter' configured for use
2020-03-03T15:25:55.308+0700 INFO Started StartBookApplication in 3.341 seconds (JVM running for 84695.76)
2020-03-03T15:26:04.400+0700 INFO Starting StartBookApplication on OMS-PC-232 with PID 24020 (C:\Users\User\Documents\spring-boot-workspace\book-shop\target\classes started by User in C:\Users\User\Documents\spring-boot-workspace\book-shop)
2020-03-03T15:26:04.401+0700 DEBUG Running with Spring Boot v2.2.4.RELEASE, Spring v5.2.3.RELEASE
2020-03-03T15:26:04.401+0700 INFO No active profile set, falling back to default profiles: default
2020-03-03T15:26:07.280+0700 DEBUG Filter 'logAndSuppressRequestRejectedExceptionFilter' configured for use
2020-03-03T15:26:07.280+0700 DEBUG Filter 'jwtRequestFilter' configured for use
2020-03-03T15:26:07.794+0700 INFO Started StartBookApplication in 3.434 seconds (JVM running for 84708.247)
2020-03-03T15:27:17.769+0700 INFO Starting DTOConverterTest on OMS-PC-232 with PID 24080 (started by User in C:\Users\User\Documents\spring-boot-workspace\book-shop)
2020-03-03T15:27:17.775+0700 DEBUG Running with Spring Boot v2.2.4.RELEASE, Spring v5.2.3.RELEASE
2020-03-03T15:27:17.775+0700 INFO No active profile set, falling back to default profiles: default
2020-03-03T15:27:30.572+0700 INFO Started DTOConverterTest in 13.16 seconds (JVM running for 15.364)
2020-03-03T15:27:31.143+0700 INFO Starting BookShopApplicationTests on OMS-PC-232 with PID 24080 (started by User in C:\Users\User\Documents\spring-boot-workspace\book-shop)
2020-03-03T15:27:31.144+0700 DEBUG Running with Spring Boot v2.2.4.RELEASE, Spring v5.2.3.RELEASE
2020-03-03T15:27:31.144+0700 INFO No active profile set, falling back to default profiles: default
2020-03-03T15:27:35.880+0700 INFO Started BookShopApplicationTests in 4.855 seconds (JVM running for 20.672)
2020-03-03T15:28:51.536+0700 INFO Starting DTOConverterTest on OMS-PC-232 with PID 2656 (started by User in C:\Users\User\Documents\spring-boot-workspace\book-shop)
2020-03-03T15:28:51.541+0700 DEBUG Running with Spring Boot v2.2.4.RELEASE, Spring v5.2.3.RELEASE
2020-03-03T15:28:51.541+0700 INFO No active profile set, falling back to default profiles: default
2020-03-03T15:29:05.865+0700 INFO Started DTOConverterTest in 14.744 seconds (JVM running for 18.439)
2020-03-03T15:29:07.197+0700 INFO Starting BookShopApplicationTests on OMS-PC-232 with PID 2656 (started by User in C:\Users\User\Documents\spring-boot-workspace\book-shop)
2020-03-03T15:29:07.198+0700 DEBUG Running with Spring Boot v2.2.4.RELEASE, Spring v5.2.3.RELEASE
2020-03-03T15:29:07.198+0700 INFO No active profile set, falling back to default profiles: default
2020-03-03T15:29:13.463+0700 INFO Started BookShopApplicationTests in 6.352 seconds (JVM running for 26.036)
2020-03-03T15:30:45.501+0700 INFO Starting StartBookApplication on OMS-PC-232 with PID 24020 (C:\Users\User\Documents\spring-boot-workspace\book-shop\target\classes started by User in C:\Users\User\Documents\spring-boot-workspace\book-shop)
2020-03-03T15:30:45.502+0700 DEBUG Running with Spring Boot v2.2.4.RELEASE, Spring v5.2.3.RELEASE
2020-03-03T15:30:45.502+0700 INFO No active profile set, falling back to default profiles: default
2020-03-03T15:30:48.264+0700 DEBUG Filter 'logAndSuppressRequestRejectedExceptionFilter' configured for use
2020-03-03T15:30:48.264+0700 DEBUG Filter 'jwtRequestFilter' configured for use
2020-03-03T15:30:48.766+0700 INFO Started StartBookApplication in 3.301 seconds (JVM running for 84989.219)
2020-03-03T15:31:24.838+0700 INFO Starting StartBookApplication on OMS-PC-232 with PID 24020 (C:\Users\User\Documents\spring-boot-workspace\book-shop\target\classes started by User in C:\Users\User\Documents\spring-boot-workspace\book-shop)
2020-03-03T15:31:24.838+0700 DEBUG Running with Spring Boot v2.2.4.RELEASE, Spring v5.2.3.RELEASE
2020-03-03T15:31:24.838+0700 INFO No active profile set, falling back to default profiles: default
2020-03-03T15:31:27.849+0700 DEBUG Filter 'logAndSuppressRequestRejectedExceptionFilter' configured for use
2020-03-03T15:31:27.849+0700 DEBUG Filter 'jwtRequestFilter' configured for use
2020-03-03T15:31:36.999+0700 INFO Starting StartBookApplication on OMS-PC-232 with PID 24020 (C:\Users\User\Documents\spring-boot-workspace\book-shop\target\classes started by User in C:\Users\User\Documents\spring-boot-workspace\book-shop)
2020-03-03T15:31:37.000+0700 DEBUG Running with Spring Boot v2.2.4.RELEASE, Spring v5.2.3.RELEASE
2020-03-03T15:31:37.000+0700 INFO No active profile set, falling back to default profiles: default
2020-03-03T15:31:40.100+0700 DEBUG Filter 'logAndSuppressRequestRejectedExceptionFilter' configured for use
2020-03-03T15:31:40.100+0700 DEBUG Filter 'jwtRequestFilter' configured for use
2020-03-03T15:31:40.501+0700 INFO Started StartBookApplication in 3.534 seconds (JVM running for 85040.954)
2020-03-03T15:32:29.961+0700 INFO Starting StartBookApplication on OMS-PC-232 with PID 24020 (C:\Users\User\Documents\spring-boot-workspace\book-shop\target\classes started by User in C:\Users\User\Documents\spring-boot-workspace\book-shop)
2020-03-03T15:32:29.962+0700 DEBUG Running with Spring Boot v2.2.4.RELEASE, Spring v5.2.3.RELEASE
2020-03-03T15:32:29.962+0700 INFO No active profile set, falling back to default profiles: default
2020-03-03T15:32:32.786+0700 DEBUG Filter 'logAndSuppressRequestRejectedExceptionFilter' configured for use
2020-03-03T15:32:32.786+0700 DEBUG Filter 'jwtRequestFilter' configured for use
2020-03-03T15:32:33.176+0700 INFO Started StartBookApplication in 3.251 seconds (JVM running for 85093.629)
2020-03-03T15:35:44.620+0700 INFO Starting StartBookApplication on OMS-PC-232 with PID 24020 (C:\Users\User\Documents\spring-boot-workspace\book-shop\target\classes started by User in C:\Users\User\Documents\spring-boot-workspace\book-shop)
2020-03-03T15:35:44.621+0700 DEBUG Running with Spring Boot v2.2.4.RELEASE, Spring v5.2.3.RELEASE
2020-03-03T15:35:44.621+0700 INFO No active profile set, falling back to default profiles: default
2020-03-03T15:35:47.456+0700 DEBUG Filter 'logAndSuppressRequestRejectedExceptionFilter' configured for use
2020-03-03T15:35:47.456+0700 DEBUG Filter 'jwtRequestFilter' configured for use
2020-03-03T15:35:47.840+0700 INFO Started StartBookApplication in 3.254 seconds (JVM running for 85288.293)
2020-03-03T15:35:57.948+0700 INFO Starting StartBookApplication on OMS-PC-232 with PID 24020 (C:\Users\User\Documents\spring-boot-workspace\book-shop\target\classes started by User in C:\Users\User\Documents\spring-boot-workspace\book-shop)
2020-03-03T15:35:57.949+0700 DEBUG Running with Spring Boot v2.2.4.RELEASE, Spring v5.2.3.RELEASE
2020-03-03T15:35:57.949+0700 INFO No active profile set, falling back to default profiles: default
2020-03-03T15:36:01.053+0700 DEBUG Filter 'logAndSuppressRequestRejectedExceptionFilter' configured for use
2020-03-03T15:36:01.053+0700 DEBUG Filter 'jwtRequestFilter' configured for use
2020-03-03T15:36:01.467+0700 INFO Started StartBookApplication in 3.559 seconds (JVM running for 85301.92)
2020-03-03T15:36:12.702+0700 INFO Starting StartBookApplication on OMS-PC-232 with PID 24020 (C:\Users\User\Documents\spring-boot-workspace\book-shop\target\classes started by User in C:\Users\User\Documents\spring-boot-workspace\book-shop)
2020-03-03T15:36:12.703+0700 DEBUG Running with Spring Boot v2.2.4.RELEASE, Spring v5.2.3.RELEASE
2020-03-03T15:36:12.703+0700 INFO No active profile set, falling back to default profiles: default
2020-03-03T15:36:15.498+0700 DEBUG Filter 'logAndSuppressRequestRejectedExceptionFilter' configured for use
2020-03-03T15:36:15.498+0700 DEBUG Filter 'jwtRequestFilter' configured for use
2020-03-03T15:36:15.918+0700 INFO Started StartBookApplication in 3.25 seconds (JVM running for 85316.371)
2020-03-03T15:36:26.035+0700 INFO Starting StartBookApplication on OMS-PC-232 with PID 24020 (C:\Users\User\Documents\spring-boot-workspace\book-shop\target\classes started by User in C:\Users\User\Documents\spring-boot-workspace\book-shop)
2020-03-03T15:36:26.036+0700 DEBUG Running with Spring Boot v2.2.4.RELEASE, Spring v5.2.3.RELEASE
2020-03-03T15:36:26.036+0700 INFO No active profile set, falling back to default profiles: default
2020-03-03T15:36:28.829+0700 DEBUG Filter 'logAndSuppressRequestRejectedExceptionFilter' configured for use
2020-03-03T15:36:28.829+0700 DEBUG Filter 'jwtRequestFilter' configured for use
2020-03-03T15:36:29.214+0700 INFO Started StartBookApplication in 3.21 seconds (JVM running for 85329.667)
2020-03-03T15:37:15.638+0700 INFO Starting StartBookApplication on OMS-PC-232 with PID 24020 (C:\Users\User\Documents\spring-boot-workspace\book-shop\target\classes started by User in C:\Users\User\Documents\spring-boot-workspace\book-shop)
2020-03-03T15:37:15.639+0700 DEBUG Running with Spring Boot v2.2.4.RELEASE, Spring v5.2.3.RELEASE
2020-03-03T15:37:15.639+0700 INFO No active profile set, falling back to default profiles: default
2020-03-03T15:37:18.615+0700 DEBUG Filter 'logAndSuppressRequestRejectedExceptionFilter' configured for use
2020-03-03T15:37:18.615+0700 DEBUG Filter 'jwtRequestFilter' configured for use
2020-03-03T15:37:19.008+0700 INFO Started StartBookApplication in 3.403 seconds (JVM running for 85379.461)
2020-03-03T15:39:47.684+0700 INFO Starting StartBookApplication on OMS-PC-232 with PID 24020 (C:\Users\User\Documents\spring-boot-workspace\book-shop\target\classes started by User in C:\Users\User\Documents\spring-boot-workspace\book-shop)
2020-03-03T15:39:47.685+0700 DEBUG Running with Spring Boot v2.2.4.RELEASE, Spring v5.2.3.RELEASE
2020-03-03T15:39:47.685+0700 INFO No active profile set, falling back to default profiles: default
2020-03-03T15:39:50.550+0700 DEBUG Filter 'logAndSuppressRequestRejectedExceptionFilter' configured for use
2020-03-03T15:39:50.550+0700 DEBUG Filter 'jwtRequestFilter' configured for use
2020-03-03T15:39:51.035+0700 INFO Started StartBookApplication in 3.388 seconds (JVM running for 85531.488)
2020-03-03T15:41:18.564+0700 INFO Starting StartBookApplication on OMS-PC-232 with PID 24020 (C:\Users\User\Documents\spring-boot-workspace\book-shop\target\classes started by User in C:\Users\User\Documents\spring-boot-workspace\book-shop)
2020-03-03T15:41:18.565+0700 DEBUG Running with Spring Boot v2.2.4.RELEASE, Spring v5.2.3.RELEASE
2020-03-03T15:41:18.565+0700 INFO No active profile set, falling back to default profiles: default
2020-03-03T15:41:21.608+0700 DEBUG Filter 'logAndSuppressRequestRejectedExceptionFilter' configured for use
2020-03-03T15:41:21.608+0700 DEBUG Filter 'jwtRequestFilter' configured for use
2020-03-03T15:41:22.248+0700 INFO Started StartBookApplication in 3.721 seconds (JVM running for 85622.701)
2020-03-03T15:52:33.368+0700 INFO Starting StartBookApplication on OMS-PC-232 with PID 24020 (C:\Users\User\Documents\spring-boot-workspace\book-shop\target\classes started by User in C:\Users\User\Documents\spring-boot-workspace\book-shop)
2020-03-03T15:52:33.368+0700 DEBUG Running with Spring Boot v2.2.4.RELEASE, Spring v5.2.3.RELEASE
2020-03-03T15:52:33.368+0700 INFO No active profile set, falling back to default profiles: default
2020-03-03T15:52:36.234+0700 DEBUG Filter 'logAndSuppressRequestRejectedExceptionFilter' configured for use
2020-03-03T15:52:36.234+0700 DEBUG Filter 'jwtRequestFilter' configured for use
2020-03-03T15:52:36.619+0700 INFO Started StartBookApplication in 3.285 seconds (JVM running for 86297.072)
2020-03-03T15:53:34.438+0700 INFO Starting StartBookApplication on OMS-PC-232 with PID 24020 (C:\Users\User\Documents\spring-boot-workspace\book-shop\target\classes started by User in C:\Users\User\Documents\spring-boot-workspace\book-shop)
2020-03-03T15:53:34.439+0700 DEBUG Running with Spring Boot v2.2.4.RELEASE, Spring v5.2.3.RELEASE
2020-03-03T15:53:34.439+0700 INFO No active profile set, falling back to default profiles: default
2020-03-03T15:53:37.481+0700 DEBUG Filter 'logAndSuppressRequestRejectedExceptionFilter' configured for use
2020-03-03T15:53:37.481+0700 DEBUG Filter 'jwtRequestFilter' configured for use
2020-03-03T15:53:38.123+0700 INFO Started StartBookApplication in 3.722 seconds (JVM running for 86358.576)
2020-03-03T15:53:46.601+0700 WARN JWT Token does not begin with Bearer String
2020-03-03T15:53:53.787+0700 WARN JWT Token does not begin with Bearer String
2020-03-03T15:54:34.670+0700 INFO Starting StartBookApplication on OMS-PC-232 with PID 24020 (C:\Users\User\Documents\spring-boot-workspace\book-shop\target\classes started by User in C:\Users\User\Documents\spring-boot-workspace\book-shop)
2020-03-03T15:54:34.671+0700 DEBUG Running with Spring Boot v2.2.4.RELEASE, Spring v5.2.3.RELEASE
2020-03-03T15:54:34.671+0700 INFO No active profile set, falling back to default profiles: default
2020-03-03T15:54:37.419+0700 DEBUG Filter 'logAndSuppressRequestRejectedExceptionFilter' configured for use
2020-03-03T15:54:37.419+0700 DEBUG Filter 'jwtRequestFilter' configured for use
2020-03-03T15:54:37.880+0700 INFO Started StartBookApplication in 3.242 seconds (JVM running for 86418.333)
2020-03-03T15:55:02.900+0700 WARN JWT Token does not begin with Bearer String
2020-03-03T15:55:05.228+0700 WARN JWT Token does not begin with Bearer String
2020-03-03T15:55:30.494+0700 INFO Starting StartBookApplication on OMS-PC-232 with PID 24020 (C:\Users\User\Documents\spring-boot-workspace\book-shop\target\classes started by User in C:\Users\User\Documents\spring-boot-workspace\book-shop)
2020-03-03T15:55:30.494+0700 DEBUG Running with Spring Boot v2.2.4.RELEASE, Spring v5.2.3.RELEASE
2020-03-03T15:55:30.496+0700 INFO No active profile set, falling back to default profiles: default
2020-03-03T15:55:33.441+0700 DEBUG Filter 'logAndSuppressRequestRejectedExceptionFilter' configured for use
2020-03-03T15:55:33.441+0700 DEBUG Filter 'jwtRequestFilter' configured for use
2020-03-03T15:55:34.058+0700 INFO Started StartBookApplication in 3.612 seconds (JVM running for 86474.511)
2020-03-03T15:55:39.006+0700 WARN JWT Token does not begin with Bearer String
2020-03-03T15:56:03.632+0700 INFO Starting StartBookApplication on OMS-PC-232 with PID 24020 (C:\Users\User\Documents\spring-boot-workspace\book-shop\target\classes started by User in C:\Users\User\Documents\spring-boot-workspace\book-shop)
2020-03-03T15:56:03.633+0700 DEBUG Running with Spring Boot v2.2.4.RELEASE, Spring v5.2.3.RELEASE
2020-03-03T15:56:03.633+0700 INFO No active profile set, falling back to default profiles: default
2020-03-03T15:56:06.421+0700 DEBUG Filter 'logAndSuppressRequestRejectedExceptionFilter' configured for use
2020-03-03T15:56:06.421+0700 DEBUG Filter 'jwtRequestFilter' configured for use
2020-03-03T15:56:06.963+0700 INFO Started StartBookApplication in 3.366 seconds (JVM running for 86507.416)
2020-03-03T15:56:53.373+0700 INFO Starting StartBookApplication on OMS-PC-232 with PID 24020 (C:\Users\User\Documents\spring-boot-workspace\book-shop\target\classes started by User in C:\Users\User\Documents\spring-boot-workspace\book-shop)
2020-03-03T15:56:53.374+0700 DEBUG Running with Spring Boot v2.2.4.RELEASE, Spring v5.2.3.RELEASE
2020-03-03T15:56:53.374+0700 INFO No active profile set, falling back to default profiles: default
2020-03-03T15:56:56.189+0700 DEBUG Filter 'logAndSuppressRequestRejectedExceptionFilter' configured for use
2020-03-03T15:56:56.189+0700 DEBUG Filter 'jwtRequestFilter' configured for use
2020-03-03T15:56:56.721+0700 INFO Started StartBookApplication in 3.381 seconds (JVM running for 86557.174)
2020-03-03T15:57:39.860+0700 INFO Starting StartBookApplication on OMS-PC-232 with PID 24020 (C:\Users\User\Documents\spring-boot-workspace\book-shop\target\classes started by User in C:\Users\User\Documents\spring-boot-workspace\book-shop)
2020-03-03T15:57:39.860+0700 DEBUG Running with Spring Boot v2.2.4.RELEASE, Spring v5.2.3.RELEASE
2020-03-03T15:57:39.861+0700 INFO No active profile set, falling back to default profiles: default
2020-03-03T15:57:42.720+0700 DEBUG Filter 'logAndSuppressRequestRejectedExceptionFilter' configured for use
2020-03-03T15:57:42.720+0700 DEBUG Filter 'jwtRequestFilter' configured for use
2020-03-03T15:57:43.418+0700 INFO Started StartBookApplication in 3.618 seconds (JVM running for 86603.87)
2020-03-03T15:58:21.274+0700 INFO Starting StartBookApplication on OMS-PC-232 with PID 24020 (C:\Users\User\Documents\spring-boot-workspace\book-shop\target\classes started by User in C:\Users\User\Documents\spring-boot-workspace\book-shop)
2020-03-03T15:58:21.275+0700 DEBUG Running with Spring Boot v2.2.4.RELEASE, Spring v5.2.3.RELEASE
2020-03-03T15:58:21.275+0700 INFO No active profile set, falling back to default profiles: default
2020-03-03T15:58:24.094+0700 DEBUG Filter 'logAndSuppressRequestRejectedExceptionFilter' configured for use
2020-03-03T15:58:24.094+0700 DEBUG Filter 'jwtRequestFilter' configured for use
2020-03-03T15:58:24.622+0700 INFO Started StartBookApplication in 3.383 seconds (JVM running for 86645.075)
2020-03-03T15:59:05.545+0700 INFO Starting StartBookApplication on OMS-PC-232 with PID 24020 (C:\Users\User\Documents\spring-boot-workspace\book-shop\target\classes started by User in C:\Users\User\Documents\spring-boot-workspace\book-shop)
2020-03-03T15:59:05.546+0700 DEBUG Running with Spring Boot v2.2.4.RELEASE, Spring v5.2.3.RELEASE
2020-03-03T15:59:05.546+0700 INFO No active profile set, falling back to default profiles: default
2020-03-03T15:59:08.423+0700 DEBUG Filter 'logAndSuppressRequestRejectedExceptionFilter' configured for use
2020-03-03T15:59:08.423+0700 DEBUG Filter 'jwtRequestFilter' configured for use
2020-03-03T15:59:08.955+0700 INFO Started StartBookApplication in 3.447 seconds (JVM running for 86689.408)
2020-03-03T15:59:15.759+0700 INFO Starting StartBookApplication on OMS-PC-232 with PID 24020 (C:\Users\User\Documents\spring-boot-workspace\book-shop\target\classes started by User in C:\Users\User\Documents\spring-boot-workspace\book-shop)
2020-03-03T15:59:15.760+0700 DEBUG Running with Spring Boot v2.2.4.RELEASE, Spring v5.2.3.RELEASE
2020-03-03T15:59:15.760+0700 INFO No active profile set, falling back to default profiles: default
2020-03-03T15:59:18.665+0700 DEBUG Filter 'logAndSuppressRequestRejectedExceptionFilter' configured for use
2020-03-03T15:59:18.665+0700 DEBUG Filter 'jwtRequestFilter' configured for use
2020-03-03T15:59:19.201+0700 INFO Started StartBookApplication in 3.472 seconds (JVM running for 86699.653)
2020-03-03T15:59:27.079+0700 INFO Starting StartBookApplication on OMS-PC-232 with PID 24020 (C:\Users\User\Documents\spring-boot-workspace\book-shop\target\classes started by User in C:\Users\User\Documents\spring-boot-workspace\book-shop)
2020-03-03T15:59:27.079+0700 DEBUG Running with Spring Boot v2.2.4.RELEASE, Spring v5.2.3.RELEASE
2020-03-03T15:59:27.080+0700 INFO No active profile set, falling back to default profiles: default
2020-03-03T15:59:29.898+0700 DEBUG Filter 'logAndSuppressRequestRejectedExceptionFilter' configured for use
2020-03-03T15:59:29.898+0700 DEBUG Filter 'jwtRequestFilter' configured for use
2020-03-03T15:59:30.415+0700 INFO Started StartBookApplication in 3.369 seconds (JVM running for 86710.867)
2020-03-03T16:00:08.365+0700 INFO Starting StartBookApplication on OMS-PC-232 with PID 24020 (C:\Users\User\Documents\spring-boot-workspace\book-shop\target\classes started by User in C:\Users\User\Documents\spring-boot-workspace\book-shop)
2020-03-03T16:00:08.366+0700 DEBUG Running with Spring Boot v2.2.4.RELEASE, Spring v5.2.3.RELEASE
2020-03-03T16:00:08.366+0700 INFO No active profile set, falling back to default profiles: default
2020-03-03T16:00:11.183+0700 DEBUG Filter 'logAndSuppressRequestRejectedExceptionFilter' configured for use
2020-03-03T16:00:11.183+0700 DEBUG Filter 'jwtRequestFilter' configured for use
2020-03-03T16:00:11.585+0700 INFO Started StartBookApplication in 3.252 seconds (JVM running for 86752.038)
2020-03-03T16:03:18.947+0700 INFO Starting StartBookApplication on OMS-PC-232 with PID 24020 (C:\Users\User\Documents\spring-boot-workspace\book-shop\target\classes started by User in C:\Users\User\Documents\spring-boot-workspace\book-shop)
2020-03-03T16:03:18.949+0700 DEBUG Running with Spring Boot v2.2.4.RELEASE, Spring v5.2.3.RELEASE
2020-03-03T16:03:18.949+0700 INFO No active profile set, falling back to default profiles: default
2020-03-03T16:03:21.770+0700 DEBUG Filter 'logAndSuppressRequestRejectedExceptionFilter' configured for use
2020-03-03T16:03:21.771+0700 DEBUG Filter 'jwtRequestFilter' configured for use
2020-03-03T16:03:22.261+0700 INFO Started StartBookApplication in 3.347 seconds (JVM running for 86942.714)
2020-03-03T16:03:24.051+0700 INFO Starting StartBookApplication on OMS-PC-232 with PID 24020 (C:\Users\User\Documents\spring-boot-workspace\book-shop\target\classes started by User in C:\Users\User\Documents\spring-boot-workspace\book-shop)
2020-03-03T16:03:24.052+0700 DEBUG Running with Spring Boot v2.2.4.RELEASE, Spring v5.2.3.RELEASE
2020-03-03T16:03:24.052+0700 INFO No active profile set, falling back to default profiles: default
2020-03-03T16:03:26.995+0700 DEBUG Filter 'logAndSuppressRequestRejectedExceptionFilter' configured for use
2020-03-03T16:03:26.995+0700 DEBUG Filter 'jwtRequestFilter' configured for use
2020-03-03T16:03:27.403+0700 INFO Started StartBookApplication in 3.383 seconds (JVM running for 86947.857)
2020-03-03T16:03:32.311+0700 INFO Starting StartBookApplication on OMS-PC-232 with PID 24020 (C:\Users\User\Documents\spring-boot-workspace\book-shop\target\classes started by User in C:\Users\User\Documents\spring-boot-workspace\book-shop)
2020-03-03T16:03:32.312+0700 DEBUG Running with Spring Boot v2.2.4.RELEASE, Spring v5.2.3.RELEASE
2020-03-03T16:03:32.312+0700 INFO No active profile set, falling back to default profiles: default
2020-03-03T16:03:35.078+0700 DEBUG Filter 'logAndSuppressRequestRejectedExceptionFilter' configured for use
2020-03-03T16:03:35.079+0700 DEBUG Filter 'jwtRequestFilter' configured for use
2020-03-03T16:03:35.489+0700 INFO Started StartBookApplication in 3.212 seconds (JVM running for 86955.942)
2020-03-03T16:03:57.306+0700 WARN JWT Token does not begin with Bearer String
2020-03-03T16:04:05.289+0700 WARN JWT Token has expired
2020-03-03T16:04:12.028+0700 WARN JWT Token does not begin with Bearer String
2020-03-03T16:04:51.355+0700 INFO Starting StartBookApplication on OMS-PC-232 with PID 24020 (C:\Users\User\Documents\spring-boot-workspace\book-shop\target\classes started by User in C:\Users\User\Documents\spring-boot-workspace\book-shop)
2020-03-03T16:04:51.355+0700 DEBUG Running with Spring Boot v2.2.4.RELEASE, Spring v5.2.3.RELEASE
2020-03-03T16:04:51.355+0700 INFO No active profile set, falling back to default profiles: default
2020-03-03T16:04:54.224+0700 DEBUG Filter 'logAndSuppressRequestRejectedExceptionFilter' configured for use
2020-03-03T16:04:54.224+0700 DEBUG Filter 'jwtRequestFilter' configured for use
2020-03-03T16:04:54.660+0700 INFO Started StartBookApplication in 3.341 seconds (JVM running for 87035.113)
2020-03-03T16:04:57.460+0700 INFO Starting StartBookApplication on OMS-PC-232 with PID 24020 (C:\Users\User\Documents\spring-boot-workspace\book-shop\target\classes started by User in C:\Users\User\Documents\spring-boot-workspace\book-shop)
2020-03-03T16:04:57.461+0700 DEBUG Running with Spring Boot v2.2.4.RELEASE, Spring v5.2.3.RELEASE
2020-03-03T16:04:57.461+0700 INFO No active profile set, falling back to default profiles: default
2020-03-03T16:05:00.202+0700 DEBUG Filter 'logAndSuppressRequestRejectedExceptionFilter' configured for use
2020-03-03T16:05:00.202+0700 DEBUG Filter 'jwtRequestFilter' configured for use
2020-03-03T16:05:00.612+0700 INFO Started StartBookApplication in 3.182 seconds (JVM running for 87041.064)
2020-03-03T16:05:08.664+0700 INFO Starting StartBookApplication on OMS-PC-232 with PID 24020 (C:\Users\User\Documents\spring-boot-workspace\book-shop\target\classes started by User in C:\Users\User\Documents\spring-boot-workspace\book-shop)
2020-03-03T16:05:08.664+0700 DEBUG Running with Spring Boot v2.2.4.RELEASE, Spring v5.2.3.RELEASE
2020-03-03T16:05:08.664+0700 INFO No active profile set, falling back to default profiles: default
2020-03-03T16:05:11.549+0700 DEBUG Filter 'logAndSuppressRequestRejectedExceptionFilter' configured for use
2020-03-03T16:05:11.549+0700 DEBUG Filter 'jwtRequestFilter' configured for use
2020-03-03T16:05:12.027+0700 INFO Started StartBookApplication in 3.396 seconds (JVM running for 87052.479)
2020-03-03T16:05:26.832+0700 INFO Starting DTOConverterTest on OMS-PC-232 with PID 39960 (started by User in C:\Users\User\Documents\spring-boot-workspace\book-shop)
2020-03-03T16:05:26.835+0700 DEBUG Running with Spring Boot v2.2.4.RELEASE, Spring v5.2.3.RELEASE
2020-03-03T16:05:26.835+0700 INFO No active profile set, falling back to default profiles: default
2020-03-03T16:05:37.652+0700 INFO Started DTOConverterTest in 11.054 seconds (JVM running for 13.042)
2020-03-03T16:05:38.196+0700 INFO Starting BookShopApplicationTests on OMS-PC-232 with PID 39960 (started by User in C:\Users\User\Documents\spring-boot-workspace\book-shop)
2020-03-03T16:05:38.197+0700 DEBUG Running with Spring Boot v2.2.4.RELEASE, Spring v5.2.3.RELEASE
2020-03-03T16:05:38.197+0700 INFO No active profile set, falling back to default profiles: default
2020-03-03T16:05:43.169+0700 INFO Started BookShopApplicationTests in 5.01 seconds (JVM running for 18.559)
2020-03-03T16:07:29.989+0700 INFO Starting DTOConverterTest on OMS-PC-232 with PID 39924 (started by User in C:\Users\User\Documents\spring-boot-workspace\book-shop)
2020-03-03T16:07:29.997+0700 DEBUG Running with Spring Boot v2.2.4.RELEASE, Spring v5.2.3.RELEASE
2020-03-03T16:07:29.998+0700 INFO No active profile set, falling back to default profiles: default
2020-03-03T16:07:42.536+0700 INFO Started DTOConverterTest in 13.006 seconds (JVM running for 16.565)
2020-03-03T16:07:43.769+0700 INFO Starting BookShopApplicationTests on OMS-PC-232 with PID 39924 (started by User in C:\Users\User\Documents\spring-boot-workspace\book-shop)
2020-03-03T16:07:43.772+0700 DEBUG Running with Spring Boot v2.2.4.RELEASE, Spring v5.2.3.RELEASE
2020-03-03T16:07:43.773+0700 INFO No active profile set, falling back to default profiles: default
2020-03-03T16:07:49.456+0700 INFO Started BookShopApplicationTests in 5.747 seconds (JVM running for 23.485)
2020-03-03T16:20:02.534+0700 INFO Starting StartBookApplication on OMS-PC-232 with PID 24020 (C:\Users\User\Documents\spring-boot-workspace\book-shop\target\classes started by User in C:\Users\User\Documents\spring-boot-workspace\book-shop)
2020-03-03T16:20:02.535+0700 DEBUG Running with Spring Boot v2.2.4.RELEASE, Spring v5.2.3.RELEASE
2020-03-03T16:20:02.535+0700 INFO No active profile set, falling back to default profiles: default
2020-03-03T16:20:05.355+0700 DEBUG Filter 'logAndSuppressRequestRejectedExceptionFilter' configured for use
2020-03-03T16:20:05.355+0700 DEBUG Filter 'jwtRequestFilter' configured for use
2020-03-03T16:20:05.738+0700 INFO Started StartBookApplication in 3.238 seconds (JVM running for 87946.191)
2020-03-03T16:20:28.037+0700 INFO Starting BookControllerTest on OMS-PC-232 with PID 29200 (started by User in C:\Users\User\Documents\spring-boot-workspace\book-shop)
2020-03-03T16:20:28.039+0700 DEBUG Running with Spring Boot v2.2.4.RELEASE, Spring v5.2.3.RELEASE
2020-03-03T16:20:28.039+0700 INFO No active profile set, falling back to default profiles: default
2020-03-03T16:20:39.241+0700 INFO Started BookControllerTest in 11.522 seconds (JVM running for 13.345)
2020-03-03T16:20:39.604+0700 ERROR null
2020-03-03T16:21:09.868+0700 INFO Starting BookControllerTest on OMS-PC-232 with PID 15184 (started by User in C:\Users\User\Documents\spring-boot-workspace\book-shop)
2020-03-03T16:21:09.870+0700 DEBUG Running with Spring Boot v2.2.4.RELEASE, Spring v5.2.3.RELEASE
2020-03-03T16:21:09.871+0700 INFO No active profile set, falling back to default profiles: default
2020-03-03T16:21:22.094+0700 INFO Started BookControllerTest in 12.514 seconds (JVM running for 14.5)
2020-03-03T16:21:22.493+0700 ERROR null
2020-03-03T16:34:40.720+0700 INFO Starting BookControllerTest on OMS-PC-232 with PID 43368 (started by User in C:\Users\User\Documents\spring-boot-workspace\book-shop)
2020-03-03T16:34:40.723+0700 DEBUG Running with Spring Boot v2.2.4.RELEASE, Spring v5.2.3.RELEASE
2020-03-03T16:34:40.723+0700 INFO No active profile set, falling back to default profiles: default
2020-03-03T16:34:52.074+0700 INFO Started BookControllerTest in 11.759 seconds (JVM running for 13.693)
2020-03-03T16:34:52.347+0700 ERROR null
2020-03-03T17:46:02.039+0700 INFO Starting BookControllerTest on OMS-PC-232 with PID 44812 (started by User in C:\Users\User\Documents\spring-boot-workspace\book-shop)
2020-03-03T17:46:02.042+0700 DEBUG Running with Spring Boot v2.2.4.RELEASE, Spring v5.2.3.RELEASE
2020-03-03T17:46:02.042+0700 INFO No active profile set, falling back to default profiles: default
2020-03-03T17:46:13.275+0700 INFO Started BookControllerTest in 11.624 seconds (JVM running for 13.62)
2020-03-03T17:46:13.528+0700 ERROR null
2020-03-03T17:47:13.596+0700 INFO Starting StartBookApplication on OMS-PC-232 with PID 24020 (C:\Users\User\Documents\spring-boot-workspace\book-shop\target\classes started by User in C:\Users\User\Documents\spring-boot-workspace\book-shop)
2020-03-03T17:47:13.597+0700 DEBUG Running with Spring Boot v2.2.4.RELEASE, Spring v5.2.3.RELEASE
2020-03-03T17:47:13.597+0700 INFO No active profile set, falling back to default profiles: default
2020-03-03T17:47:16.558+0700 DEBUG Filter 'logAndSuppressRequestRejectedExceptionFilter' configured for use
2020-03-03T17:47:16.558+0700 DEBUG Filter 'jwtRequestFilter' configured for use
2020-03-03T17:47:17.070+0700 INFO Started StartBookApplication in 3.515 seconds (JVM running for 93177.63)
2020-03-03T17:47:21.012+0700 INFO Starting StartBookApplication on OMS-PC-232 with PID 24020 (C:\Users\User\Documents\spring-boot-workspace\book-shop\target\classes started by User in C:\Users\User\Documents\spring-boot-workspace\book-shop)
2020-03-03T17:47:21.013+0700 DEBUG Running with Spring Boot v2.2.4.RELEASE, Spring v5.2.3.RELEASE
2020-03-03T17:47:21.013+0700 INFO No active profile set, falling back to default profiles: default
2020-03-03T17:47:23.802+0700 DEBUG Filter 'logAndSuppressRequestRejectedExceptionFilter' configured for use
2020-03-03T17:47:23.802+0700 DEBUG Filter 'jwtRequestFilter' configured for use
2020-03-03T17:47:24.224+0700 INFO Started StartBookApplication in 3.249 seconds (JVM running for 93184.784)
2020-03-03T17:47:37.025+0700 INFO Starting BookControllerTest on OMS-PC-232 with PID 4160 (started by User in C:\Users\User\Documents\spring-boot-workspace\book-shop)
2020-03-03T17:47:37.031+0700 DEBUG Running with Spring Boot v2.2.4.RELEASE, Spring v5.2.3.RELEASE
2020-03-03T17:47:37.032+0700 INFO No active profile set, falling back to default profiles: default
2020-03-03T17:47:48.315+0700 INFO Started BookControllerTest in 11.606 seconds (JVM running for 13.607)
2020-03-03T17:47:48.537+0700 ERROR null
2020-03-03T17:48:34.726+0700 INFO Starting BookControllerTest on OMS-PC-232 with PID 15216 (started by User in C:\Users\User\Documents\spring-boot-workspace\book-shop)
2020-03-03T17:48:34.729+0700 DEBUG Running with Spring Boot v2.2.4.RELEASE, Spring v5.2.3.RELEASE
2020-03-03T17:48:34.729+0700 INFO No active profile set, falling back to default profiles: default
2020-03-03T17:48:45.946+0700 INFO Started BookControllerTest in 11.606 seconds (JVM running for 13.395)
2020-03-03T17:48:46.385+0700 ERROR null
2020-03-03T17:52:00.398+0700 INFO Starting BookControllerTest on OMS-PC-232 with PID 22048 (started by User in C:\Users\User\Documents\spring-boot-workspace\book-shop)
2020-03-03T17:52:00.405+0700 DEBUG Running with Spring Boot v2.2.4.RELEASE, Spring v5.2.3.RELEASE
2020-03-03T17:52:00.405+0700 INFO No active profile set, falling back to default profiles: default
2020-03-03T17:52:11.193+0700 INFO Started BookControllerTest in 11.078 seconds (JVM running for 12.766)
2020-03-03T17:52:11.414+0700 ERROR null
2020-03-03T17:54:36.772+0700 WARN JWT Token does not begin with Bearer String
2020-03-03T17:54:47.988+0700 WARN JWT Token does not begin with Bearer String
2020-03-03T17:54:48.004+0700 ERROR null
2020-03-03T17:57:05.169+0700 INFO Starting StartBookApplication on OMS-PC-232 with PID 24020 (C:\Users\User\Documents\spring-boot-workspace\book-shop\target\classes started by User in C:\Users\User\Documents\spring-boot-workspace\book-shop)
2020-03-03T17:57:05.169+0700 DEBUG Running with Spring Boot v2.2.4.RELEASE, Spring v5.2.3.RELEASE
2020-03-03T17:57:05.169+0700 INFO No active profile set, falling back to default profiles: default
2020-03-03T17:57:07.963+0700 DEBUG Filter 'logAndSuppressRequestRejectedExceptionFilter' configured for use
2020-03-03T17:57:07.964+0700 DEBUG Filter 'jwtRequestFilter' configured for use
2020-03-03T17:57:08.367+0700 INFO Started StartBookApplication in 3.232 seconds (JVM running for 93768.927)
2020-03-03T17:57:31.968+0700 INFO Starting StartBookApplication on OMS-PC-232 with PID 24020 (C:\Users\User\Documents\spring-boot-workspace\book-shop\target\classes started by User in C:\Users\User\Documents\spring-boot-workspace\book-shop)
2020-03-03T17:57:31.969+0700 DEBUG Running with Spring Boot v2.2.4.RELEASE, Spring v5.2.3.RELEASE
2020-03-03T17:57:31.969+0700 INFO No active profile set, falling back to default profiles: default
2020-03-03T17:57:34.843+0700 DEBUG Filter 'logAndSuppressRequestRejectedExceptionFilter' configured for use
2020-03-03T17:57:34.843+0700 DEBUG Filter 'jwtRequestFilter' configured for use
2020-03-03T17:57:35.421+0700 INFO Started StartBookApplication in 3.485 seconds (JVM running for 93795.981)
2020-03-03T17:58:37.203+0700 INFO Starting StartBookApplication on OMS-PC-232 with PID 24020 (C:\Users\User\Documents\spring-boot-workspace\book-shop\target\classes started by User in C:\Users\User\Documents\spring-boot-workspace\book-shop)
2020-03-03T17:58:37.204+0700 DEBUG Running with Spring Boot v2.2.4.RELEASE, Spring v5.2.3.RELEASE
2020-03-03T17:58:37.204+0700 INFO No active profile set, falling back to default profiles: default
2020-03-03T17:58:40.048+0700 DEBUG Filter 'logAndSuppressRequestRejectedExceptionFilter' configured for use
2020-03-03T17:58:40.048+0700 DEBUG Filter 'jwtRequestFilter' configured for use
2020-03-03T17:58:40.516+0700 INFO Started StartBookApplication in 3.347 seconds (JVM running for 93861.076)
2020-03-03T17:59:13.864+0700 INFO Starting BookControllerTest on OMS-PC-232 with PID 28812 (started by User in C:\Users\User\Documents\spring-boot-workspace\book-shop)
2020-03-03T17:59:13.866+0700 DEBUG Running with Spring Boot v2.2.4.RELEASE, Spring v5.2.3.RELEASE
2020-03-03T17:59:13.867+0700 INFO No active profile set, falling back to default profiles: default
2020-03-03T17:59:24.796+0700 INFO Started BookControllerTest in 11.199 seconds (JVM running for 13.159)
2020-03-03T18:02:06.170+0700 INFO Starting BookControllerTest on OMS-PC-232 with PID 18884 (started by User in C:\Users\User\Documents\spring-boot-workspace\book-shop)
2020-03-03T18:02:06.172+0700 DEBUG Running with Spring Boot v2.2.4.RELEASE, Spring v5.2.3.RELEASE
2020-03-03T18:02:06.173+0700 INFO No active profile set, falling back to default profiles: default
2020-03-03T18:02:19.651+0700 INFO Started BookControllerTest in 13.813 seconds (JVM running for 15.494)
2020-03-03T18:06:24.245+0700 INFO Starting BookControllerTest on OMS-PC-232 with PID 33432 (started by User in C:\Users\User\Documents\spring-boot-workspace\book-shop)
2020-03-03T18:06:24.248+0700 DEBUG Running with Spring Boot v2.2.4.RELEASE, Spring v5.2.3.RELEASE
2020-03-03T18:06:24.248+0700 INFO No active profile set, falling back to default profiles: default
2020-03-03T18:06:34.683+0700 INFO Started BookControllerTest in 10.721 seconds (JVM running for 12.651)
2020-03-03T18:07:25.310+0700 INFO Starting BookControllerTest on OMS-PC-232 with PID 22008 (started by User in C:\Users\User\Documents\spring-boot-workspace\book-shop)
2020-03-03T18:07:25.313+0700 DEBUG Running with Spring Boot v2.2.4.RELEASE, Spring v5.2.3.RELEASE
2020-03-03T18:07:25.314+0700 INFO No active profile set, falling back to default profiles: default
2020-03-03T18:07:35.441+0700 INFO Started BookControllerTest in 10.396 seconds (JVM running for 12.201)
2020-03-03T18:08:02.710+0700 INFO Starting BookControllerTest on OMS-PC-232 with PID 11932 (started by User in C:\Users\User\Documents\spring-boot-workspace\book-shop)
2020-03-03T18:08:02.715+0700 DEBUG Running with Spring Boot v2.2.4.RELEASE, Spring v5.2.3.RELEASE
2020-03-03T18:08:02.731+0700 INFO No active profile set, falling back to default profiles: default
2020-03-03T18:08:15.003+0700 INFO Started BookControllerTest in 12.66 seconds (JVM running for 16.014)
