2020-02-28T16:42:36.694+0700 INFO Starting StartBookApplication on OMS-PC-232 with PID 26096 (C:\Users\User\Documents\spring-boot-workspace\book-shop\target\classes started by User in C:\Users\User\Documents\spring-boot-workspace\book-shop)
2020-02-28T16:42:36.695+0700 DEBUG Running with Spring Boot v2.2.4.RELEASE, Spring v5.2.3.RELEASE
2020-02-28T16:42:36.695+0700 INFO No active profile set, falling back to default profiles: default
2020-02-28T16:42:39.160+0700 DEBUG Filter 'logAndSuppressRequestRejectedExceptionFilter' configured for use
2020-02-28T16:42:39.160+0700 DEBUG Filter 'jwtRequestFilter' configured for use
2020-02-28T16:42:39.660+0700 INFO Started StartBookApplication in 3.0 seconds (JVM running for 12702.922)
2020-02-28T16:45:51.725+0700 INFO Starting StartBookApplication on OMS-PC-232 with PID 26096 (C:\Users\User\Documents\spring-boot-workspace\book-shop\target\classes started by User in C:\Users\User\Documents\spring-boot-workspace\book-shop)
2020-02-28T16:45:51.726+0700 DEBUG Running with Spring Boot v2.2.4.RELEASE, Spring v5.2.3.RELEASE
2020-02-28T16:45:51.726+0700 INFO No active profile set, falling back to default profiles: default
2020-02-28T16:45:54.264+0700 DEBUG Filter 'logAndSuppressRequestRejectedExceptionFilter' configured for use
2020-02-28T16:45:54.264+0700 DEBUG Filter 'jwtRequestFilter' configured for use
2020-02-28T16:45:54.866+0700 INFO Started StartBookApplication in 3.18 seconds (JVM running for 12898.129)
2020-02-28T16:46:00.822+0700 INFO Starting StartBookApplication on OMS-PC-232 with PID 26096 (C:\Users\User\Documents\spring-boot-workspace\book-shop\target\classes started by User in C:\Users\User\Documents\spring-boot-workspace\book-shop)
2020-02-28T16:46:00.823+0700 DEBUG Running with Spring Boot v2.2.4.RELEASE, Spring v5.2.3.RELEASE
2020-02-28T16:46:00.823+0700 INFO No active profile set, falling back to default profiles: default
2020-02-28T16:46:03.560+0700 DEBUG Filter 'logAndSuppressRequestRejectedExceptionFilter' configured for use
2020-02-28T16:46:03.560+0700 DEBUG Filter 'jwtRequestFilter' configured for use
2020-02-28T16:46:04.087+0700 INFO Started StartBookApplication in 3.305 seconds (JVM running for 12907.349)
2020-02-28T16:47:50.070+0700 INFO Starting StartBookApplication on OMS-PC-232 with PID 26096 (C:\Users\User\Documents\spring-boot-workspace\book-shop\target\classes started by User in C:\Users\User\Documents\spring-boot-workspace\book-shop)
2020-02-28T16:47:50.071+0700 DEBUG Running with Spring Boot v2.2.4.RELEASE, Spring v5.2.3.RELEASE
2020-02-28T16:47:50.071+0700 INFO No active profile set, falling back to default profiles: default
2020-02-28T16:47:52.642+0700 DEBUG Filter 'logAndSuppressRequestRejectedExceptionFilter' configured for use
2020-02-28T16:47:52.642+0700 DEBUG Filter 'jwtRequestFilter' configured for use
2020-02-28T16:47:53.102+0700 INFO Started StartBookApplication in 3.072 seconds (JVM running for 13016.364)
2020-02-28T16:53:10.199+0700 INFO Starting StartBookApplication on OMS-PC-232 with PID 26096 (C:\Users\User\Documents\spring-boot-workspace\book-shop\target\classes started by User in C:\Users\User\Documents\spring-boot-workspace\book-shop)
2020-02-28T16:53:10.200+0700 DEBUG Running with Spring Boot v2.2.4.RELEASE, Spring v5.2.3.RELEASE
2020-02-28T16:53:10.200+0700 INFO No active profile set, falling back to default profiles: default
2020-02-28T16:53:12.786+0700 DEBUG Filter 'logAndSuppressRequestRejectedExceptionFilter' configured for use
2020-02-28T16:53:12.786+0700 DEBUG Filter 'jwtRequestFilter' configured for use
2020-02-28T16:53:13.381+0700 INFO Started StartBookApplication in 3.215 seconds (JVM running for 13336.644)
2020-02-28T16:54:14.080+0700 INFO Starting StartBookApplication on OMS-PC-232 with PID 26096 (C:\Users\User\Documents\spring-boot-workspace\book-shop\target\classes started by User in C:\Users\User\Documents\spring-boot-workspace\book-shop)
2020-02-28T16:54:14.080+0700 DEBUG Running with Spring Boot v2.2.4.RELEASE, Spring v5.2.3.RELEASE
2020-02-28T16:54:14.080+0700 INFO No active profile set, falling back to default profiles: default
2020-02-28T16:54:16.628+0700 DEBUG Filter 'logAndSuppressRequestRejectedExceptionFilter' configured for use
2020-02-28T16:54:16.629+0700 DEBUG Filter 'jwtRequestFilter' configured for use
2020-02-28T16:54:17.124+0700 INFO Started StartBookApplication in 3.078 seconds (JVM running for 13400.387)
2020-02-28T16:54:50.940+0700 INFO Starting StartBookApplication on OMS-PC-232 with PID 26096 (C:\Users\User\Documents\spring-boot-workspace\book-shop\target\classes started by User in C:\Users\User\Documents\spring-boot-workspace\book-shop)
2020-02-28T16:54:50.940+0700 DEBUG Running with Spring Boot v2.2.4.RELEASE, Spring v5.2.3.RELEASE
2020-02-28T16:54:50.941+0700 INFO No active profile set, falling back to default profiles: default
2020-02-28T16:54:53.922+0700 DEBUG Filter 'logAndSuppressRequestRejectedExceptionFilter' configured for use
2020-02-28T16:54:53.923+0700 DEBUG Filter 'jwtRequestFilter' configured for use
2020-02-28T16:54:54.637+0700 INFO Started StartBookApplication in 3.738 seconds (JVM running for 13437.899)
2020-02-28T16:56:11.792+0700 INFO Starting StartBookApplication on OMS-PC-232 with PID 26096 (C:\Users\User\Documents\spring-boot-workspace\book-shop\target\classes started by User in C:\Users\User\Documents\spring-boot-workspace\book-shop)
2020-02-28T16:56:11.793+0700 DEBUG Running with Spring Boot v2.2.4.RELEASE, Spring v5.2.3.RELEASE
2020-02-28T16:56:11.793+0700 INFO No active profile set, falling back to default profiles: default
2020-02-28T16:56:14.454+0700 DEBUG Filter 'logAndSuppressRequestRejectedExceptionFilter' configured for use
2020-02-28T16:56:14.454+0700 DEBUG Filter 'jwtRequestFilter' configured for use
2020-02-28T16:56:14.949+0700 INFO Started StartBookApplication in 3.19 seconds (JVM running for 13518.211)
2020-02-28T16:56:35.515+0700 INFO Starting StartBookApplication on OMS-PC-232 with PID 26096 (C:\Users\User\Documents\spring-boot-workspace\book-shop\target\classes started by User in C:\Users\User\Documents\spring-boot-workspace\book-shop)
2020-02-28T16:56:35.515+0700 DEBUG Running with Spring Boot v2.2.4.RELEASE, Spring v5.2.3.RELEASE
2020-02-28T16:56:35.515+0700 INFO No active profile set, falling back to default profiles: default
2020-02-28T16:56:38.221+0700 DEBUG Filter 'logAndSuppressRequestRejectedExceptionFilter' configured for use
2020-02-28T16:56:38.221+0700 DEBUG Filter 'jwtRequestFilter' configured for use
2020-02-28T16:56:38.833+0700 INFO Started StartBookApplication in 3.355 seconds (JVM running for 13542.096)
2020-02-28T16:57:11.647+0700 INFO Starting StartBookApplication on OMS-PC-232 with PID 26096 (C:\Users\User\Documents\spring-boot-workspace\book-shop\target\classes started by User in C:\Users\User\Documents\spring-boot-workspace\book-shop)
2020-02-28T16:57:11.648+0700 DEBUG Running with Spring Boot v2.2.4.RELEASE, Spring v5.2.3.RELEASE
2020-02-28T16:57:11.648+0700 INFO No active profile set, falling back to default profiles: default
2020-02-28T16:57:14.296+0700 DEBUG Filter 'logAndSuppressRequestRejectedExceptionFilter' configured for use
2020-02-28T16:57:14.296+0700 DEBUG Filter 'jwtRequestFilter' configured for use
2020-02-28T16:57:14.802+0700 INFO Started StartBookApplication in 3.188 seconds (JVM running for 13578.063)
2020-02-28T16:58:08.319+0700 INFO Starting StartBookApplication on OMS-PC-232 with PID 26096 (C:\Users\User\Documents\spring-boot-workspace\book-shop\target\classes started by User in C:\Users\User\Documents\spring-boot-workspace\book-shop)
2020-02-28T16:58:08.320+0700 DEBUG Running with Spring Boot v2.2.4.RELEASE, Spring v5.2.3.RELEASE
2020-02-28T16:58:08.320+0700 INFO No active profile set, falling back to default profiles: default
2020-02-28T16:58:10.817+0700 DEBUG Filter 'logAndSuppressRequestRejectedExceptionFilter' configured for use
2020-02-28T16:58:10.817+0700 DEBUG Filter 'jwtRequestFilter' configured for use
2020-02-28T16:58:11.384+0700 INFO Started StartBookApplication in 3.1 seconds (JVM running for 13634.646)
2020-02-28T16:58:47.213+0700 INFO Starting StartBookApplication on OMS-PC-232 with PID 26096 (C:\Users\User\Documents\spring-boot-workspace\book-shop\target\classes started by User in C:\Users\User\Documents\spring-boot-workspace\book-shop)
2020-02-28T16:58:47.213+0700 DEBUG Running with Spring Boot v2.2.4.RELEASE, Spring v5.2.3.RELEASE
2020-02-28T16:58:47.214+0700 INFO No active profile set, falling back to default profiles: default
2020-02-28T16:58:49.732+0700 DEBUG Filter 'logAndSuppressRequestRejectedExceptionFilter' configured for use
2020-02-28T16:58:49.733+0700 DEBUG Filter 'jwtRequestFilter' configured for use
2020-02-28T16:58:50.326+0700 INFO Started StartBookApplication in 3.158 seconds (JVM running for 13673.589)
2020-02-28T16:59:16.838+0700 INFO Starting StartBookApplication on OMS-PC-232 with PID 26096 (C:\Users\User\Documents\spring-boot-workspace\book-shop\target\classes started by User in C:\Users\User\Documents\spring-boot-workspace\book-shop)
2020-02-28T16:59:16.839+0700 DEBUG Running with Spring Boot v2.2.4.RELEASE, Spring v5.2.3.RELEASE
2020-02-28T16:59:16.839+0700 INFO No active profile set, falling back to default profiles: default
2020-02-28T16:59:19.675+0700 DEBUG Filter 'logAndSuppressRequestRejectedExceptionFilter' configured for use
2020-02-28T16:59:19.675+0700 DEBUG Filter 'jwtRequestFilter' configured for use
2020-02-28T16:59:20.189+0700 INFO Started StartBookApplication in 3.387 seconds (JVM running for 13703.451)
2020-02-28T16:59:30.404+0700 INFO Starting StartBookApplication on OMS-PC-232 with PID 26096 (C:\Users\User\Documents\spring-boot-workspace\book-shop\target\classes started by User in C:\Users\User\Documents\spring-boot-workspace\book-shop)
2020-02-28T16:59:30.404+0700 DEBUG Running with Spring Boot v2.2.4.RELEASE, Spring v5.2.3.RELEASE
2020-02-28T16:59:30.405+0700 INFO No active profile set, falling back to default profiles: default
2020-02-28T16:59:33.049+0700 DEBUG Filter 'logAndSuppressRequestRejectedExceptionFilter' configured for use
2020-02-28T16:59:33.050+0700 DEBUG Filter 'jwtRequestFilter' configured for use
2020-02-28T16:59:33.681+0700 INFO Started StartBookApplication in 3.329 seconds (JVM running for 13716.943)
2020-02-28T16:59:57.298+0700 INFO Starting StartBookApplication on OMS-PC-232 with PID 26096 (C:\Users\User\Documents\spring-boot-workspace\book-shop\target\classes started by User in C:\Users\User\Documents\spring-boot-workspace\book-shop)
2020-02-28T16:59:57.299+0700 DEBUG Running with Spring Boot v2.2.4.RELEASE, Spring v5.2.3.RELEASE
2020-02-28T16:59:57.299+0700 INFO No active profile set, falling back to default profiles: default
2020-02-28T16:59:59.941+0700 DEBUG Filter 'logAndSuppressRequestRejectedExceptionFilter' configured for use
2020-02-28T16:59:59.941+0700 DEBUG Filter 'jwtRequestFilter' configured for use
2020-02-28T17:00:00.437+0700 INFO Started StartBookApplication in 3.174 seconds (JVM running for 13743.699)
2020-03-02T08:28:42.896+0700 WARN JWT Token does not begin with Bearer String
2020-03-02T08:28:43.065+0700 WARN JWT Token does not begin with Bearer String
